<?xml version="1.0" encoding="UTF-8" ?>
<testsuite errors="1" failures="0" hostname="Eugenio" name="miEjB.BookFacadeTest" tests="0" time="49.102" timestamp="2013-07-29T20:04:50">
  <properties>
[...]
</properties>
  <testcase classname="junit.framework.TestSuite" name="miEjB.BookFacadeTest" time="0.001">
    <error message="Failed to deploy EJB modules - see log for details" type="javax.ejb.EJBException">javax.ejb.EJBException: Failed to deploy EJB modules - see log for details
	at org.glassfish.ejb.embedded.EJBContainerImpl.deploy(EJBContainerImpl.java:149)
	at org.glassfish.ejb.embedded.EJBContainerProviderImpl.createEJBContainer(EJBContainerProviderImpl.java:134)
	at javax.ejb.embeddable.EJBContainer.createEJBContainer(EJBContainer.java:127)
	at miEjB.BookFacadeTest.setUpClass(BookFacadeTest.java:46)
</error>
  </testcase>
  <system-out><![CDATA[Found populator: org.glassfish.kernel.embedded.EmbeddedDomainXml
JdbcRuntimeExtension,  getAllSystemRAResourcesAndPools = [GlassFishConfigBean.org.glassfish.jdbc.config.JdbcResource, GlassFishConfigBean.org.glassfish.jdbc.config.JdbcResource, GlassFishConfigBean.org.glassfish.jdbc.config.JdbcConnectionPool, GlassFishConfigBean.org.glassfish.jdbc.config.JdbcConnectionPool]
JdbcRuntimeExtension,  getAllSystemRAResourcesAndPools = [GlassFishConfigBean.org.glassfish.jdbc.config.JdbcResource, GlassFishConfigBean.org.glassfish.jdbc.config.JdbcResource, GlassFishConfigBean.org.glassfish.jdbc.config.JdbcConnectionPool, GlassFishConfigBean.org.glassfish.jdbc.config.JdbcConnectionPool]
JdbcRuntimeExtension,  getAllSystemRAResourcesAndPools = [GlassFishConfigBean.org.glassfish.jdbc.config.JdbcResource, GlassFishConfigBean.org.glassfish.jdbc.config.JdbcResource, GlassFishConfigBean.org.glassfish.jdbc.config.JdbcConnectionPool, GlassFishConfigBean.org.glassfish.jdbc.config.JdbcConnectionPool]
]]></system-out>
  <system-err><![CDATA[jul 29, 2013 10:04:50 PM org.glassfish.ejb.embedded.EJBContainerProviderImpl createContainer
INFO: [EJBContainerProviderImpl] Using installation location C:\Program Files\Glassfish\glassfish
jul 29, 2013 10:04:50 PM org.glassfish.ejb.embedded.EJBContainerProviderImpl createContainer
INFO: [EJBContainerProviderImpl] Using config file location: file:/C:/Users/Eugenio/AppData/Local/Temp/domain7249175112635545206xml
jul 29, 2013 10:04:51 PM org.glassfish.ejb.embedded.EJBContainerProviderImpl createContainer
INFO: [EJBContainerProviderImpl] Using runtime class: class com.sun.enterprise.glassfish.bootstrap.StaticGlassFishRuntime
jul 29, 2013 10:05:10 PM org.hibernate.validator.internal.util.Version <clinit>
INFO: HV000001: Hibernate Validator 5.0.0.Final
jul 29, 2013 10:05:11 PM com.sun.enterprise.security.auth.realm.Realm doInstantiate
INFO: realm.loaded.successfully
jul 29, 2013 10:05:11 PM com.sun.enterprise.security.auth.realm.Realm doInstantiate
INFO: realm.loaded.successfully
jul 29, 2013 10:05:11 PM com.sun.enterprise.security.auth.realm.Realm doInstantiate
INFO: realm.loaded.successfully
jul 29, 2013 10:05:12 PM org.glassfish.ha.store.spi.BackingStoreFactoryRegistry register
INFO: Registered org.glassfish.ha.store.adapter.cache.ShoalBackingStoreProxy for persistence-type = replicated in BackingStoreFactoryRegistry
jul 29, 2013 10:05:12 PM com.sun.enterprise.v3.server.AppServerStartup postStartupJob
INFO: GlassFish Server Open Source Edition  4.0  (89) startup time : Embedded (19.222ms), startup services(2.036ms), total(21.258ms)
jul 29, 2013 10:05:12 PM org.glassfish.security.services.impl.authorization.AuthorizationServiceImpl initialize
INFO: Authorization Service has successfully initialized.
jul 29, 2013 10:05:12 PM org.glassfish.admin.mbeanserver.JMXStartupService$JMXConnectorsStarterThread run
INFO: JMXStartupService has disabled JMXConnector system
jul 29, 2013 10:05:13 PM org.glassfish.jersey.server.ApplicationHandler initialize
INFO: Initiating Jersey application, version Jersey: 2.0 2013-05-03 14:50:15...
jul 29, 2013 10:05:13 PM com.sun.enterprise.v3.services.impl.GrizzlyProxy start
INFO: Grizzly Framework 2.3.1 started in: 33ms - bound to [/0.0.0.0:7.676]
jul 29, 2013 10:05:15 PM org.glassfish.admin.mbeanserver.JMXStartupService shutdown
INFO: JMXStartupService and JMXConnectors have been shut down.
jul 29, 2013 10:05:15 PM com.sun.enterprise.v3.server.AppServerStartup stop
INFO: Shutdown procedure finished
jul 29, 2013 10:05:15 PM org.glassfish.ha.store.spi.BackingStoreFactoryRegistry register
INFO: Registered org.glassfish.ha.store.adapter.cache.ShoalBackingStoreProxy for persistence-type = replicated in BackingStoreFactoryRegistry
jul 29, 2013 10:05:15 PM com.sun.enterprise.v3.server.AppServerStartup postStartupJob
INFO: GlassFish Server Open Source Edition  4.0  (89) startup time : Embedded (24.423ms), startup services(35ms), total(24.458ms)
jul 29, 2013 10:05:15 PM org.glassfish.jersey.server.ApplicationHandler initialize
INFO: Initiating Jersey application, version Jersey: 2.0 2013-05-03 14:50:15...
jul 29, 2013 10:05:15 PM org.glassfish.admin.mbeanserver.JMXStartupService$JMXConnectorsStarterThread run
INFO: JMXStartupService has disabled JMXConnector system
jul 29, 2013 10:05:15 PM org.glassfish.ejb.embedded.EJBContainerImpl deploy
INFO: [EJBContainerImpl] Deploying app: build\classes
jul 29, 2013 10:05:15 PM org.glassfish.ejb.embedded.EJBContainerImpl deploy
INFO: [EJBContainerImpl] GlassFish status: STARTED
jul 29, 2013 10:05:15 PM org.glassfish.ejb.embedded.EJBContainerImpl deploy
INFO: [EJBContainerImpl] Deploying as a File
jul 29, 2013 10:05:16 PM com.sun.enterprise.security.SecurityLifecycle <init>
INFO: security.secmgroff
jul 29, 2013 10:05:16 PM com.sun.enterprise.security.SecurityLifecycle onInitialization
INFO: sec.service.startup.enter
jul 29, 2013 10:05:16 PM com.sun.enterprise.security.PolicyLoader loadPolicy
INFO: policy.loading
jul 29, 2013 10:05:16 PM com.sun.enterprise.security.SecurityLifecycle onInitialization
INFO: sec.service.startup.exit
jul 29, 2013 10:05:19 PM org.eclipse.persistence.session.file:/C:/Users/Eugenio/Documents/NetBeansProjects/miEJB/build/classes/_miEJBPU
INFO: EclipseLink, version: Eclipse Persistence Services - 2.5.0.v20130507-3faac2b
jul 29, 2013 10:05:21 PM org.eclipse.persistence.session.file:/C:/Users/Eugenio/Documents/NetBeansProjects/miEJB/build/classes/_miEJBPU.connection
INFO: file:/C:/Users/Eugenio/Documents/NetBeansProjects/miEJB/build/classes/_miEJBPU login successful
jul 29, 2013 10:05:21 PM org.eclipse.persistence.session.file:/C:/Users/Eugenio/Documents/NetBeansProjects/miEJB/build/classes/_miEJBPU.server
WARNING: Failed to find MBean Server: null or empty List returned from MBeanServerFactory.findMBeanServer(null)
jul 29, 2013 10:05:22 PM org.glassfish.persistence.common.Java2DBProcessorHelper executeDDLs
WARNING: PER01000: Got SQLException executing statement "CREATE TABLE BOOK (ID BIGINT NOT NULL, DESCRIPTION VARCHAR(2000), ILLUSTRATIONS SMALLINT DEFAULT 0, ISBN VARCHAR(255), NBOFPAGE INTEGER, PRICE FLOAT, TITLE VARCHAR(255) NOT NULL, PRIMARY KEY (ID))": java.sql.SQLException: Table/View 'BOOK' already exists in Schema 'APP'.
jul 29, 2013 10:05:22 PM org.glassfish.persistence.common.Java2DBProcessorHelper executeDDLs
WARNING: PER01000: Got SQLException executing statement "CREATE TABLE INCIDENCIAS (ID INTEGER NOT NULL, CREACION DATE, DESCRIPCION VARCHAR(255), ESTADO CHAR(1), TITULO VARCHAR(255), TS TIMESTAMP, PRIMARY KEY (ID))": java.sql.SQLException: Table/View 'INCIDENCIAS' already exists in Schema 'APP'.
jul 29, 2013 10:05:22 PM org.glassfish.persistence.common.Java2DBProcessorHelper executeDDLs
WARNING: PER01000: Got SQLException executing statement "CREATE TABLE SEQUENCE (SEQ_NAME VARCHAR(50) NOT NULL, SEQ_COUNT DECIMAL(15), PRIMARY KEY (SEQ_NAME))": java.sql.SQLException: Table/View 'SEQUENCE' already exists in Schema 'APP'.
jul 29, 2013 10:05:22 PM org.glassfish.persistence.common.Java2DBProcessorHelper executeDDLs
WARNING: PER01000: Got SQLException executing statement "INSERT INTO SEQUENCE(SEQ_NAME, SEQ_COUNT) values ('SEQ_GEN', 0)": java.sql.SQLIntegrityConstraintViolationException: The statement was aborted because it would have caused a duplicate key value in a unique or primary key constraint or unique index identified by 'SQL130724021029350' defined on 'SEQUENCE'.
jul 29, 2013 10:05:26 PM com.sun.jts.CosTransactions.DefaultTransactionService setServerName
INFO: jts.startup_msg
jul 29, 2013 10:05:35 PM org.glassfish.enterprise.iiop.impl.CSIv2SSLTaggedComponentHandlerImpl extract
WARNING: Exception getting SocketInfo
java.lang.RuntimeException: Orb initialization erorr
	at org.glassfish.enterprise.iiop.api.GlassFishORBHelper.getORB(GlassFishORBHelper.java:191)
	at com.sun.enterprise.iiop.security.SecurityMechanismSelector.getCtc(SecurityMechanismSelector.java:338)
	at com.sun.enterprise.iiop.security.SecurityMechanismSelector.selectSecurityMechanism(SecurityMechanismSelector.java:990)
	at com.sun.enterprise.iiop.security.SecurityMechanismSelector.getSSLPorts(SecurityMechanismSelector.java:348)
	at com.sun.enterprise.iiop.security.SecurityMechanismSelector.getSSLSocketInfo(SecurityMechanismSelector.java:542)
	at com.sun.enterprise.iiop.security.IIOPSSLUtilImpl.getSSLPortsAsSocketInfo(IIOPSSLUtilImpl.java:143)
	at org.glassfish.enterprise.iiop.impl.CSIv2SSLTaggedComponentHandlerImpl.extract(CSIv2SSLTaggedComponentHandlerImpl.java:152)
	at com.sun.corba.ee.impl.folb.ClientGroupManager.getSocketInfo(ClientGroupManager.java:205)
	at com.sun.corba.ee.impl.transport.ContactInfoListImpl.addRemoteContactInfos(ContactInfoListImpl.java:401)
	at com.sun.corba.ee.impl.transport.ContactInfoListImpl.createContactInfoList(ContactInfoListImpl.java:376)
	at com.sun.corba.ee.impl.transport.ContactInfoListImpl.iterator(ContactInfoListImpl.java:188)
	at com.sun.corba.ee.impl.protocol.ClientDelegateImpl.request(ClientDelegateImpl.java:196)
	at com.sun.corba.ee.impl.resolver.BootstrapResolverImpl.invoke(BootstrapResolverImpl.java:112)
	at com.sun.corba.ee.impl.resolver.BootstrapResolverImpl.resolve(BootstrapResolverImpl.java:145)
	at com.sun.corba.ee.impl.resolver.CompositeResolverImpl.resolve(CompositeResolverImpl.java:61)
	at com.sun.corba.ee.impl.resolver.CompositeResolverImpl.resolve(CompositeResolverImpl.java:61)
	at com.sun.corba.ee.impl.resolver.CompositeResolverImpl.resolve(CompositeResolverImpl.java:61)
	at com.sun.corba.ee.impl.orb.ORBImpl.resolve_initial_references(ORBImpl.java:1259)
	at com.sun.jts.CosTransactions.DefaultTransactionService.createPOAs(DefaultTransactionService.java:388)
	at com.sun.jts.CosTransactions.DefaultTransactionService.identify_ORB(DefaultTransactionService.java:202)
	at com.sun.enterprise.transaction.jts.iiop.TransactionIIOPInterceptorFactory.createInterceptor(TransactionIIOPInterceptorFactory.java:145)
	at com.sun.enterprise.transaction.jts.iiop.TransactionIIOPInterceptorFactory.createClientRequestInterceptor(TransactionIIOPInterceptorFactory.java:97)
	at org.glassfish.enterprise.iiop.impl.GlassFishORBInitializer.post_init(GlassFishORBInitializer.java:132)
	at com.sun.corba.ee.impl.interceptors.PIHandlerImpl.postInitORBInitializers(PIHandlerImpl.java:917)
	at com.sun.corba.ee.impl.interceptors.PIHandlerImpl.initialize(PIHandlerImpl.java:267)
	at com.sun.corba.ee.impl.orb.ORBImpl.postInit(ORBImpl.java:636)
	at com.sun.corba.ee.impl.orb.ORBImpl.set_parameters(ORBImpl.java:697)
	at com.sun.corba.ee.impl.orb.ORBImpl.setParameters(ORBImpl.java:684)
	at com.sun.corba.ee.spi.osgi.ORBFactory.initialize(ORBFactory.java:107)
	at org.glassfish.enterprise.iiop.impl.GlassFishORBManager.initORB(GlassFishORBManager.java:585)
	at org.glassfish.enterprise.iiop.impl.GlassFishORBManager.getORB(GlassFishORBManager.java:264)
	at org.glassfish.enterprise.iiop.impl.GlassFishORBFactoryImpl.createORB(GlassFishORBFactoryImpl.java:93)
	at org.glassfish.enterprise.iiop.api.GlassFishORBHelper.getORB(GlassFishORBHelper.java:163)
	at org.glassfish.enterprise.iiop.api.GlassFishORBHelper.getProtocolManager(GlassFishORBHelper.java:231)
	at com.sun.ejb.containers.BaseContainer.initializeProtocolManager(BaseContainer.java:830)
	at com.sun.ejb.containers.BaseContainer.<init>(BaseContainer.java:590)
	at com.sun.ejb.containers.StatelessSessionContainer.<init>(StatelessSessionContainer.java:143)
	at com.sun.ejb.containers.StatelessSessionContainer.<init>(StatelessSessionContainer.java:137)
	at com.sun.ejb.containers.StatelessContainerFactory.createContainer(StatelessContainerFactory.java:61)
	at org.glassfish.ejb.startup.EjbApplication.loadContainers(EjbApplication.java:221)
	at org.glassfish.ejb.startup.EjbDeployer.load(EjbDeployer.java:291)
	at org.glassfish.ejb.startup.EjbDeployer.load(EjbDeployer.java:99)
	at org.glassfish.internal.data.ModuleInfo.load(ModuleInfo.java:206)
	at org.glassfish.internal.data.ApplicationInfo.load(ApplicationInfo.java:313)
	at com.sun.enterprise.v3.server.ApplicationLifecycle.deploy(ApplicationLifecycle.java:493)
	at com.sun.enterprise.v3.server.ApplicationLifecycle.deploy(ApplicationLifecycle.java:219)
	at org.glassfish.deployment.admin.DeployCommand.execute(DeployCommand.java:491)
	at com.sun.enterprise.v3.admin.CommandRunnerImpl$2$1.run(CommandRunnerImpl.java:527)
	at com.sun.enterprise.v3.admin.CommandRunnerImpl$2$1.run(CommandRunnerImpl.java:523)
	at java.security.AccessController.doPrivileged(Native Method)
	at javax.security.auth.Subject.doAs(Subject.java:356)
	at com.sun.enterprise.v3.admin.CommandRunnerImpl$2.execute(CommandRunnerImpl.java:522)
	at com.sun.enterprise.v3.admin.CommandRunnerImpl.doCommand(CommandRunnerImpl.java:546)
	at com.sun.enterprise.v3.admin.CommandRunnerImpl.doCommand(CommandRunnerImpl.java:1423)
	at com.sun.enterprise.v3.admin.CommandRunnerImpl.access$1500(CommandRunnerImpl.java:108)
	at com.sun.enterprise.v3.admin.CommandRunnerImpl$ExecutionContext.execute(CommandRunnerImpl.java:1762)
	at com.sun.enterprise.v3.admin.CommandRunnerImpl$ExecutionContext.execute(CommandRunnerImpl.java:1674)
	at com.sun.enterprise.admin.cli.embeddable.DeployerImpl.deploy(DeployerImpl.java:133)
	at org.glassfish.ejb.embedded.EJBContainerImpl.deploy(EJBContainerImpl.java:141)
	at org.glassfish.ejb.embedded.EJBContainerProviderImpl.createEJBContainer(EJBContainerProviderImpl.java:134)
	at javax.ejb.embeddable.EJBContainer.createEJBContainer(EJBContainer.java:127)
	at miEjB.BookFacadeTest.setUpClass(BookFacadeTest.java:46)
	at sun.reflect.NativeMethodAccessorImpl.invoke0(Native Method)
	at sun.reflect.NativeMethodAccessorImpl.invoke(NativeMethodAccessorImpl.java:57)
	at sun.reflect.DelegatingMethodAccessorImpl.invoke(DelegatingMethodAccessorImpl.java:43)
	at java.lang.reflect.Method.invoke(Method.java:601)
	at org.junit.runners.model.FrameworkMethod$1.runReflectiveCall(FrameworkMethod.java:45)
	at org.junit.internal.runners.model.ReflectiveCallable.run(ReflectiveCallable.java:15)
	at org.junit.runners.model.FrameworkMethod.invokeExplosively(FrameworkMethod.java:42)
	at org.junit.internal.runners.statements.RunBefores.evaluate(RunBefores.java:27)
	at org.junit.internal.runners.statements.RunAfters.evaluate(RunAfters.java:30)
	at org.junit.runners.ParentRunner.run(ParentRunner.java:300)
	at junit.framework.JUnit4TestAdapter.run(JUnit4TestAdapter.java:39)
	at org.apache.tools.ant.taskdefs.optional.junit.JUnitTestRunner.run(JUnitTestRunner.java:520)
	at org.apache.tools.ant.taskdefs.optional.junit.JUnitTestRunner.launch(JUnitTestRunner.java:1060)
	at org.apache.tools.ant.taskdefs.optional.junit.JUnitTestRunner.main(JUnitTestRunner.java:911)
Caused by: javax.naming.CommunicationException: Cannot connect to ORB [Root exception is org.omg.CORBA.COMM_FAILURE: SEVERE: 00410016: Unable to create IIOP listener on the specified host all interfaces and port 3.700  vmcid: OMG  minor code: 16  completed: No]
	at com.sun.jndi.cosnaming.CNCtx.setOrbAndRootContext(CNCtx.java:400)
	at com.sun.jndi.cosnaming.CNCtx.initOrbAndRootContext(CNCtx.java:274)
	at com.sun.jndi.cosnaming.CNCtx.<init>(CNCtx.java:105)
	at com.sun.jndi.cosnaming.CNCtxFactory.getInitialContext(CNCtxFactory.java:49)
	at javax.naming.spi.NamingManager.getInitialContext(NamingManager.java:684)
	at javax.naming.InitialContext.getDefaultInitCtx(InitialContext.java:307)
	at javax.naming.InitialContext.init(InitialContext.java:242)
	at javax.naming.InitialContext.<init>(InitialContext.java:216)
	at com.sun.enterprise.naming.impl.GlassfishNamingManagerImpl.initializeRemoteNamingSupport(GlassfishNamingManagerImpl.java:166)
	at org.glassfish.enterprise.iiop.api.GlassFishORBHelper.getORB(GlassFishORBHelper.java:182)
	... 75 more
Caused by: org.omg.CORBA.COMM_FAILURE: SEVERE: 00410016: Unable to create IIOP listener on the specified host all interfaces and port 3.700  vmcid: OMG  minor code: 16  completed: No
	at $Proxy183.createListenerFailed(Unknown Source)
	at com.sun.corba.ee.impl.transport.AcceptorImpl.initialize(AcceptorImpl.java:98)
	at com.sun.corba.ee.impl.transport.TransportManagerImpl.getAcceptors(TransportManagerImpl.java:232)
	at com.sun.corba.ee.impl.legacy.connection.LegacyServerSocketManagerImpl.getAcceptorIterator(LegacyServerSocketManagerImpl.java:163)
	at com.sun.corba.ee.impl.legacy.connection.LegacyServerSocketManagerImpl.legacyIsLocalServerPort(LegacyServerSocketManagerImpl.java:130)
	at com.sun.corba.ee.impl.ior.iiop.IIOPProfileImpl.isLocal(IIOPProfileImpl.java:341)
	at com.sun.corba.ee.impl.transport.ContactInfoListImpl.setLocalSubcontract(ContactInfoListImpl.java:444)
	at com.sun.corba.ee.impl.transport.ContactInfoListImpl.setEffectiveTargetIOR(ContactInfoListImpl.java:277)
	at com.sun.corba.ee.impl.transport.ContactInfoListImpl.setTargetIOR(ContactInfoListImpl.java:219)
	at com.sun.corba.ee.impl.transport.ContactInfoListImpl.<init>(ContactInfoListImpl.java:183)
	at com.sun.corba.ee.spi.transport.TransportDefault$1.create(TransportDefault.java:70)
	at com.sun.corba.ee.impl.misc.ORBUtility.makeClientDelegate(ORBUtility.java:803)
	at com.sun.corba.ee.impl.misc.ORBUtility.makeObjectReference(ORBUtility.java:812)
	at com.sun.corba.ee.impl.resolver.INSURLOperationImpl.getIORUsingCorbaloc(INSURLOperationImpl.java:312)
	at com.sun.corba.ee.impl.resolver.INSURLOperationImpl.resolveCorbaloc(INSURLOperationImpl.java:183)
	at com.sun.corba.ee.impl.resolver.INSURLOperationImpl.resolveINSURL(INSURLOperationImpl.java:155)
	at com.sun.corba.ee.impl.resolver.INSURLOperationImpl.operate(INSURLOperationImpl.java:144)
	at com.sun.corba.ee.impl.resolver.ORBInitRefResolverImpl.resolve(ORBInitRefResolverImpl.java:69)
	at com.sun.corba.ee.impl.resolver.CompositeResolverImpl.resolve(CompositeResolverImpl.java:59)
	at com.sun.corba.ee.impl.resolver.CompositeResolverImpl.resolve(CompositeResolverImpl.java:61)
	at com.sun.corba.ee.impl.orb.ORBImpl.resolve_initial_references(ORBImpl.java:1259)
	at com.sun.jndi.cosnaming.CNCtx.setOrbAndRootContext(CNCtx.java:378)
	... 84 more
Caused by: java.net.BindException: Address already in use: bind
	at sun.nio.ch.Net.bind0(Native Method)
	at sun.nio.ch.Net.bind(Net.java:344)
	at sun.nio.ch.Net.bind(Net.java:336)
	at sun.nio.ch.ServerSocketChannelImpl.bind(ServerSocketChannelImpl.java:199)
	at sun.nio.ch.ServerSocketAdaptor.bind(ServerSocketAdaptor.java:74)
	at sun.nio.ch.ServerSocketAdaptor.bind(ServerSocketAdaptor.java:67)
	at org.glassfish.enterprise.iiop.impl.IIOPSSLSocketFactory.createServerSocket(IIOPSSLSocketFactory.java:297)
	at com.sun.corba.ee.impl.transport.AcceptorImpl.initialize(AcceptorImpl.java:91)
	... 104 more

jul 29, 2013 10:05:37 PM com.sun.jts.CosTransactions.DefaultTransactionService identify_ORB
WARNING: jts.unexpected_error_when_creating_poa
org.omg.CORBA.OBJ_ADAPTER: WARNING: 02310002: Error in connecting servant to ORB  vmcid: OMG  minor code: 2  completed: No
	at $Proxy183.orbConnectError(Unknown Source)
	at com.sun.corba.ee.impl.orb.ORBImpl.connect(ORBImpl.java:1692)
	at com.sun.corba.ee.spi.presentation.rmi.StubAdapter.connect(StubAdapter.java:216)
	at com.sun.corba.ee.impl.orb.ORBImpl.getIOR(ORBImpl.java:2082)
	at com.sun.corba.ee.impl.orb.ORBImpl.getFVDCodeBaseIOR(ORBImpl.java:981)
	at com.sun.corba.ee.impl.protocol.ClientRequestDispatcherImpl.addServiceContexts(ClientRequestDispatcherImpl.java:822)
	at com.sun.corba.ee.impl.protocol.ClientRequestDispatcherImpl.beginRequest(ClientRequestDispatcherImpl.java:293)
	at com.sun.corba.ee.impl.protocol.ClientDelegateImpl.request(ClientDelegateImpl.java:227)
	at com.sun.corba.ee.impl.resolver.BootstrapResolverImpl.invoke(BootstrapResolverImpl.java:112)
	at com.sun.corba.ee.impl.resolver.BootstrapResolverImpl.resolve(BootstrapResolverImpl.java:145)
	at com.sun.corba.ee.impl.resolver.CompositeResolverImpl.resolve(CompositeResolverImpl.java:61)
	at com.sun.corba.ee.impl.resolver.CompositeResolverImpl.resolve(CompositeResolverImpl.java:61)
	at com.sun.corba.ee.impl.resolver.CompositeResolverImpl.resolve(CompositeResolverImpl.java:61)
	at com.sun.corba.ee.impl.orb.ORBImpl.resolve_initial_references(ORBImpl.java:1259)
	at com.sun.jts.CosTransactions.DefaultTransactionService.createPOAs(DefaultTransactionService.java:388)
	at com.sun.jts.CosTransactions.DefaultTransactionService.identify_ORB(DefaultTransactionService.java:202)
	at com.sun.enterprise.transaction.jts.iiop.TransactionIIOPInterceptorFactory.createInterceptor(TransactionIIOPInterceptorFactory.java:145)
	at com.sun.enterprise.transaction.jts.iiop.TransactionIIOPInterceptorFactory.createClientRequestInterceptor(TransactionIIOPInterceptorFactory.java:97)
	at org.glassfish.enterprise.iiop.impl.GlassFishORBInitializer.post_init(GlassFishORBInitializer.java:132)
	at com.sun.corba.ee.impl.interceptors.PIHandlerImpl.postInitORBInitializers(PIHandlerImpl.java:917)
	at com.sun.corba.ee.impl.interceptors.PIHandlerImpl.initialize(PIHandlerImpl.java:267)
	at com.sun.corba.ee.impl.orb.ORBImpl.postInit(ORBImpl.java:636)
	at com.sun.corba.ee.impl.orb.ORBImpl.set_parameters(ORBImpl.java:697)
	at com.sun.corba.ee.impl.orb.ORBImpl.setParameters(ORBImpl.java:684)
	at com.sun.corba.ee.spi.osgi.ORBFactory.initialize(ORBFactory.java:107)
	at org.glassfish.enterprise.iiop.impl.GlassFishORBManager.initORB(GlassFishORBManager.java:585)
	at org.glassfish.enterprise.iiop.impl.GlassFishORBManager.getORB(GlassFishORBManager.java:264)
	at org.glassfish.enterprise.iiop.impl.GlassFishORBFactoryImpl.createORB(GlassFishORBFactoryImpl.java:93)
	at org.glassfish.enterprise.iiop.api.GlassFishORBHelper.getORB(GlassFishORBHelper.java:163)
	at org.glassfish.enterprise.iiop.api.GlassFishORBHelper.getProtocolManager(GlassFishORBHelper.java:231)
	at com.sun.ejb.containers.BaseContainer.initializeProtocolManager(BaseContainer.java:830)
	at com.sun.ejb.containers.BaseContainer.<init>(BaseContainer.java:590)
	at com.sun.ejb.containers.StatelessSessionContainer.<init>(StatelessSessionContainer.java:143)
	at com.sun.ejb.containers.StatelessSessionContainer.<init>(StatelessSessionContainer.java:137)
	at com.sun.ejb.containers.StatelessContainerFactory.createContainer(StatelessContainerFactory.java:61)
	at org.glassfish.ejb.startup.EjbApplication.loadContainers(EjbApplication.java:221)
	at org.glassfish.ejb.startup.EjbDeployer.load(EjbDeployer.java:291)
	at org.glassfish.ejb.startup.EjbDeployer.load(EjbDeployer.java:99)
	at org.glassfish.internal.data.ModuleInfo.load(ModuleInfo.java:206)
	at org.glassfish.internal.data.ApplicationInfo.load(ApplicationInfo.java:313)
	at com.sun.enterprise.v3.server.ApplicationLifecycle.deploy(ApplicationLifecycle.java:493)
	at com.sun.enterprise.v3.server.ApplicationLifecycle.deploy(ApplicationLifecycle.java:219)
	at org.glassfish.deployment.admin.DeployCommand.execute(DeployCommand.java:491)
	at com.sun.enterprise.v3.admin.CommandRunnerImpl$2$1.run(CommandRunnerImpl.java:527)
	at com.sun.enterprise.v3.admin.CommandRunnerImpl$2$1.run(CommandRunnerImpl.java:523)
	at java.security.AccessController.doPrivileged(Native Method)
	at javax.security.auth.Subject.doAs(Subject.java:356)
	at com.sun.enterprise.v3.admin.CommandRunnerImpl$2.execute(CommandRunnerImpl.java:522)
	at com.sun.enterprise.v3.admin.CommandRunnerImpl.doCommand(CommandRunnerImpl.java:546)
	at com.sun.enterprise.v3.admin.CommandRunnerImpl.doCommand(CommandRunnerImpl.java:1423)
	at com.sun.enterprise.v3.admin.CommandRunnerImpl.access$1500(CommandRunnerImpl.java:108)
	at com.sun.enterprise.v3.admin.CommandRunnerImpl$ExecutionContext.execute(CommandRunnerImpl.java:1762)
	at com.sun.enterprise.v3.admin.CommandRunnerImpl$ExecutionContext.execute(CommandRunnerImpl.java:1674)
	at com.sun.enterprise.admin.cli.embeddable.DeployerImpl.deploy(DeployerImpl.java:133)
	at org.glassfish.ejb.embedded.EJBContainerImpl.deploy(EJBContainerImpl.java:141)
	at org.glassfish.ejb.embedded.EJBContainerProviderImpl.createEJBContainer(EJBContainerProviderImpl.java:134)
	at javax.ejb.embeddable.EJBContainer.createEJBContainer(EJBContainer.java:127)
	at miEjB.BookFacadeTest.setUpClass(BookFacadeTest.java:46)
	at sun.reflect.NativeMethodAccessorImpl.invoke0(Native Method)
	at sun.reflect.NativeMethodAccessorImpl.invoke(NativeMethodAccessorImpl.java:57)
	at sun.reflect.DelegatingMethodAccessorImpl.invoke(DelegatingMethodAccessorImpl.java:43)
	at java.lang.reflect.Method.invoke(Method.java:601)
	at org.junit.runners.model.FrameworkMethod$1.runReflectiveCall(FrameworkMethod.java:45)
	at org.junit.internal.runners.model.ReflectiveCallable.run(ReflectiveCallable.java:15)
	at org.junit.runners.model.FrameworkMethod.invokeExplosively(FrameworkMethod.java:42)
	at org.junit.internal.runners.statements.RunBefores.evaluate(RunBefores.java:27)
	at org.junit.internal.runners.statements.RunAfters.evaluate(RunAfters.java:30)
	at org.junit.runners.ParentRunner.run(ParentRunner.java:300)
	at junit.framework.JUnit4TestAdapter.run(JUnit4TestAdapter.java:39)
	at org.apache.tools.ant.taskdefs.optional.junit.JUnitTestRunner.run(JUnitTestRunner.java:520)
	at org.apache.tools.ant.taskdefs.optional.junit.JUnitTestRunner.launch(JUnitTestRunner.java:1060)
	at org.apache.tools.ant.taskdefs.optional.junit.JUnitTestRunner.main(JUnitTestRunner.java:911)
Caused by: org.omg.CORBA.COMM_FAILURE: SEVERE: 00410016: Unable to create IIOP listener on the specified host all interfaces and port 3.700  vmcid: OMG  minor code: 16  completed: No
	at $Proxy183.createListenerFailed(Unknown Source)
	at com.sun.corba.ee.impl.transport.AcceptorImpl.initialize(AcceptorImpl.java:98)
	at com.sun.corba.ee.impl.transport.TransportManagerImpl.getAcceptors(TransportManagerImpl.java:232)
	at com.sun.corba.ee.impl.transport.TransportManagerImpl.addToIORTemplate(TransportManagerImpl.java:251)
	at com.sun.corba.ee.spi.oa.ObjectAdapterBase.initializeTemplate(ObjectAdapterBase.java:103)
	at com.sun.corba.ee.impl.oa.toa.TOAImpl.<init>(TOAImpl.java:133)
	at com.sun.corba.ee.impl.oa.toa.TOAFactory.getTOA(TOAFactory.java:118)
	at com.sun.corba.ee.impl.orb.ORBImpl.connect(ORBImpl.java:1690)
	... 70 more
Caused by: java.net.BindException: Address already in use: bind
	at sun.nio.ch.Net.bind0(Native Method)
	at sun.nio.ch.Net.bind(Net.java:344)
	at sun.nio.ch.Net.bind(Net.java:336)
	at sun.nio.ch.ServerSocketChannelImpl.bind(ServerSocketChannelImpl.java:199)
	at sun.nio.ch.ServerSocketAdaptor.bind(ServerSocketAdaptor.java:74)
	at sun.nio.ch.ServerSocketAdaptor.bind(ServerSocketAdaptor.java:67)
	at org.glassfish.enterprise.iiop.impl.IIOPSSLSocketFactory.createServerSocket(IIOPSSLSocketFactory.java:297)
	at com.sun.corba.ee.impl.transport.AcceptorImpl.initialize(AcceptorImpl.java:91)
	... 76 more

jul 29, 2013 10:05:38 PM org.glassfish.enterprise.iiop.impl.GlassFishORBManager initORB
SEVERE: enterprise_util.excep_in_createorb
org.omg.CORBA.OBJ_ADAPTER: WARNING: 02310002: Error in connecting servant to ORB  vmcid: OMG  minor code: 2  completed: No
	at $Proxy183.orbConnectError(Unknown Source)
	at com.sun.corba.ee.impl.orb.ORBImpl.connect(ORBImpl.java:1692)
	at com.sun.corba.ee.spi.presentation.rmi.StubAdapter.connect(StubAdapter.java:216)
	at com.sun.corba.ee.impl.orb.ORBImpl.getIOR(ORBImpl.java:2082)
	at com.sun.corba.ee.impl.orb.ORBImpl.getFVDCodeBaseIOR(ORBImpl.java:981)
	at com.sun.corba.ee.impl.protocol.ClientRequestDispatcherImpl.addServiceContexts(ClientRequestDispatcherImpl.java:822)
	at com.sun.corba.ee.impl.protocol.ClientRequestDispatcherImpl.beginRequest(ClientRequestDispatcherImpl.java:293)
	at com.sun.corba.ee.impl.protocol.ClientDelegateImpl.request(ClientDelegateImpl.java:227)
	at com.sun.corba.ee.impl.resolver.BootstrapResolverImpl.invoke(BootstrapResolverImpl.java:112)
	at com.sun.corba.ee.impl.resolver.BootstrapResolverImpl.resolve(BootstrapResolverImpl.java:145)
	at com.sun.corba.ee.impl.resolver.CompositeResolverImpl.resolve(CompositeResolverImpl.java:61)
	at com.sun.corba.ee.impl.resolver.CompositeResolverImpl.resolve(CompositeResolverImpl.java:61)
	at com.sun.corba.ee.impl.resolver.CompositeResolverImpl.resolve(CompositeResolverImpl.java:61)
	at com.sun.corba.ee.impl.orb.ORBImpl.resolve_initial_references(ORBImpl.java:1259)
	at org.glassfish.enterprise.iiop.impl.GlassFishORBManager.initORB(GlassFishORBManager.java:590)
	at org.glassfish.enterprise.iiop.impl.GlassFishORBManager.getORB(GlassFishORBManager.java:264)
	at org.glassfish.enterprise.iiop.impl.GlassFishORBFactoryImpl.createORB(GlassFishORBFactoryImpl.java:93)
	at org.glassfish.enterprise.iiop.api.GlassFishORBHelper.getORB(GlassFishORBHelper.java:163)
	at org.glassfish.enterprise.iiop.api.GlassFishORBHelper.getProtocolManager(GlassFishORBHelper.java:231)
	at com.sun.ejb.containers.BaseContainer.initializeProtocolManager(BaseContainer.java:830)
	at com.sun.ejb.containers.BaseContainer.<init>(BaseContainer.java:590)
	at com.sun.ejb.containers.StatelessSessionContainer.<init>(StatelessSessionContainer.java:143)
	at com.sun.ejb.containers.StatelessSessionContainer.<init>(StatelessSessionContainer.java:137)
	at com.sun.ejb.containers.StatelessContainerFactory.createContainer(StatelessContainerFactory.java:61)
	at org.glassfish.ejb.startup.EjbApplication.loadContainers(EjbApplication.java:221)
	at org.glassfish.ejb.startup.EjbDeployer.load(EjbDeployer.java:291)
	at org.glassfish.ejb.startup.EjbDeployer.load(EjbDeployer.java:99)
	at org.glassfish.internal.data.ModuleInfo.load(ModuleInfo.java:206)
	at org.glassfish.internal.data.ApplicationInfo.load(ApplicationInfo.java:313)
	at com.sun.enterprise.v3.server.ApplicationLifecycle.deploy(ApplicationLifecycle.java:493)
	at com.sun.enterprise.v3.server.ApplicationLifecycle.deploy(ApplicationLifecycle.java:219)
	at org.glassfish.deployment.admin.DeployCommand.execute(DeployCommand.java:491)
	at com.sun.enterprise.v3.admin.CommandRunnerImpl$2$1.run(CommandRunnerImpl.java:527)
	at com.sun.enterprise.v3.admin.CommandRunnerImpl$2$1.run(CommandRunnerImpl.java:523)
	at java.security.AccessController.doPrivileged(Native Method)
	at javax.security.auth.Subject.doAs(Subject.java:356)
	at com.sun.enterprise.v3.admin.CommandRunnerImpl$2.execute(CommandRunnerImpl.java:522)
	at com.sun.enterprise.v3.admin.CommandRunnerImpl.doCommand(CommandRunnerImpl.java:546)
	at com.sun.enterprise.v3.admin.CommandRunnerImpl.doCommand(CommandRunnerImpl.java:1423)
	at com.sun.enterprise.v3.admin.CommandRunnerImpl.access$1500(CommandRunnerImpl.java:108)
	at com.sun.enterprise.v3.admin.CommandRunnerImpl$ExecutionContext.execute(CommandRunnerImpl.java:1762)
	at com.sun.enterprise.v3.admin.CommandRunnerImpl$ExecutionContext.execute(CommandRunnerImpl.java:1674)
	at com.sun.enterprise.admin.cli.embeddable.DeployerImpl.deploy(DeployerImpl.java:133)
	at org.glassfish.ejb.embedded.EJBContainerImpl.deploy(EJBContainerImpl.java:141)
	at org.glassfish.ejb.embedded.EJBContainerProviderImpl.createEJBContainer(EJBContainerProviderImpl.java:134)
	at javax.ejb.embeddable.EJBContainer.createEJBContainer(EJBContainer.java:127)
	at miEjB.BookFacadeTest.setUpClass(BookFacadeTest.java:46)
	at sun.reflect.NativeMethodAccessorImpl.invoke0(Native Method)
	at sun.reflect.NativeMethodAccessorImpl.invoke(NativeMethodAccessorImpl.java:57)
	at sun.reflect.DelegatingMethodAccessorImpl.invoke(DelegatingMethodAccessorImpl.java:43)
	at java.lang.reflect.Method.invoke(Method.java:601)
	at org.junit.runners.model.FrameworkMethod$1.runReflectiveCall(FrameworkMethod.java:45)
	at org.junit.internal.runners.model.ReflectiveCallable.run(ReflectiveCallable.java:15)
	at org.junit.runners.model.FrameworkMethod.invokeExplosively(FrameworkMethod.java:42)
	at org.junit.internal.runners.statements.RunBefores.evaluate(RunBefores.java:27)
	at org.junit.internal.runners.statements.RunAfters.evaluate(RunAfters.java:30)
	at org.junit.runners.ParentRunner.run(ParentRunner.java:300)
	at junit.framework.JUnit4TestAdapter.run(JUnit4TestAdapter.java:39)
	at org.apache.tools.ant.taskdefs.optional.junit.JUnitTestRunner.run(JUnitTestRunner.java:520)
	at org.apache.tools.ant.taskdefs.optional.junit.JUnitTestRunner.launch(JUnitTestRunner.java:1060)
	at org.apache.tools.ant.taskdefs.optional.junit.JUnitTestRunner.main(JUnitTestRunner.java:911)
Caused by: org.omg.CORBA.COMM_FAILURE: SEVERE: 00410016: Unable to create IIOP listener on the specified host all interfaces and port 3.700  vmcid: OMG  minor code: 16  completed: No
	at $Proxy183.createListenerFailed(Unknown Source)
	at com.sun.corba.ee.impl.transport.AcceptorImpl.initialize(AcceptorImpl.java:98)
	at com.sun.corba.ee.impl.transport.TransportManagerImpl.getAcceptors(TransportManagerImpl.java:232)
	at com.sun.corba.ee.impl.transport.TransportManagerImpl.addToIORTemplate(TransportManagerImpl.java:251)
	at com.sun.corba.ee.spi.oa.ObjectAdapterBase.initializeTemplate(ObjectAdapterBase.java:103)
	at com.sun.corba.ee.impl.oa.toa.TOAImpl.<init>(TOAImpl.java:133)
	at com.sun.corba.ee.impl.oa.toa.TOAFactory.getTOA(TOAFactory.java:118)
	at com.sun.corba.ee.impl.orb.ORBImpl.connect(ORBImpl.java:1690)
	... 59 more
Caused by: java.net.BindException: Address already in use: bind
	at sun.nio.ch.Net.bind0(Native Method)
	at sun.nio.ch.Net.bind(Net.java:344)
	at sun.nio.ch.Net.bind(Net.java:336)
	at sun.nio.ch.ServerSocketChannelImpl.bind(ServerSocketChannelImpl.java:199)
	at sun.nio.ch.ServerSocketAdaptor.bind(ServerSocketAdaptor.java:74)
	at sun.nio.ch.ServerSocketAdaptor.bind(ServerSocketAdaptor.java:67)
	at org.glassfish.enterprise.iiop.impl.IIOPSSLSocketFactory.createServerSocket(IIOPSSLSocketFactory.java:297)
	at com.sun.corba.ee.impl.transport.AcceptorImpl.initialize(AcceptorImpl.java:91)
	... 65 more

jul 29, 2013 10:05:38 PM org.glassfish.internal.data.ModuleInfo load
SEVERE: Exception while invoking class org.glassfish.ejb.startup.EjbDeployer load method
java.lang.RuntimeException: EJB Container initialization error
	at org.glassfish.ejb.startup.EjbApplication.loadContainers(EjbApplication.java:234)
	at org.glassfish.ejb.startup.EjbDeployer.load(EjbDeployer.java:291)
	at org.glassfish.ejb.startup.EjbDeployer.load(EjbDeployer.java:99)
	at org.glassfish.internal.data.ModuleInfo.load(ModuleInfo.java:206)
	at org.glassfish.internal.data.ApplicationInfo.load(ApplicationInfo.java:313)
	at com.sun.enterprise.v3.server.ApplicationLifecycle.deploy(ApplicationLifecycle.java:493)
	at com.sun.enterprise.v3.server.ApplicationLifecycle.deploy(ApplicationLifecycle.java:219)
	at org.glassfish.deployment.admin.DeployCommand.execute(DeployCommand.java:491)
	at com.sun.enterprise.v3.admin.CommandRunnerImpl$2$1.run(CommandRunnerImpl.java:527)
	at com.sun.enterprise.v3.admin.CommandRunnerImpl$2$1.run(CommandRunnerImpl.java:523)
	at java.security.AccessController.doPrivileged(Native Method)
	at javax.security.auth.Subject.doAs(Subject.java:356)
	at com.sun.enterprise.v3.admin.CommandRunnerImpl$2.execute(CommandRunnerImpl.java:522)
	at com.sun.enterprise.v3.admin.CommandRunnerImpl.doCommand(CommandRunnerImpl.java:546)
	at com.sun.enterprise.v3.admin.CommandRunnerImpl.doCommand(CommandRunnerImpl.java:1423)
	at com.sun.enterprise.v3.admin.CommandRunnerImpl.access$1500(CommandRunnerImpl.java:108)
	at com.sun.enterprise.v3.admin.CommandRunnerImpl$ExecutionContext.execute(CommandRunnerImpl.java:1762)
	at com.sun.enterprise.v3.admin.CommandRunnerImpl$ExecutionContext.execute(CommandRunnerImpl.java:1674)
	at com.sun.enterprise.admin.cli.embeddable.DeployerImpl.deploy(DeployerImpl.java:133)
	at org.glassfish.ejb.embedded.EJBContainerImpl.deploy(EJBContainerImpl.java:141)
	at org.glassfish.ejb.embedded.EJBContainerProviderImpl.createEJBContainer(EJBContainerProviderImpl.java:134)
	at javax.ejb.embeddable.EJBContainer.createEJBContainer(EJBContainer.java:127)
	at miEjB.BookFacadeTest.setUpClass(BookFacadeTest.java:46)
	at sun.reflect.NativeMethodAccessorImpl.invoke0(Native Method)
	at sun.reflect.NativeMethodAccessorImpl.invoke(NativeMethodAccessorImpl.java:57)
	at sun.reflect.DelegatingMethodAccessorImpl.invoke(DelegatingMethodAccessorImpl.java:43)
	at java.lang.reflect.Method.invoke(Method.java:601)
	at org.junit.runners.model.FrameworkMethod$1.runReflectiveCall(FrameworkMethod.java:45)
	at org.junit.internal.runners.model.ReflectiveCallable.run(ReflectiveCallable.java:15)
	at org.junit.runners.model.FrameworkMethod.invokeExplosively(FrameworkMethod.java:42)
	at org.junit.internal.runners.statements.RunBefores.evaluate(RunBefores.java:27)
	at org.junit.internal.runners.statements.RunAfters.evaluate(RunAfters.java:30)
	at org.junit.runners.ParentRunner.run(ParentRunner.java:300)
	at junit.framework.JUnit4TestAdapter.run(JUnit4TestAdapter.java:39)
	at org.apache.tools.ant.taskdefs.optional.junit.JUnitTestRunner.run(JUnitTestRunner.java:520)
	at org.apache.tools.ant.taskdefs.optional.junit.JUnitTestRunner.launch(JUnitTestRunner.java:1060)
	at org.apache.tools.ant.taskdefs.optional.junit.JUnitTestRunner.main(JUnitTestRunner.java:911)
Caused by: java.lang.RuntimeException: IIOP Protocol Manager initialization failed.  Possible cause is that ORB is not available in this container
	at com.sun.ejb.containers.BaseContainer.initializeProtocolManager(BaseContainer.java:833)
	at com.sun.ejb.containers.BaseContainer.<init>(BaseContainer.java:590)
	at com.sun.ejb.containers.StatelessSessionContainer.<init>(StatelessSessionContainer.java:143)
	at com.sun.ejb.containers.StatelessSessionContainer.<init>(StatelessSessionContainer.java:137)
	at com.sun.ejb.containers.StatelessContainerFactory.createContainer(StatelessContainerFactory.java:61)
	at org.glassfish.ejb.startup.EjbApplication.loadContainers(EjbApplication.java:221)
	... 36 more
Caused by: java.lang.RuntimeException: Orb initialization erorr
	at org.glassfish.enterprise.iiop.api.GlassFishORBHelper.getORB(GlassFishORBHelper.java:191)
	at org.glassfish.enterprise.iiop.api.GlassFishORBHelper.getProtocolManager(GlassFishORBHelper.java:231)
	at com.sun.ejb.containers.BaseContainer.initializeProtocolManager(BaseContainer.java:830)
	... 41 more
Caused by: java.lang.RuntimeException: org.omg.CORBA.OBJ_ADAPTER: WARNING: 02310002: Error in connecting servant to ORB  vmcid: OMG  minor code: 2  completed: No
	at org.glassfish.enterprise.iiop.impl.GlassFishORBManager.initORB(GlassFishORBManager.java:626)
	at org.glassfish.enterprise.iiop.impl.GlassFishORBManager.getORB(GlassFishORBManager.java:264)
	at org.glassfish.enterprise.iiop.impl.GlassFishORBFactoryImpl.createORB(GlassFishORBFactoryImpl.java:93)
	at org.glassfish.enterprise.iiop.api.GlassFishORBHelper.getORB(GlassFishORBHelper.java:163)
	... 43 more
Caused by: org.omg.CORBA.OBJ_ADAPTER: WARNING: 02310002: Error in connecting servant to ORB  vmcid: OMG  minor code: 2  completed: No
	at $Proxy183.orbConnectError(Unknown Source)
	at com.sun.corba.ee.impl.orb.ORBImpl.connect(ORBImpl.java:1692)
	at com.sun.corba.ee.spi.presentation.rmi.StubAdapter.connect(StubAdapter.java:216)
	at com.sun.corba.ee.impl.orb.ORBImpl.getIOR(ORBImpl.java:2082)
	at com.sun.corba.ee.impl.orb.ORBImpl.getFVDCodeBaseIOR(ORBImpl.java:981)
	at com.sun.corba.ee.impl.protocol.ClientRequestDispatcherImpl.addServiceContexts(ClientRequestDispatcherImpl.java:822)
	at com.sun.corba.ee.impl.protocol.ClientRequestDispatcherImpl.beginRequest(ClientRequestDispatcherImpl.java:293)
	at com.sun.corba.ee.impl.protocol.ClientDelegateImpl.request(ClientDelegateImpl.java:227)
	at com.sun.corba.ee.impl.resolver.BootstrapResolverImpl.invoke(BootstrapResolverImpl.java:112)
	at com.sun.corba.ee.impl.resolver.BootstrapResolverImpl.resolve(BootstrapResolverImpl.java:145)
	at com.sun.corba.ee.impl.resolver.CompositeResolverImpl.resolve(CompositeResolverImpl.java:61)
	at com.sun.corba.ee.impl.resolver.CompositeResolverImpl.resolve(CompositeResolverImpl.java:61)
	at com.sun.corba.ee.impl.resolver.CompositeResolverImpl.resolve(CompositeResolverImpl.java:61)
	at com.sun.corba.ee.impl.orb.ORBImpl.resolve_initial_references(ORBImpl.java:1259)
	at org.glassfish.enterprise.iiop.impl.GlassFishORBManager.initORB(GlassFishORBManager.java:590)
	... 46 more
Caused by: org.omg.CORBA.COMM_FAILURE: SEVERE: 00410016: Unable to create IIOP listener on the specified host all interfaces and port 3.700  vmcid: OMG  minor code: 16  completed: No
	at $Proxy183.createListenerFailed(Unknown Source)
	at com.sun.corba.ee.impl.transport.AcceptorImpl.initialize(AcceptorImpl.java:98)
	at com.sun.corba.ee.impl.transport.TransportManagerImpl.getAcceptors(TransportManagerImpl.java:232)
	at com.sun.corba.ee.impl.transport.TransportManagerImpl.addToIORTemplate(TransportManagerImpl.java:251)
	at com.sun.corba.ee.spi.oa.ObjectAdapterBase.initializeTemplate(ObjectAdapterBase.java:103)
	at com.sun.corba.ee.impl.oa.toa.TOAImpl.<init>(TOAImpl.java:133)
	at com.sun.corba.ee.impl.oa.toa.TOAFactory.getTOA(TOAFactory.java:118)
	at com.sun.corba.ee.impl.orb.ORBImpl.connect(ORBImpl.java:1690)
	... 59 more
Caused by: java.net.BindException: Address already in use: bind
	at sun.nio.ch.Net.bind0(Native Method)
	at sun.nio.ch.Net.bind(Net.java:344)
	at sun.nio.ch.Net.bind(Net.java:336)
	at sun.nio.ch.ServerSocketChannelImpl.bind(ServerSocketChannelImpl.java:199)
	at sun.nio.ch.ServerSocketAdaptor.bind(ServerSocketAdaptor.java:74)
	at sun.nio.ch.ServerSocketAdaptor.bind(ServerSocketAdaptor.java:67)
	at org.glassfish.enterprise.iiop.impl.IIOPSSLSocketFactory.createServerSocket(IIOPSSLSocketFactory.java:297)
	at com.sun.corba.ee.impl.transport.AcceptorImpl.initialize(AcceptorImpl.java:91)
	... 65 more

jul 29, 2013 10:05:38 PM com.sun.enterprise.v3.server.ApplicationLifecycle deploy
SEVERE: Exception during lifecycle processing
java.lang.RuntimeException: EJB Container initialization error
	at org.glassfish.ejb.startup.EjbApplication.loadContainers(EjbApplication.java:234)
	at org.glassfish.ejb.startup.EjbDeployer.load(EjbDeployer.java:291)
	at org.glassfish.ejb.startup.EjbDeployer.load(EjbDeployer.java:99)
	at org.glassfish.internal.data.ModuleInfo.load(ModuleInfo.java:206)
	at org.glassfish.internal.data.ApplicationInfo.load(ApplicationInfo.java:313)
	at com.sun.enterprise.v3.server.ApplicationLifecycle.deploy(ApplicationLifecycle.java:493)
	at com.sun.enterprise.v3.server.ApplicationLifecycle.deploy(ApplicationLifecycle.java:219)
	at org.glassfish.deployment.admin.DeployCommand.execute(DeployCommand.java:491)
	at com.sun.enterprise.v3.admin.CommandRunnerImpl$2$1.run(CommandRunnerImpl.java:527)
	at com.sun.enterprise.v3.admin.CommandRunnerImpl$2$1.run(CommandRunnerImpl.java:523)
	at java.security.AccessController.doPrivileged(Native Method)
	at javax.security.auth.Subject.doAs(Subject.java:356)
	at com.sun.enterprise.v3.admin.CommandRunnerImpl$2.execute(CommandRunnerImpl.java:522)
	at com.sun.enterprise.v3.admin.CommandRunnerImpl.doCommand(CommandRunnerImpl.java:546)
	at com.sun.enterprise.v3.admin.CommandRunnerImpl.doCommand(CommandRunnerImpl.java:1423)
	at com.sun.enterprise.v3.admin.CommandRunnerImpl.access$1500(CommandRunnerImpl.java:108)
	at com.sun.enterprise.v3.admin.CommandRunnerImpl$ExecutionContext.execute(CommandRunnerImpl.java:1762)
	at com.sun.enterprise.v3.admin.CommandRunnerImpl$ExecutionContext.execute(CommandRunnerImpl.java:1674)
	at com.sun.enterprise.admin.cli.embeddable.DeployerImpl.deploy(DeployerImpl.java:133)
	at org.glassfish.ejb.embedded.EJBContainerImpl.deploy(EJBContainerImpl.java:141)
	at org.glassfish.ejb.embedded.EJBContainerProviderImpl.createEJBContainer(EJBContainerProviderImpl.java:134)
	at javax.ejb.embeddable.EJBContainer.createEJBContainer(EJBContainer.java:127)
	at miEjB.BookFacadeTest.setUpClass(BookFacadeTest.java:46)
	at sun.reflect.NativeMethodAccessorImpl.invoke0(Native Method)
	at sun.reflect.NativeMethodAccessorImpl.invoke(NativeMethodAccessorImpl.java:57)
	at sun.reflect.DelegatingMethodAccessorImpl.invoke(DelegatingMethodAccessorImpl.java:43)
	at java.lang.reflect.Method.invoke(Method.java:601)
	at org.junit.runners.model.FrameworkMethod$1.runReflectiveCall(FrameworkMethod.java:45)
	at org.junit.internal.runners.model.ReflectiveCallable.run(ReflectiveCallable.java:15)
	at org.junit.runners.model.FrameworkMethod.invokeExplosively(FrameworkMethod.java:42)
	at org.junit.internal.runners.statements.RunBefores.evaluate(RunBefores.java:27)
	at org.junit.internal.runners.statements.RunAfters.evaluate(RunAfters.java:30)
	at org.junit.runners.ParentRunner.run(ParentRunner.java:300)
	at junit.framework.JUnit4TestAdapter.run(JUnit4TestAdapter.java:39)
	at org.apache.tools.ant.taskdefs.optional.junit.JUnitTestRunner.run(JUnitTestRunner.java:520)
	at org.apache.tools.ant.taskdefs.optional.junit.JUnitTestRunner.launch(JUnitTestRunner.java:1060)
	at org.apache.tools.ant.taskdefs.optional.junit.JUnitTestRunner.main(JUnitTestRunner.java:911)
Caused by: java.lang.RuntimeException: IIOP Protocol Manager initialization failed.  Possible cause is that ORB is not available in this container
	at com.sun.ejb.containers.BaseContainer.initializeProtocolManager(BaseContainer.java:833)
	at com.sun.ejb.containers.BaseContainer.<init>(BaseContainer.java:590)
	at com.sun.ejb.containers.StatelessSessionContainer.<init>(StatelessSessionContainer.java:143)
	at com.sun.ejb.containers.StatelessSessionContainer.<init>(StatelessSessionContainer.java:137)
	at com.sun.ejb.containers.StatelessContainerFactory.createContainer(StatelessContainerFactory.java:61)
	at org.glassfish.ejb.startup.EjbApplication.loadContainers(EjbApplication.java:221)
	... 36 more
Caused by: java.lang.RuntimeException: Orb initialization erorr
	at org.glassfish.enterprise.iiop.api.GlassFishORBHelper.getORB(GlassFishORBHelper.java:191)
	at org.glassfish.enterprise.iiop.api.GlassFishORBHelper.getProtocolManager(GlassFishORBHelper.java:231)
	at com.sun.ejb.containers.BaseContainer.initializeProtocolManager(BaseContainer.java:830)
	... 41 more
Caused by: java.lang.RuntimeException: org.omg.CORBA.OBJ_ADAPTER: WARNING: 02310002: Error in connecting servant to ORB  vmcid: OMG  minor code: 2  completed: No
	at org.glassfish.enterprise.iiop.impl.GlassFishORBManager.initORB(GlassFishORBManager.java:626)
	at org.glassfish.enterprise.iiop.impl.GlassFishORBManager.getORB(GlassFishORBManager.java:264)
	at org.glassfish.enterprise.iiop.impl.GlassFishORBFactoryImpl.createORB(GlassFishORBFactoryImpl.java:93)
	at org.glassfish.enterprise.iiop.api.GlassFishORBHelper.getORB(GlassFishORBHelper.java:163)
	... 43 more
Caused by: org.omg.CORBA.OBJ_ADAPTER: WARNING: 02310002: Error in connecting servant to ORB  vmcid: OMG  minor code: 2  completed: No
	at $Proxy183.orbConnectError(Unknown Source)
	at com.sun.corba.ee.impl.orb.ORBImpl.connect(ORBImpl.java:1692)
	at com.sun.corba.ee.spi.presentation.rmi.StubAdapter.connect(StubAdapter.java:216)
	at com.sun.corba.ee.impl.orb.ORBImpl.getIOR(ORBImpl.java:2082)
	at com.sun.corba.ee.impl.orb.ORBImpl.getFVDCodeBaseIOR(ORBImpl.java:981)
	at com.sun.corba.ee.impl.protocol.ClientRequestDispatcherImpl.addServiceContexts(ClientRequestDispatcherImpl.java:822)
	at com.sun.corba.ee.impl.protocol.ClientRequestDispatcherImpl.beginRequest(ClientRequestDispatcherImpl.java:293)
	at com.sun.corba.ee.impl.protocol.ClientDelegateImpl.request(ClientDelegateImpl.java:227)
	at com.sun.corba.ee.impl.resolver.BootstrapResolverImpl.invoke(BootstrapResolverImpl.java:112)
	at com.sun.corba.ee.impl.resolver.BootstrapResolverImpl.resolve(BootstrapResolverImpl.java:145)
	at com.sun.corba.ee.impl.resolver.CompositeResolverImpl.resolve(CompositeResolverImpl.java:61)
	at com.sun.corba.ee.impl.resolver.CompositeResolverImpl.resolve(CompositeResolverImpl.java:61)
	at com.sun.corba.ee.impl.resolver.CompositeResolverImpl.resolve(CompositeResolverImpl.java:61)
	at com.sun.corba.ee.impl.orb.ORBImpl.resolve_initial_references(ORBImpl.java:1259)
	at org.glassfish.enterprise.iiop.impl.GlassFishORBManager.initORB(GlassFishORBManager.java:590)
	... 46 more
Caused by: org.omg.CORBA.COMM_FAILURE: SEVERE: 00410016: Unable to create IIOP listener on the specified host all interfaces and port 3.700  vmcid: OMG  minor code: 16  completed: No
	at $Proxy183.createListenerFailed(Unknown Source)
	at com.sun.corba.ee.impl.transport.AcceptorImpl.initialize(AcceptorImpl.java:98)
	at com.sun.corba.ee.impl.transport.TransportManagerImpl.getAcceptors(TransportManagerImpl.java:232)
	at com.sun.corba.ee.impl.transport.TransportManagerImpl.addToIORTemplate(TransportManagerImpl.java:251)
	at com.sun.corba.ee.spi.oa.ObjectAdapterBase.initializeTemplate(ObjectAdapterBase.java:103)
	at com.sun.corba.ee.impl.oa.toa.TOAImpl.<init>(TOAImpl.java:133)
	at com.sun.corba.ee.impl.oa.toa.TOAFactory.getTOA(TOAFactory.java:118)
	at com.sun.corba.ee.impl.orb.ORBImpl.connect(ORBImpl.java:1690)
	... 59 more
Caused by: java.net.BindException: Address already in use: bind
	at sun.nio.ch.Net.bind0(Native Method)
	at sun.nio.ch.Net.bind(Net.java:344)
	at sun.nio.ch.Net.bind(Net.java:336)
	at sun.nio.ch.ServerSocketChannelImpl.bind(ServerSocketChannelImpl.java:199)
	at sun.nio.ch.ServerSocketAdaptor.bind(ServerSocketAdaptor.java:74)
	at sun.nio.ch.ServerSocketAdaptor.bind(ServerSocketAdaptor.java:67)
	at org.glassfish.enterprise.iiop.impl.IIOPSSLSocketFactory.createServerSocket(IIOPSSLSocketFactory.java:297)
	at com.sun.corba.ee.impl.transport.AcceptorImpl.initialize(AcceptorImpl.java:91)
	... 65 more

jul 29, 2013 10:05:39 PM org.glassfish.api.ActionReport failure
SEVERE: Exception while loading the app
jul 29, 2013 10:05:39 PM org.eclipse.persistence.session.file:/C:/Users/Eugenio/Documents/NetBeansProjects/miEJB/build/classes/_miEJBPU.connection
INFO: file:/C:/Users/Eugenio/Documents/NetBeansProjects/miEJB/build/classes/_miEJBPU logout successful
jul 29, 2013 10:05:39 PM org.glassfish.deployment.admin.DeployCommand execute
SEVERE: Exception while loading the app : EJB Container initialization error
java.lang.RuntimeException: IIOP Protocol Manager initialization failed.  Possible cause is that ORB is not available in this container
	at com.sun.ejb.containers.BaseContainer.initializeProtocolManager(BaseContainer.java:833)
	at com.sun.ejb.containers.BaseContainer.<init>(BaseContainer.java:590)
	at com.sun.ejb.containers.StatelessSessionContainer.<init>(StatelessSessionContainer.java:143)
	at com.sun.ejb.containers.StatelessSessionContainer.<init>(StatelessSessionContainer.java:137)
	at com.sun.ejb.containers.StatelessContainerFactory.createContainer(StatelessContainerFactory.java:61)
	at org.glassfish.ejb.startup.EjbApplication.loadContainers(EjbApplication.java:221)
	at org.glassfish.ejb.startup.EjbDeployer.load(EjbDeployer.java:291)
	at org.glassfish.ejb.startup.EjbDeployer.load(EjbDeployer.java:99)
	at org.glassfish.internal.data.ModuleInfo.load(ModuleInfo.java:206)
	at org.glassfish.internal.data.ApplicationInfo.load(ApplicationInfo.java:313)
	at com.sun.enterprise.v3.server.ApplicationLifecycle.deploy(ApplicationLifecycle.java:493)
	at com.sun.enterprise.v3.server.ApplicationLifecycle.deploy(ApplicationLifecycle.java:219)
	at org.glassfish.deployment.admin.DeployCommand.execute(DeployCommand.java:491)
	at com.sun.enterprise.v3.admin.CommandRunnerImpl$2$1.run(CommandRunnerImpl.java:527)
	at com.sun.enterprise.v3.admin.CommandRunnerImpl$2$1.run(CommandRunnerImpl.java:523)
	at java.security.AccessController.doPrivileged(Native Method)
	at javax.security.auth.Subject.doAs(Subject.java:356)
	at com.sun.enterprise.v3.admin.CommandRunnerImpl$2.execute(CommandRunnerImpl.java:522)
	at com.sun.enterprise.v3.admin.CommandRunnerImpl.doCommand(CommandRunnerImpl.java:546)
	at com.sun.enterprise.v3.admin.CommandRunnerImpl.doCommand(CommandRunnerImpl.java:1423)
	at com.sun.enterprise.v3.admin.CommandRunnerImpl.access$1500(CommandRunnerImpl.java:108)
	at com.sun.enterprise.v3.admin.CommandRunnerImpl$ExecutionContext.execute(CommandRunnerImpl.java:1762)
	at com.sun.enterprise.v3.admin.CommandRunnerImpl$ExecutionContext.execute(CommandRunnerImpl.java:1674)
	at com.sun.enterprise.admin.cli.embeddable.DeployerImpl.deploy(DeployerImpl.java:133)
	at org.glassfish.ejb.embedded.EJBContainerImpl.deploy(EJBContainerImpl.java:141)
	at org.glassfish.ejb.embedded.EJBContainerProviderImpl.createEJBContainer(EJBContainerProviderImpl.java:134)
	at javax.ejb.embeddable.EJBContainer.createEJBContainer(EJBContainer.java:127)
	at miEjB.BookFacadeTest.setUpClass(BookFacadeTest.java:46)
	at sun.reflect.NativeMethodAccessorImpl.invoke0(Native Method)
	at sun.reflect.NativeMethodAccessorImpl.invoke(NativeMethodAccessorImpl.java:57)
	at sun.reflect.DelegatingMethodAccessorImpl.invoke(DelegatingMethodAccessorImpl.java:43)
	at java.lang.reflect.Method.invoke(Method.java:601)
	at org.junit.runners.model.FrameworkMethod$1.runReflectiveCall(FrameworkMethod.java:45)
	at org.junit.internal.runners.model.ReflectiveCallable.run(ReflectiveCallable.java:15)
	at org.junit.runners.model.FrameworkMethod.invokeExplosively(FrameworkMethod.java:42)
	at org.junit.internal.runners.statements.RunBefores.evaluate(RunBefores.java:27)
	at org.junit.internal.runners.statements.RunAfters.evaluate(RunAfters.java:30)
	at org.junit.runners.ParentRunner.run(ParentRunner.java:300)
	at junit.framework.JUnit4TestAdapter.run(JUnit4TestAdapter.java:39)
	at org.apache.tools.ant.taskdefs.optional.junit.JUnitTestRunner.run(JUnitTestRunner.java:520)
	at org.apache.tools.ant.taskdefs.optional.junit.JUnitTestRunner.launch(JUnitTestRunner.java:1060)
	at org.apache.tools.ant.taskdefs.optional.junit.JUnitTestRunner.main(JUnitTestRunner.java:911)
Caused by: java.lang.RuntimeException: Orb initialization erorr
	at org.glassfish.enterprise.iiop.api.GlassFishORBHelper.getORB(GlassFishORBHelper.java:191)
	at org.glassfish.enterprise.iiop.api.GlassFishORBHelper.getProtocolManager(GlassFishORBHelper.java:231)
	at com.sun.ejb.containers.BaseContainer.initializeProtocolManager(BaseContainer.java:830)
	... 41 more
Caused by: java.lang.RuntimeException: org.omg.CORBA.OBJ_ADAPTER: WARNING: 02310002: Error in connecting servant to ORB  vmcid: OMG  minor code: 2  completed: No
	at org.glassfish.enterprise.iiop.impl.GlassFishORBManager.initORB(GlassFishORBManager.java:626)
	at org.glassfish.enterprise.iiop.impl.GlassFishORBManager.getORB(GlassFishORBManager.java:264)
	at org.glassfish.enterprise.iiop.impl.GlassFishORBFactoryImpl.createORB(GlassFishORBFactoryImpl.java:93)
	at org.glassfish.enterprise.iiop.api.GlassFishORBHelper.getORB(GlassFishORBHelper.java:163)
	... 43 more
Caused by: org.omg.CORBA.OBJ_ADAPTER: WARNING: 02310002: Error in connecting servant to ORB  vmcid: OMG  minor code: 2  completed: No
	at $Proxy183.orbConnectError(Unknown Source)
	at com.sun.corba.ee.impl.orb.ORBImpl.connect(ORBImpl.java:1692)
	at com.sun.corba.ee.spi.presentation.rmi.StubAdapter.connect(StubAdapter.java:216)
	at com.sun.corba.ee.impl.orb.ORBImpl.getIOR(ORBImpl.java:2082)
	at com.sun.corba.ee.impl.orb.ORBImpl.getFVDCodeBaseIOR(ORBImpl.java:981)
	at com.sun.corba.ee.impl.protocol.ClientRequestDispatcherImpl.addServiceContexts(ClientRequestDispatcherImpl.java:822)
	at com.sun.corba.ee.impl.protocol.ClientRequestDispatcherImpl.beginRequest(ClientRequestDispatcherImpl.java:293)
	at com.sun.corba.ee.impl.protocol.ClientDelegateImpl.request(ClientDelegateImpl.java:227)
	at com.sun.corba.ee.impl.resolver.BootstrapResolverImpl.invoke(BootstrapResolverImpl.java:112)
	at com.sun.corba.ee.impl.resolver.BootstrapResolverImpl.resolve(BootstrapResolverImpl.java:145)
	at com.sun.corba.ee.impl.resolver.CompositeResolverImpl.resolve(CompositeResolverImpl.java:61)
	at com.sun.corba.ee.impl.resolver.CompositeResolverImpl.resolve(CompositeResolverImpl.java:61)
	at com.sun.corba.ee.impl.resolver.CompositeResolverImpl.resolve(CompositeResolverImpl.java:61)
	at com.sun.corba.ee.impl.orb.ORBImpl.resolve_initial_references(ORBImpl.java:1259)
	at org.glassfish.enterprise.iiop.impl.GlassFishORBManager.initORB(GlassFishORBManager.java:590)
	... 46 more
Caused by: org.omg.CORBA.COMM_FAILURE: SEVERE: 00410016: Unable to create IIOP listener on the specified host all interfaces and port 3.700  vmcid: OMG  minor code: 16  completed: No
	at $Proxy183.createListenerFailed(Unknown Source)
	at com.sun.corba.ee.impl.transport.AcceptorImpl.initialize(AcceptorImpl.java:98)
	at com.sun.corba.ee.impl.transport.TransportManagerImpl.getAcceptors(TransportManagerImpl.java:232)
	at com.sun.corba.ee.impl.transport.TransportManagerImpl.addToIORTemplate(TransportManagerImpl.java:251)
	at com.sun.corba.ee.spi.oa.ObjectAdapterBase.initializeTemplate(ObjectAdapterBase.java:103)
	at com.sun.corba.ee.impl.oa.toa.TOAImpl.<init>(TOAImpl.java:133)
	at com.sun.corba.ee.impl.oa.toa.TOAFactory.getTOA(TOAFactory.java:118)
	at com.sun.corba.ee.impl.orb.ORBImpl.connect(ORBImpl.java:1690)
	... 59 more
Caused by: java.net.BindException: Address already in use: bind
	at sun.nio.ch.Net.bind0(Native Method)
	at sun.nio.ch.Net.bind(Net.java:344)
	at sun.nio.ch.Net.bind(Net.java:336)
	at sun.nio.ch.ServerSocketChannelImpl.bind(ServerSocketChannelImpl.java:199)
	at sun.nio.ch.ServerSocketAdaptor.bind(ServerSocketAdaptor.java:74)
	at sun.nio.ch.ServerSocketAdaptor.bind(ServerSocketAdaptor.java:67)
	at org.glassfish.enterprise.iiop.impl.IIOPSSLSocketFactory.createServerSocket(IIOPSSLSocketFactory.java:297)
	at com.sun.corba.ee.impl.transport.AcceptorImpl.initialize(AcceptorImpl.java:91)
	... 65 more

jul 29, 2013 10:05:39 PM org.glassfish.ejb.embedded.EJBContainerProviderImpl createEJBContainer
INFO: [EJBContainerProviderImpl] Cleaning up on failure ...
jul 29, 2013 10:05:39 PM com.sun.enterprise.connectors.service.ResourceAdapterAdminServiceImpl sendStopToResourceAdapter
INFO: RAR7094: __ds_jdbc_ra shutdown successful.
jul 29, 2013 10:05:39 PM org.glassfish.admin.mbeanserver.JMXStartupService shutdown
INFO: JMXStartupService and JMXConnectors have been shut down.
jul 29, 2013 10:05:39 PM org.glassfish.admin.mbeanserver.JMXStartupService shutdown
INFO: JMXStartupService and JMXConnectors have been shut down.
jul 29, 2013 10:05:39 PM com.sun.enterprise.v3.server.AppServerStartup stop
INFO: Shutdown procedure finished
]]></system-err>
</testsuite>
