<?xml version="1.0" encoding="UTF-8" ?>
<testsuite failures="0" time="1.981" errors="1" skipped="0" tests="1" name="org.beginningee6.book.chapter07.ex09.ItemEJB09Test">
  <properties>
[...]
</properties>
  <testcase time="3.869" classname="org.beginningee6.book.chapter07.ex09.ItemEJB09Test" name="org.beginningee6.book.chapter07.ex09.ItemEJB09Test">
    <error message="No EJBContainer provider available
The following providers:
org.glassfish.ejb.embedded.EJBContainerProviderImpl
Returned null from createEJBContainer call.
" type="javax.ejb.EJBException">javax.ejb.EJBException: No EJBContainer provider available
The following providers:
org.glassfish.ejb.embedded.EJBContainerProviderImpl
Returned null from createEJBContainer call.

	at javax.ejb.embeddable.EJBContainer.reportError(EJBContainer.java:186)
	at javax.ejb.embeddable.EJBContainer.createEJBContainer(EJBContainer.java:121)
	at org.beginningee6.book.chapter07.ex09.ItemEJB09Test.initContainer(ItemEJB09Test.java:40)
	at sun.reflect.NativeMethodAccessorImpl.invoke0(Native Method)
	at sun.reflect.NativeMethodAccessorImpl.invoke(NativeMethodAccessorImpl.java:57)
	at sun.reflect.DelegatingMethodAccessorImpl.invoke(DelegatingMethodAccessorImpl.java:43)
	at java.lang.reflect.Method.invoke(Method.java:601)
	at org.junit.runners.model.FrameworkMethod$1.runReflectiveCall(FrameworkMethod.java:44)
	at org.junit.internal.runners.model.ReflectiveCallable.run(ReflectiveCallable.java:15)
	at org.junit.runners.model.FrameworkMethod.invokeExplosively(FrameworkMethod.java:41)
	at org.junit.internal.runners.statements.RunBefores.evaluate(RunBefores.java:27)
	at org.junit.internal.runners.statements.RunAfters.evaluate(RunAfters.java:31)
	at org.junit.runners.ParentRunner.run(ParentRunner.java:236)
	at org.apache.maven.surefire.junit4.JUnit4TestSet.execute(JUnit4TestSet.java:53)
	at org.apache.maven.surefire.junit4.JUnit4Provider.executeTestSet(JUnit4Provider.java:123)
	at org.apache.maven.surefire.junit4.JUnit4Provider.invoke(JUnit4Provider.java:104)
	at sun.reflect.NativeMethodAccessorImpl.invoke0(Native Method)
	at sun.reflect.NativeMethodAccessorImpl.invoke(NativeMethodAccessorImpl.java:57)
	at sun.reflect.DelegatingMethodAccessorImpl.invoke(DelegatingMethodAccessorImpl.java:43)
	at java.lang.reflect.Method.invoke(Method.java:601)
	at org.apache.maven.surefire.util.ReflectionUtils.invokeMethodWithArray(ReflectionUtils.java:164)
	at org.apache.maven.surefire.booter.ProviderFactory$ProviderProxy.invoke(ProviderFactory.java:110)
	at org.apache.maven.surefire.booter.SurefireStarter.invokeProvider(SurefireStarter.java:175)
	at org.apache.maven.surefire.booter.SurefireStarter.runSuitesInProcessWhenForked(SurefireStarter.java:107)
	at org.apache.maven.surefire.booter.ForkedBooter.main(ForkedBooter.java:68)
</error>
    <system-err>jul 20, 2013 5:39:15 PM org.glassfish.ejb.embedded.EJBContainerProviderImpl getValidFile
SEVERE: ejb.embedded.location_not_exists
jul 20, 2013 5:39:15 PM com.sun.enterprise.module.impl.HK2Factory initialize
WARNING: Singleton already initialized as com.sun.enterprise.module.impl.HK2Factory@2514d3d9
jul 20, 2013 5:39:15 PM com.sun.enterprise.v3.server.AppServerStartup run
INFO: GlassFish Server Open Source Edition 3.0.1 (java_re-private) startup time : Embedded(37ms) startup services(17ms) total(54ms)
jul 20, 2013 5:39:15 PM com.sun.enterprise.transaction.JavaEETransactionManagerSimplified initDelegates
INFO: Using com.sun.enterprise.transaction.jts.JavaEETransactionManagerJTSDelegate as the delegate
jul 20, 2013 5:39:15 PM org.glassfish.admin.mbeanserver.JMXStartupService$JMXConnectorsStarterThread run
INFO: JMXStartupService: JMXConnector system is disabled, skipping.
jul 20, 2013 5:39:15 PM AppServerStartup run
INFO: [Thread[GlassFish Kernel Main Thread,5,main]] started
jul 20, 2013 5:39:17 PM com.sun.enterprise.security.SecurityLifecycle &lt;init&gt;
SEVERE: java_security.init_securitylifecycle_fail
java.io.FileNotFoundException: C:\Users\Eugenio\.glassfishv3-GFEJBContainerProviderImpl\config\login.conf (Access is denied)
	at java.io.FileOutputStream.open(Native Method)
	at java.io.FileOutputStream.&lt;init&gt;(FileOutputStream.java:212)
	at java.io.FileOutputStream.&lt;init&gt;(FileOutputStream.java:165)
	at com.sun.enterprise.security.common.Util.writeConfigFileToTempDir(Util.java:154)
	at com.sun.enterprise.security.SecurityLifecycle.&lt;init&gt;(SecurityLifecycle.java:141)
	at sun.reflect.NativeConstructorAccessorImpl.newInstance0(Native Method)
	at sun.reflect.NativeConstructorAccessorImpl.newInstance(NativeConstructorAccessorImpl.java:57)
	at sun.reflect.DelegatingConstructorAccessorImpl.newInstance(DelegatingConstructorAccessorImpl.java:45)
	at java.lang.reflect.Constructor.newInstance(Constructor.java:525)
	at java.lang.Class.newInstance0(Class.java:372)
	at java.lang.Class.newInstance(Class.java:325)
	at com.sun.hk2.component.ConstructorWomb.create(ConstructorWomb.java:68)
	at com.sun.hk2.component.AbstractWombImpl.get(AbstractWombImpl.java:71)
	at com.sun.hk2.component.SingletonInhabitant.get(SingletonInhabitant.java:58)
	at com.sun.hk2.component.LazyInhabitant.get(LazyInhabitant.java:107)
	at com.sun.hk2.component.AbstractInhabitantImpl.get(AbstractInhabitantImpl.java:60)
	at com.sun.enterprise.security.SecuritySniffer.setup(SecuritySniffer.java:105)
	at com.sun.enterprise.v3.server.ContainerStarter.startContainer(ContainerStarter.java:99)
	at com.sun.enterprise.v3.server.ApplicationLifecycle.setupContainer(ApplicationLifecycle.java:703)
	at com.sun.enterprise.v3.server.ApplicationLifecycle.setupContainerInfos(ApplicationLifecycle.java:451)
	at com.sun.enterprise.v3.server.ApplicationLifecycle.deploy(ApplicationLifecycle.java:262)
	at org.glassfish.kernel.embedded.EmbeddedDeployerImpl.deploy(EmbeddedDeployerImpl.java:214)
	at org.glassfish.kernel.embedded.EmbeddedDeployerImpl.deploy(EmbeddedDeployerImpl.java:144)
	at org.glassfish.ejb.embedded.EJBContainerImpl.deploy(EJBContainerImpl.java:128)
	at org.glassfish.ejb.embedded.EJBContainerProviderImpl.createEJBContainer(EJBContainerProviderImpl.java:120)
	at javax.ejb.embeddable.EJBContainer.createEJBContainer(EJBContainer.java:102)
	at org.beginningee6.book.chapter07.ex09.ItemEJB09Test.initContainer(ItemEJB09Test.java:40)
	at sun.reflect.NativeMethodAccessorImpl.invoke0(Native Method)
	at sun.reflect.NativeMethodAccessorImpl.invoke(NativeMethodAccessorImpl.java:57)
	at sun.reflect.DelegatingMethodAccessorImpl.invoke(DelegatingMethodAccessorImpl.java:43)
	at java.lang.reflect.Method.invoke(Method.java:601)
	at org.junit.runners.model.FrameworkMethod$1.runReflectiveCall(FrameworkMethod.java:44)
	at org.junit.internal.runners.model.ReflectiveCallable.run(ReflectiveCallable.java:15)
	at org.junit.runners.model.FrameworkMethod.invokeExplosively(FrameworkMethod.java:41)
	at org.junit.internal.runners.statements.RunBefores.evaluate(RunBefores.java:27)
	at org.junit.internal.runners.statements.RunAfters.evaluate(RunAfters.java:31)
	at org.junit.runners.ParentRunner.run(ParentRunner.java:236)
	at org.apache.maven.surefire.junit4.JUnit4TestSet.execute(JUnit4TestSet.java:53)
	at org.apache.maven.surefire.junit4.JUnit4Provider.executeTestSet(JUnit4Provider.java:123)
	at org.apache.maven.surefire.junit4.JUnit4Provider.invoke(JUnit4Provider.java:104)
	at sun.reflect.NativeMethodAccessorImpl.invoke0(Native Method)
	at sun.reflect.NativeMethodAccessorImpl.invoke(NativeMethodAccessorImpl.java:57)
	at sun.reflect.DelegatingMethodAccessorImpl.invoke(DelegatingMethodAccessorImpl.java:43)
	at java.lang.reflect.Method.invoke(Method.java:601)
	at org.apache.maven.surefire.util.ReflectionUtils.invokeMethodWithArray(ReflectionUtils.java:164)
	at org.apache.maven.surefire.booter.ProviderFactory$ProviderProxy.invoke(ProviderFactory.java:110)
	at org.apache.maven.surefire.booter.SurefireStarter.invokeProvider(SurefireStarter.java:175)
	at org.apache.maven.surefire.booter.SurefireStarter.runSuitesInProcessWhenForked(SurefireStarter.java:107)
	at org.apache.maven.surefire.booter.ForkedBooter.main(ForkedBooter.java:68)

jul 20, 2013 5:39:17 PM org.glassfish.api.ActionReport failure
SEVERE: Exception while deploying the app
org.jvnet.hk2.component.ComponentException: Failed to create class com.sun.enterprise.security.SecurityLifecycle
	at com.sun.hk2.component.ConstructorWomb.create(ConstructorWomb.java:76)
	at com.sun.hk2.component.AbstractWombImpl.get(AbstractWombImpl.java:71)
	at com.sun.hk2.component.SingletonInhabitant.get(SingletonInhabitant.java:58)
	at com.sun.hk2.component.LazyInhabitant.get(LazyInhabitant.java:107)
	at com.sun.hk2.component.AbstractInhabitantImpl.get(AbstractInhabitantImpl.java:60)
	at com.sun.enterprise.security.SecuritySniffer.setup(SecuritySniffer.java:105)
	at com.sun.enterprise.v3.server.ContainerStarter.startContainer(ContainerStarter.java:99)
	at com.sun.enterprise.v3.server.ApplicationLifecycle.setupContainer(ApplicationLifecycle.java:703)
	at com.sun.enterprise.v3.server.ApplicationLifecycle.setupContainerInfos(ApplicationLifecycle.java:451)
	at com.sun.enterprise.v3.server.ApplicationLifecycle.deploy(ApplicationLifecycle.java:262)
	at org.glassfish.kernel.embedded.EmbeddedDeployerImpl.deploy(EmbeddedDeployerImpl.java:214)
	at org.glassfish.kernel.embedded.EmbeddedDeployerImpl.deploy(EmbeddedDeployerImpl.java:144)
	at org.glassfish.ejb.embedded.EJBContainerImpl.deploy(EJBContainerImpl.java:128)
	at org.glassfish.ejb.embedded.EJBContainerProviderImpl.createEJBContainer(EJBContainerProviderImpl.java:120)
	at javax.ejb.embeddable.EJBContainer.createEJBContainer(EJBContainer.java:102)
	at org.beginningee6.book.chapter07.ex09.ItemEJB09Test.initContainer(ItemEJB09Test.java:40)
	at sun.reflect.NativeMethodAccessorImpl.invoke0(Native Method)
	at sun.reflect.NativeMethodAccessorImpl.invoke(NativeMethodAccessorImpl.java:57)
	at sun.reflect.DelegatingMethodAccessorImpl.invoke(DelegatingMethodAccessorImpl.java:43)
	at java.lang.reflect.Method.invoke(Method.java:601)
	at org.junit.runners.model.FrameworkMethod$1.runReflectiveCall(FrameworkMethod.java:44)
	at org.junit.internal.runners.model.ReflectiveCallable.run(ReflectiveCallable.java:15)
	at org.junit.runners.model.FrameworkMethod.invokeExplosively(FrameworkMethod.java:41)
	at org.junit.internal.runners.statements.RunBefores.evaluate(RunBefores.java:27)
	at org.junit.internal.runners.statements.RunAfters.evaluate(RunAfters.java:31)
	at org.junit.runners.ParentRunner.run(ParentRunner.java:236)
	at org.apache.maven.surefire.junit4.JUnit4TestSet.execute(JUnit4TestSet.java:53)
	at org.apache.maven.surefire.junit4.JUnit4Provider.executeTestSet(JUnit4Provider.java:123)
	at org.apache.maven.surefire.junit4.JUnit4Provider.invoke(JUnit4Provider.java:104)
	at sun.reflect.NativeMethodAccessorImpl.invoke0(Native Method)
	at sun.reflect.NativeMethodAccessorImpl.invoke(NativeMethodAccessorImpl.java:57)
	at sun.reflect.DelegatingMethodAccessorImpl.invoke(DelegatingMethodAccessorImpl.java:43)
	at java.lang.reflect.Method.invoke(Method.java:601)
	at org.apache.maven.surefire.util.ReflectionUtils.invokeMethodWithArray(ReflectionUtils.java:164)
	at org.apache.maven.surefire.booter.ProviderFactory$ProviderProxy.invoke(ProviderFactory.java:110)
	at org.apache.maven.surefire.booter.SurefireStarter.invokeProvider(SurefireStarter.java:175)
	at org.apache.maven.surefire.booter.SurefireStarter.runSuitesInProcessWhenForked(SurefireStarter.java:107)
	at org.apache.maven.surefire.booter.ForkedBooter.main(ForkedBooter.java:68)
Caused by: java.lang.RuntimeException: java.io.FileNotFoundException: C:\Users\Eugenio\.glassfishv3-GFEJBContainerProviderImpl\config\login.conf (Access is denied)
	at com.sun.enterprise.security.SecurityLifecycle.&lt;init&gt;(SecurityLifecycle.java:170)
	at sun.reflect.NativeConstructorAccessorImpl.newInstance0(Native Method)
	at sun.reflect.NativeConstructorAccessorImpl.newInstance(NativeConstructorAccessorImpl.java:57)
	at sun.reflect.DelegatingConstructorAccessorImpl.newInstance(DelegatingConstructorAccessorImpl.java:45)
	at java.lang.reflect.Constructor.newInstance(Constructor.java:525)
	at java.lang.Class.newInstance0(Class.java:372)
	at java.lang.Class.newInstance(Class.java:325)
	at com.sun.hk2.component.ConstructorWomb.create(ConstructorWomb.java:68)
	... 37 more
Caused by: java.io.FileNotFoundException: C:\Users\Eugenio\.glassfishv3-GFEJBContainerProviderImpl\config\login.conf (Access is denied)
	at java.io.FileOutputStream.open(Native Method)
	at java.io.FileOutputStream.&lt;init&gt;(FileOutputStream.java:212)
	at java.io.FileOutputStream.&lt;init&gt;(FileOutputStream.java:165)
	at com.sun.enterprise.security.common.Util.writeConfigFileToTempDir(Util.java:154)
	at com.sun.enterprise.security.SecurityLifecycle.&lt;init&gt;(SecurityLifecycle.java:141)
	... 44 more

jul 20, 2013 5:39:17 PM org.glassfish.ejb.embedded.EJBContainerProviderImpl createEJBContainer
INFO: [EJBContainerProviderImpl] Cleaning up on failure ...
jul 20, 2013 5:39:17 PM org.glassfish.admin.mbeanserver.JMXStartupService shutdown
INFO: JMXStartupService and JMXConnectors have been shut down.
jul 20, 2013 5:39:17 PM com.sun.enterprise.v3.server.AppServerStartup stop
INFO: Shutdown procedure finished
jul 20, 2013 5:39:17 PM AppServerStartup run
INFO: [Thread[GlassFish Kernel Main Thread,5,main]] exiting
jul 20, 2013 5:39:17 PM org.glassfish.ejb.embedded.EJBContainerProviderImpl createEJBContainer
SEVERE: ejb.embedded.exception_instantiating
javax.ejb.EJBException: Failed to deploy EJB modules - see log for details
	at org.glassfish.ejb.embedded.EJBContainerImpl.deploy(EJBContainerImpl.java:135)
	at org.glassfish.ejb.embedded.EJBContainerProviderImpl.createEJBContainer(EJBContainerProviderImpl.java:120)
	at javax.ejb.embeddable.EJBContainer.createEJBContainer(EJBContainer.java:102)
	at org.beginningee6.book.chapter07.ex09.ItemEJB09Test.initContainer(ItemEJB09Test.java:40)
	at sun.reflect.NativeMethodAccessorImpl.invoke0(Native Method)
	at sun.reflect.NativeMethodAccessorImpl.invoke(NativeMethodAccessorImpl.java:57)
	at sun.reflect.DelegatingMethodAccessorImpl.invoke(DelegatingMethodAccessorImpl.java:43)
	at java.lang.reflect.Method.invoke(Method.java:601)
	at org.junit.runners.model.FrameworkMethod$1.runReflectiveCall(FrameworkMethod.java:44)
	at org.junit.internal.runners.model.ReflectiveCallable.run(ReflectiveCallable.java:15)
	at org.junit.runners.model.FrameworkMethod.invokeExplosively(FrameworkMethod.java:41)
	at org.junit.internal.runners.statements.RunBefores.evaluate(RunBefores.java:27)
	at org.junit.internal.runners.statements.RunAfters.evaluate(RunAfters.java:31)
	at org.junit.runners.ParentRunner.run(ParentRunner.java:236)
	at org.apache.maven.surefire.junit4.JUnit4TestSet.execute(JUnit4TestSet.java:53)
	at org.apache.maven.surefire.junit4.JUnit4Provider.executeTestSet(JUnit4Provider.java:123)
	at org.apache.maven.surefire.junit4.JUnit4Provider.invoke(JUnit4Provider.java:104)
	at sun.reflect.NativeMethodAccessorImpl.invoke0(Native Method)
	at sun.reflect.NativeMethodAccessorImpl.invoke(NativeMethodAccessorImpl.java:57)
	at sun.reflect.DelegatingMethodAccessorImpl.invoke(DelegatingMethodAccessorImpl.java:43)
	at java.lang.reflect.Method.invoke(Method.java:601)
	at org.apache.maven.surefire.util.ReflectionUtils.invokeMethodWithArray(ReflectionUtils.java:164)
	at org.apache.maven.surefire.booter.ProviderFactory$ProviderProxy.invoke(ProviderFactory.java:110)
	at org.apache.maven.surefire.booter.SurefireStarter.invokeProvider(SurefireStarter.java:175)
	at org.apache.maven.surefire.booter.SurefireStarter.runSuitesInProcessWhenForked(SurefireStarter.java:107)
	at org.apache.maven.surefire.booter.ForkedBooter.main(ForkedBooter.java:68)

</system-err>
  </testcase>
</testsuite>