<?xml version="1.0" encoding="UTF-8" ?>
<testsuite failures="0" time="1,247.226" errors="10" skipped="0" tests="10" name="org.beginningee6.book.chapter07.ex01.ItemEJB01Test">
  <properties>
[...]
</properties>
  <testcase time="159.411" classname="org.beginningee6.book.chapter07.ex01.ItemEJB01Test" name="testDeleteCD">
    <error message="No EJBContainer provider available
The following providers:
org.glassfish.ejb.embedded.EJBContainerProviderImpl
Returned null from createEJBContainer call.
" type="javax.ejb.EJBException">javax.ejb.EJBException: No EJBContainer provider available
The following providers:
org.glassfish.ejb.embedded.EJBContainerProviderImpl
Returned null from createEJBContainer call.

	at javax.ejb.embeddable.EJBContainer.reportError(EJBContainer.java:186)
	at javax.ejb.embeddable.EJBContainer.createEJBContainer(EJBContainer.java:121)
	at javax.ejb.embeddable.EJBContainer.createEJBContainer(EJBContainer.java:78)
	at org.beginningee6.book.chapter07.ex01.ItemEJB01Test.testDeleteCD(ItemEJB01Test.java:163)
	at sun.reflect.NativeMethodAccessorImpl.invoke0(Native Method)
	at sun.reflect.NativeMethodAccessorImpl.invoke(NativeMethodAccessorImpl.java:57)
	at sun.reflect.DelegatingMethodAccessorImpl.invoke(DelegatingMethodAccessorImpl.java:43)
	at java.lang.reflect.Method.invoke(Method.java:601)
	at org.junit.runners.model.FrameworkMethod$1.runReflectiveCall(FrameworkMethod.java:44)
	at org.junit.internal.runners.model.ReflectiveCallable.run(ReflectiveCallable.java:15)
	at org.junit.runners.model.FrameworkMethod.invokeExplosively(FrameworkMethod.java:41)
	at org.junit.internal.runners.statements.InvokeMethod.evaluate(InvokeMethod.java:20)
	at org.junit.internal.runners.statements.RunBefores.evaluate(RunBefores.java:28)
	at org.junit.internal.runners.statements.RunAfters.evaluate(RunAfters.java:31)
	at org.junit.runners.BlockJUnit4ClassRunner.runNotIgnored(BlockJUnit4ClassRunner.java:79)
	at org.junit.runners.BlockJUnit4ClassRunner.runChild(BlockJUnit4ClassRunner.java:71)
	at org.junit.runners.BlockJUnit4ClassRunner.runChild(BlockJUnit4ClassRunner.java:49)
	at org.junit.runners.ParentRunner$3.run(ParentRunner.java:193)
	at org.junit.runners.ParentRunner$1.schedule(ParentRunner.java:52)
	at org.junit.runners.ParentRunner.runChildren(ParentRunner.java:191)
	at org.junit.runners.ParentRunner.access$000(ParentRunner.java:42)
	at org.junit.runners.ParentRunner$2.evaluate(ParentRunner.java:184)
	at org.junit.internal.runners.statements.RunBefores.evaluate(RunBefores.java:28)
	at org.junit.internal.runners.statements.RunAfters.evaluate(RunAfters.java:31)
	at org.junit.runners.ParentRunner.run(ParentRunner.java:236)
	at org.apache.maven.surefire.junit4.JUnit4TestSet.execute(JUnit4TestSet.java:53)
	at org.apache.maven.surefire.junit4.JUnit4Provider.executeTestSet(JUnit4Provider.java:123)
	at org.apache.maven.surefire.junit4.JUnit4Provider.invoke(JUnit4Provider.java:104)
	at sun.reflect.NativeMethodAccessorImpl.invoke0(Native Method)
	at sun.reflect.NativeMethodAccessorImpl.invoke(NativeMethodAccessorImpl.java:57)
	at sun.reflect.DelegatingMethodAccessorImpl.invoke(DelegatingMethodAccessorImpl.java:43)
	at java.lang.reflect.Method.invoke(Method.java:601)
	at org.apache.maven.surefire.util.ReflectionUtils.invokeMethodWithArray(ReflectionUtils.java:164)
	at org.apache.maven.surefire.booter.ProviderFactory$ProviderProxy.invoke(ProviderFactory.java:110)
	at org.apache.maven.surefire.booter.SurefireStarter.invokeProvider(SurefireStarter.java:175)
	at org.apache.maven.surefire.booter.SurefireStarter.runSuitesInProcessWhenForked(SurefireStarter.java:107)
	at org.apache.maven.surefire.booter.ForkedBooter.main(ForkedBooter.java:68)
</error>
    <system-out>deleteCD
</system-out>
    <system-err>jul 20, 2013 5:18:24 PM org.glassfish.ejb.embedded.EJBContainerProviderImpl getValidFile
SEVERE: ejb.embedded.location_not_exists
jul 20, 2013 5:18:25 PM com.sun.enterprise.v3.server.AppServerStartup run
INFO: GlassFish Server Open Source Edition 3.0.1 (java_re-private) startup time : Embedded(377ms) startup services(291ms) total(668ms)
jul 20, 2013 5:18:25 PM com.sun.enterprise.transaction.JavaEETransactionManagerSimplified initDelegates
INFO: Using com.sun.enterprise.transaction.jts.JavaEETransactionManagerJTSDelegate as the delegate
jul 20, 2013 5:18:25 PM org.glassfish.admin.mbeanserver.JMXStartupService$JMXConnectorsStarterThread run
INFO: JMXStartupService: JMXConnector system is disabled, skipping.
jul 20, 2013 5:18:25 PM AppServerStartup run
INFO: [Thread[GlassFish Kernel Main Thread,5,main]] started
jul 20, 2013 5:21:04 PM com.sun.enterprise.security.SecurityLifecycle &lt;init&gt;
SEVERE: java_security.init_securitylifecycle_fail
java.io.FileNotFoundException: C:\Users\Eugenio\.glassfishv3-GFEJBContainerProviderImpl\config\login.conf (Access is denied)
	at java.io.FileOutputStream.open(Native Method)
	at java.io.FileOutputStream.&lt;init&gt;(FileOutputStream.java:212)
	at java.io.FileOutputStream.&lt;init&gt;(FileOutputStream.java:165)
	at com.sun.enterprise.security.common.Util.writeConfigFileToTempDir(Util.java:154)
	at com.sun.enterprise.security.SecurityLifecycle.&lt;init&gt;(SecurityLifecycle.java:141)
	at sun.reflect.NativeConstructorAccessorImpl.newInstance0(Native Method)
	at sun.reflect.NativeConstructorAccessorImpl.newInstance(NativeConstructorAccessorImpl.java:57)
	at sun.reflect.DelegatingConstructorAccessorImpl.newInstance(DelegatingConstructorAccessorImpl.java:45)
	at java.lang.reflect.Constructor.newInstance(Constructor.java:525)
	at java.lang.Class.newInstance0(Class.java:372)
	at java.lang.Class.newInstance(Class.java:325)
	at com.sun.hk2.component.ConstructorWomb.create(ConstructorWomb.java:68)
	at com.sun.hk2.component.AbstractWombImpl.get(AbstractWombImpl.java:71)
	at com.sun.hk2.component.SingletonInhabitant.get(SingletonInhabitant.java:58)
	at com.sun.hk2.component.LazyInhabitant.get(LazyInhabitant.java:107)
	at com.sun.hk2.component.AbstractInhabitantImpl.get(AbstractInhabitantImpl.java:60)
	at com.sun.enterprise.security.SecuritySniffer.setup(SecuritySniffer.java:105)
	at com.sun.enterprise.v3.server.ContainerStarter.startContainer(ContainerStarter.java:99)
	at com.sun.enterprise.v3.server.ApplicationLifecycle.setupContainer(ApplicationLifecycle.java:703)
	at com.sun.enterprise.v3.server.ApplicationLifecycle.setupContainerInfos(ApplicationLifecycle.java:451)
	at org.glassfish.javaee.full.deployment.EarDeployer.prepareBundle(EarDeployer.java:264)
	at org.glassfish.javaee.full.deployment.EarDeployer.access$200(EarDeployer.java:79)
	at org.glassfish.javaee.full.deployment.EarDeployer$1.doBundle(EarDeployer.java:131)
	at org.glassfish.javaee.full.deployment.EarDeployer$1.doBundle(EarDeployer.java:129)
	at org.glassfish.javaee.full.deployment.EarDeployer.doOnBundles(EarDeployer.java:197)
	at org.glassfish.javaee.full.deployment.EarDeployer.doOnAllTypedBundles(EarDeployer.java:206)
	at org.glassfish.javaee.full.deployment.EarDeployer.doOnAllBundles(EarDeployer.java:232)
	at org.glassfish.javaee.full.deployment.EarDeployer.prepare(EarDeployer.java:129)
	at com.sun.enterprise.v3.server.ApplicationLifecycle.prepareModule(ApplicationLifecycle.java:644)
	at com.sun.enterprise.v3.server.ApplicationLifecycle.deploy(ApplicationLifecycle.java:296)
	at org.glassfish.kernel.embedded.EmbeddedDeployerImpl.deploy(EmbeddedDeployerImpl.java:214)
	at org.glassfish.kernel.embedded.EmbeddedDeployerImpl.deploy(EmbeddedDeployerImpl.java:144)
	at org.glassfish.ejb.embedded.EJBContainerImpl.deploy(EJBContainerImpl.java:128)
	at org.glassfish.ejb.embedded.EJBContainerProviderImpl.createEJBContainer(EJBContainerProviderImpl.java:120)
	at javax.ejb.embeddable.EJBContainer.createEJBContainer(EJBContainer.java:102)
	at javax.ejb.embeddable.EJBContainer.createEJBContainer(EJBContainer.java:78)
	at org.beginningee6.book.chapter07.ex01.ItemEJB01Test.testDeleteCD(ItemEJB01Test.java:163)
	at sun.reflect.NativeMethodAccessorImpl.invoke0(Native Method)
	at sun.reflect.NativeMethodAccessorImpl.invoke(NativeMethodAccessorImpl.java:57)
	at sun.reflect.DelegatingMethodAccessorImpl.invoke(DelegatingMethodAccessorImpl.java:43)
	at java.lang.reflect.Method.invoke(Method.java:601)
	at org.junit.runners.model.FrameworkMethod$1.runReflectiveCall(FrameworkMethod.java:44)
	at org.junit.internal.runners.model.ReflectiveCallable.run(ReflectiveCallable.java:15)
	at org.junit.runners.model.FrameworkMethod.invokeExplosively(FrameworkMethod.java:41)
	at org.junit.internal.runners.statements.InvokeMethod.evaluate(InvokeMethod.java:20)
	at org.junit.internal.runners.statements.RunBefores.evaluate(RunBefores.java:28)
	at org.junit.internal.runners.statements.RunAfters.evaluate(RunAfters.java:31)
	at org.junit.runners.BlockJUnit4ClassRunner.runNotIgnored(BlockJUnit4ClassRunner.java:79)
	at org.junit.runners.BlockJUnit4ClassRunner.runChild(BlockJUnit4ClassRunner.java:71)
	at org.junit.runners.BlockJUnit4ClassRunner.runChild(BlockJUnit4ClassRunner.java:49)
	at org.junit.runners.ParentRunner$3.run(ParentRunner.java:193)
	at org.junit.runners.ParentRunner$1.schedule(ParentRunner.java:52)
	at org.junit.runners.ParentRunner.runChildren(ParentRunner.java:191)
	at org.junit.runners.ParentRunner.access$000(ParentRunner.java:42)
	at org.junit.runners.ParentRunner$2.evaluate(ParentRunner.java:184)
	at org.junit.internal.runners.statements.RunBefores.evaluate(RunBefores.java:28)
	at org.junit.internal.runners.statements.RunAfters.evaluate(RunAfters.java:31)
	at org.junit.runners.ParentRunner.run(ParentRunner.java:236)
	at org.apache.maven.surefire.junit4.JUnit4TestSet.execute(JUnit4TestSet.java:53)
	at org.apache.maven.surefire.junit4.JUnit4Provider.executeTestSet(JUnit4Provider.java:123)
	at org.apache.maven.surefire.junit4.JUnit4Provider.invoke(JUnit4Provider.java:104)
	at sun.reflect.NativeMethodAccessorImpl.invoke0(Native Method)
	at sun.reflect.NativeMethodAccessorImpl.invoke(NativeMethodAccessorImpl.java:57)
	at sun.reflect.DelegatingMethodAccessorImpl.invoke(DelegatingMethodAccessorImpl.java:43)
	at java.lang.reflect.Method.invoke(Method.java:601)
	at org.apache.maven.surefire.util.ReflectionUtils.invokeMethodWithArray(ReflectionUtils.java:164)
	at org.apache.maven.surefire.booter.ProviderFactory$ProviderProxy.invoke(ProviderFactory.java:110)
	at org.apache.maven.surefire.booter.SurefireStarter.invokeProvider(SurefireStarter.java:175)
	at org.apache.maven.surefire.booter.SurefireStarter.runSuitesInProcessWhenForked(SurefireStarter.java:107)
	at org.apache.maven.surefire.booter.ForkedBooter.main(ForkedBooter.java:68)

jul 20, 2013 5:21:04 PM org.glassfish.javaee.full.deployment.EarDeployer prepareBundle
WARNING: Error occurred
org.jvnet.hk2.component.ComponentException: Failed to create class com.sun.enterprise.security.SecurityLifecycle
	at com.sun.hk2.component.ConstructorWomb.create(ConstructorWomb.java:76)
	at com.sun.hk2.component.AbstractWombImpl.get(AbstractWombImpl.java:71)
	at com.sun.hk2.component.SingletonInhabitant.get(SingletonInhabitant.java:58)
	at com.sun.hk2.component.LazyInhabitant.get(LazyInhabitant.java:107)
	at com.sun.hk2.component.AbstractInhabitantImpl.get(AbstractInhabitantImpl.java:60)
	at com.sun.enterprise.security.SecuritySniffer.setup(SecuritySniffer.java:105)
	at com.sun.enterprise.v3.server.ContainerStarter.startContainer(ContainerStarter.java:99)
	at com.sun.enterprise.v3.server.ApplicationLifecycle.setupContainer(ApplicationLifecycle.java:703)
	at com.sun.enterprise.v3.server.ApplicationLifecycle.setupContainerInfos(ApplicationLifecycle.java:451)
	at org.glassfish.javaee.full.deployment.EarDeployer.prepareBundle(EarDeployer.java:264)
	at org.glassfish.javaee.full.deployment.EarDeployer.access$200(EarDeployer.java:79)
	at org.glassfish.javaee.full.deployment.EarDeployer$1.doBundle(EarDeployer.java:131)
	at org.glassfish.javaee.full.deployment.EarDeployer$1.doBundle(EarDeployer.java:129)
	at org.glassfish.javaee.full.deployment.EarDeployer.doOnBundles(EarDeployer.java:197)
	at org.glassfish.javaee.full.deployment.EarDeployer.doOnAllTypedBundles(EarDeployer.java:206)
	at org.glassfish.javaee.full.deployment.EarDeployer.doOnAllBundles(EarDeployer.java:232)
	at org.glassfish.javaee.full.deployment.EarDeployer.prepare(EarDeployer.java:129)
	at com.sun.enterprise.v3.server.ApplicationLifecycle.prepareModule(ApplicationLifecycle.java:644)
	at com.sun.enterprise.v3.server.ApplicationLifecycle.deploy(ApplicationLifecycle.java:296)
	at org.glassfish.kernel.embedded.EmbeddedDeployerImpl.deploy(EmbeddedDeployerImpl.java:214)
	at org.glassfish.kernel.embedded.EmbeddedDeployerImpl.deploy(EmbeddedDeployerImpl.java:144)
	at org.glassfish.ejb.embedded.EJBContainerImpl.deploy(EJBContainerImpl.java:128)
	at org.glassfish.ejb.embedded.EJBContainerProviderImpl.createEJBContainer(EJBContainerProviderImpl.java:120)
	at javax.ejb.embeddable.EJBContainer.createEJBContainer(EJBContainer.java:102)
	at javax.ejb.embeddable.EJBContainer.createEJBContainer(EJBContainer.java:78)
	at org.beginningee6.book.chapter07.ex01.ItemEJB01Test.testDeleteCD(ItemEJB01Test.java:163)
	at sun.reflect.NativeMethodAccessorImpl.invoke0(Native Method)
	at sun.reflect.NativeMethodAccessorImpl.invoke(NativeMethodAccessorImpl.java:57)
	at sun.reflect.DelegatingMethodAccessorImpl.invoke(DelegatingMethodAccessorImpl.java:43)
	at java.lang.reflect.Method.invoke(Method.java:601)
	at org.junit.runners.model.FrameworkMethod$1.runReflectiveCall(FrameworkMethod.java:44)
	at org.junit.internal.runners.model.ReflectiveCallable.run(ReflectiveCallable.java:15)
	at org.junit.runners.model.FrameworkMethod.invokeExplosively(FrameworkMethod.java:41)
	at org.junit.internal.runners.statements.InvokeMethod.evaluate(InvokeMethod.java:20)
	at org.junit.internal.runners.statements.RunBefores.evaluate(RunBefores.java:28)
	at org.junit.internal.runners.statements.RunAfters.evaluate(RunAfters.java:31)
	at org.junit.runners.BlockJUnit4ClassRunner.runNotIgnored(BlockJUnit4ClassRunner.java:79)
	at org.junit.runners.BlockJUnit4ClassRunner.runChild(BlockJUnit4ClassRunner.java:71)
	at org.junit.runners.BlockJUnit4ClassRunner.runChild(BlockJUnit4ClassRunner.java:49)
	at org.junit.runners.ParentRunner$3.run(ParentRunner.java:193)
	at org.junit.runners.ParentRunner$1.schedule(ParentRunner.java:52)
	at org.junit.runners.ParentRunner.runChildren(ParentRunner.java:191)
	at org.junit.runners.ParentRunner.access$000(ParentRunner.java:42)
	at org.junit.runners.ParentRunner$2.evaluate(ParentRunner.java:184)
	at org.junit.internal.runners.statements.RunBefores.evaluate(RunBefores.java:28)
	at org.junit.internal.runners.statements.RunAfters.evaluate(RunAfters.java:31)
	at org.junit.runners.ParentRunner.run(ParentRunner.java:236)
	at org.apache.maven.surefire.junit4.JUnit4TestSet.execute(JUnit4TestSet.java:53)
	at org.apache.maven.surefire.junit4.JUnit4Provider.executeTestSet(JUnit4Provider.java:123)
	at org.apache.maven.surefire.junit4.JUnit4Provider.invoke(JUnit4Provider.java:104)
	at sun.reflect.NativeMethodAccessorImpl.invoke0(Native Method)
	at sun.reflect.NativeMethodAccessorImpl.invoke(NativeMethodAccessorImpl.java:57)
	at sun.reflect.DelegatingMethodAccessorImpl.invoke(DelegatingMethodAccessorImpl.java:43)
	at java.lang.reflect.Method.invoke(Method.java:601)
	at org.apache.maven.surefire.util.ReflectionUtils.invokeMethodWithArray(ReflectionUtils.java:164)
	at org.apache.maven.surefire.booter.ProviderFactory$ProviderProxy.invoke(ProviderFactory.java:110)
	at org.apache.maven.surefire.booter.SurefireStarter.invokeProvider(SurefireStarter.java:175)
	at org.apache.maven.surefire.booter.SurefireStarter.runSuitesInProcessWhenForked(SurefireStarter.java:107)
	at org.apache.maven.surefire.booter.ForkedBooter.main(ForkedBooter.java:68)
Caused by: java.lang.RuntimeException: java.io.FileNotFoundException: C:\Users\Eugenio\.glassfishv3-GFEJBContainerProviderImpl\config\login.conf (Access is denied)
	at com.sun.enterprise.security.SecurityLifecycle.&lt;init&gt;(SecurityLifecycle.java:170)
	at sun.reflect.NativeConstructorAccessorImpl.newInstance0(Native Method)
	at sun.reflect.NativeConstructorAccessorImpl.newInstance(NativeConstructorAccessorImpl.java:57)
	at sun.reflect.DelegatingConstructorAccessorImpl.newInstance(DelegatingConstructorAccessorImpl.java:45)
	at java.lang.reflect.Constructor.newInstance(Constructor.java:525)
	at java.lang.Class.newInstance0(Class.java:372)
	at java.lang.Class.newInstance(Class.java:325)
	at com.sun.hk2.component.ConstructorWomb.create(ConstructorWomb.java:68)
	... 58 more
Caused by: java.io.FileNotFoundException: C:\Users\Eugenio\.glassfishv3-GFEJBContainerProviderImpl\config\login.conf (Access is denied)
	at java.io.FileOutputStream.open(Native Method)
	at java.io.FileOutputStream.&lt;init&gt;(FileOutputStream.java:212)
	at java.io.FileOutputStream.&lt;init&gt;(FileOutputStream.java:165)
	at com.sun.enterprise.security.common.Util.writeConfigFileToTempDir(Util.java:154)
	at com.sun.enterprise.security.SecurityLifecycle.&lt;init&gt;(SecurityLifecycle.java:141)
	... 65 more

jul 20, 2013 5:21:04 PM org.glassfish.api.ActionReport failure
SEVERE: Exception while invoking class org.glassfish.javaee.full.deployment.EarDeployer prepare method
org.glassfish.deployment.common.DeploymentException: Failed to create class com.sun.enterprise.security.SecurityLifecycle
	at org.glassfish.javaee.full.deployment.EarDeployer.prepare(EarDeployer.java:148)
	at com.sun.enterprise.v3.server.ApplicationLifecycle.prepareModule(ApplicationLifecycle.java:644)
	at com.sun.enterprise.v3.server.ApplicationLifecycle.deploy(ApplicationLifecycle.java:296)
	at org.glassfish.kernel.embedded.EmbeddedDeployerImpl.deploy(EmbeddedDeployerImpl.java:214)
	at org.glassfish.kernel.embedded.EmbeddedDeployerImpl.deploy(EmbeddedDeployerImpl.java:144)
	at org.glassfish.ejb.embedded.EJBContainerImpl.deploy(EJBContainerImpl.java:128)
	at org.glassfish.ejb.embedded.EJBContainerProviderImpl.createEJBContainer(EJBContainerProviderImpl.java:120)
	at javax.ejb.embeddable.EJBContainer.createEJBContainer(EJBContainer.java:102)
	at javax.ejb.embeddable.EJBContainer.createEJBContainer(EJBContainer.java:78)
	at org.beginningee6.book.chapter07.ex01.ItemEJB01Test.testDeleteCD(ItemEJB01Test.java:163)
	at sun.reflect.NativeMethodAccessorImpl.invoke0(Native Method)
	at sun.reflect.NativeMethodAccessorImpl.invoke(NativeMethodAccessorImpl.java:57)
	at sun.reflect.DelegatingMethodAccessorImpl.invoke(DelegatingMethodAccessorImpl.java:43)
	at java.lang.reflect.Method.invoke(Method.java:601)
	at org.junit.runners.model.FrameworkMethod$1.runReflectiveCall(FrameworkMethod.java:44)
	at org.junit.internal.runners.model.ReflectiveCallable.run(ReflectiveCallable.java:15)
	at org.junit.runners.model.FrameworkMethod.invokeExplosively(FrameworkMethod.java:41)
	at org.junit.internal.runners.statements.InvokeMethod.evaluate(InvokeMethod.java:20)
	at org.junit.internal.runners.statements.RunBefores.evaluate(RunBefores.java:28)
	at org.junit.internal.runners.statements.RunAfters.evaluate(RunAfters.java:31)
	at org.junit.runners.BlockJUnit4ClassRunner.runNotIgnored(BlockJUnit4ClassRunner.java:79)
	at org.junit.runners.BlockJUnit4ClassRunner.runChild(BlockJUnit4ClassRunner.java:71)
	at org.junit.runners.BlockJUnit4ClassRunner.runChild(BlockJUnit4ClassRunner.java:49)
	at org.junit.runners.ParentRunner$3.run(ParentRunner.java:193)
	at org.junit.runners.ParentRunner$1.schedule(ParentRunner.java:52)
	at org.junit.runners.ParentRunner.runChildren(ParentRunner.java:191)
	at org.junit.runners.ParentRunner.access$000(ParentRunner.java:42)
	at org.junit.runners.ParentRunner$2.evaluate(ParentRunner.java:184)
	at org.junit.internal.runners.statements.RunBefores.evaluate(RunBefores.java:28)
	at org.junit.internal.runners.statements.RunAfters.evaluate(RunAfters.java:31)
	at org.junit.runners.ParentRunner.run(ParentRunner.java:236)
	at org.apache.maven.surefire.junit4.JUnit4TestSet.execute(JUnit4TestSet.java:53)
	at org.apache.maven.surefire.junit4.JUnit4Provider.executeTestSet(JUnit4Provider.java:123)
	at org.apache.maven.surefire.junit4.JUnit4Provider.invoke(JUnit4Provider.java:104)
	at sun.reflect.NativeMethodAccessorImpl.invoke0(Native Method)
	at sun.reflect.NativeMethodAccessorImpl.invoke(NativeMethodAccessorImpl.java:57)
	at sun.reflect.DelegatingMethodAccessorImpl.invoke(DelegatingMethodAccessorImpl.java:43)
	at java.lang.reflect.Method.invoke(Method.java:601)
	at org.apache.maven.surefire.util.ReflectionUtils.invokeMethodWithArray(ReflectionUtils.java:164)
	at org.apache.maven.surefire.booter.ProviderFactory$ProviderProxy.invoke(ProviderFactory.java:110)
	at org.apache.maven.surefire.booter.SurefireStarter.invokeProvider(SurefireStarter.java:175)
	at org.apache.maven.surefire.booter.SurefireStarter.runSuitesInProcessWhenForked(SurefireStarter.java:107)
	at org.apache.maven.surefire.booter.ForkedBooter.main(ForkedBooter.java:68)
Caused by: org.jvnet.hk2.component.ComponentException: Failed to create class com.sun.enterprise.security.SecurityLifecycle
	at com.sun.hk2.component.ConstructorWomb.create(ConstructorWomb.java:76)
	at com.sun.hk2.component.AbstractWombImpl.get(AbstractWombImpl.java:71)
	at com.sun.hk2.component.SingletonInhabitant.get(SingletonInhabitant.java:58)
	at com.sun.hk2.component.LazyInhabitant.get(LazyInhabitant.java:107)
	at com.sun.hk2.component.AbstractInhabitantImpl.get(AbstractInhabitantImpl.java:60)
	at com.sun.enterprise.security.SecuritySniffer.setup(SecuritySniffer.java:105)
	at com.sun.enterprise.v3.server.ContainerStarter.startContainer(ContainerStarter.java:99)
	at com.sun.enterprise.v3.server.ApplicationLifecycle.setupContainer(ApplicationLifecycle.java:703)
	at com.sun.enterprise.v3.server.ApplicationLifecycle.setupContainerInfos(ApplicationLifecycle.java:451)
	at org.glassfish.javaee.full.deployment.EarDeployer.prepareBundle(EarDeployer.java:264)
	at org.glassfish.javaee.full.deployment.EarDeployer.access$200(EarDeployer.java:79)
	at org.glassfish.javaee.full.deployment.EarDeployer$1.doBundle(EarDeployer.java:131)
	at org.glassfish.javaee.full.deployment.EarDeployer$1.doBundle(EarDeployer.java:129)
	at org.glassfish.javaee.full.deployment.EarDeployer.doOnBundles(EarDeployer.java:197)
	at org.glassfish.javaee.full.deployment.EarDeployer.doOnAllTypedBundles(EarDeployer.java:206)
	at org.glassfish.javaee.full.deployment.EarDeployer.doOnAllBundles(EarDeployer.java:232)
	at org.glassfish.javaee.full.deployment.EarDeployer.prepare(EarDeployer.java:129)
	... 42 more
Caused by: java.lang.RuntimeException: java.io.FileNotFoundException: C:\Users\Eugenio\.glassfishv3-GFEJBContainerProviderImpl\config\login.conf (Access is denied)
	at com.sun.enterprise.security.SecurityLifecycle.&lt;init&gt;(SecurityLifecycle.java:170)
	at sun.reflect.NativeConstructorAccessorImpl.newInstance0(Native Method)
	at sun.reflect.NativeConstructorAccessorImpl.newInstance(NativeConstructorAccessorImpl.java:57)
	at sun.reflect.DelegatingConstructorAccessorImpl.newInstance(DelegatingConstructorAccessorImpl.java:45)
	at java.lang.reflect.Constructor.newInstance(Constructor.java:525)
	at java.lang.Class.newInstance0(Class.java:372)
	at java.lang.Class.newInstance(Class.java:325)
	at com.sun.hk2.component.ConstructorWomb.create(ConstructorWomb.java:68)
	... 58 more
Caused by: java.io.FileNotFoundException: C:\Users\Eugenio\.glassfishv3-GFEJBContainerProviderImpl\config\login.conf (Access is denied)
	at java.io.FileOutputStream.open(Native Method)
	at java.io.FileOutputStream.&lt;init&gt;(FileOutputStream.java:212)
	at java.io.FileOutputStream.&lt;init&gt;(FileOutputStream.java:165)
	at com.sun.enterprise.security.common.Util.writeConfigFileToTempDir(Util.java:154)
	at com.sun.enterprise.security.SecurityLifecycle.&lt;init&gt;(SecurityLifecycle.java:141)
	... 65 more

jul 20, 2013 5:21:04 PM org.glassfish.api.ActionReport failure
SEVERE: Exception while preparing the app
org.glassfish.deployment.common.DeploymentException: Failed to create class com.sun.enterprise.security.SecurityLifecycle
	at org.glassfish.javaee.full.deployment.EarDeployer.prepare(EarDeployer.java:148)
	at com.sun.enterprise.v3.server.ApplicationLifecycle.prepareModule(ApplicationLifecycle.java:644)
	at com.sun.enterprise.v3.server.ApplicationLifecycle.deploy(ApplicationLifecycle.java:296)
	at org.glassfish.kernel.embedded.EmbeddedDeployerImpl.deploy(EmbeddedDeployerImpl.java:214)
	at org.glassfish.kernel.embedded.EmbeddedDeployerImpl.deploy(EmbeddedDeployerImpl.java:144)
	at org.glassfish.ejb.embedded.EJBContainerImpl.deploy(EJBContainerImpl.java:128)
	at org.glassfish.ejb.embedded.EJBContainerProviderImpl.createEJBContainer(EJBContainerProviderImpl.java:120)
	at javax.ejb.embeddable.EJBContainer.createEJBContainer(EJBContainer.java:102)
	at javax.ejb.embeddable.EJBContainer.createEJBContainer(EJBContainer.java:78)
	at org.beginningee6.book.chapter07.ex01.ItemEJB01Test.testDeleteCD(ItemEJB01Test.java:163)
	at sun.reflect.NativeMethodAccessorImpl.invoke0(Native Method)
	at sun.reflect.NativeMethodAccessorImpl.invoke(NativeMethodAccessorImpl.java:57)
	at sun.reflect.DelegatingMethodAccessorImpl.invoke(DelegatingMethodAccessorImpl.java:43)
	at java.lang.reflect.Method.invoke(Method.java:601)
	at org.junit.runners.model.FrameworkMethod$1.runReflectiveCall(FrameworkMethod.java:44)
	at org.junit.internal.runners.model.ReflectiveCallable.run(ReflectiveCallable.java:15)
	at org.junit.runners.model.FrameworkMethod.invokeExplosively(FrameworkMethod.java:41)
	at org.junit.internal.runners.statements.InvokeMethod.evaluate(InvokeMethod.java:20)
	at org.junit.internal.runners.statements.RunBefores.evaluate(RunBefores.java:28)
	at org.junit.internal.runners.statements.RunAfters.evaluate(RunAfters.java:31)
	at org.junit.runners.BlockJUnit4ClassRunner.runNotIgnored(BlockJUnit4ClassRunner.java:79)
	at org.junit.runners.BlockJUnit4ClassRunner.runChild(BlockJUnit4ClassRunner.java:71)
	at org.junit.runners.BlockJUnit4ClassRunner.runChild(BlockJUnit4ClassRunner.java:49)
	at org.junit.runners.ParentRunner$3.run(ParentRunner.java:193)
	at org.junit.runners.ParentRunner$1.schedule(ParentRunner.java:52)
	at org.junit.runners.ParentRunner.runChildren(ParentRunner.java:191)
	at org.junit.runners.ParentRunner.access$000(ParentRunner.java:42)
	at org.junit.runners.ParentRunner$2.evaluate(ParentRunner.java:184)
	at org.junit.internal.runners.statements.RunBefores.evaluate(RunBefores.java:28)
	at org.junit.internal.runners.statements.RunAfters.evaluate(RunAfters.java:31)
	at org.junit.runners.ParentRunner.run(ParentRunner.java:236)
	at org.apache.maven.surefire.junit4.JUnit4TestSet.execute(JUnit4TestSet.java:53)
	at org.apache.maven.surefire.junit4.JUnit4Provider.executeTestSet(JUnit4Provider.java:123)
	at org.apache.maven.surefire.junit4.JUnit4Provider.invoke(JUnit4Provider.java:104)
	at sun.reflect.NativeMethodAccessorImpl.invoke0(Native Method)
	at sun.reflect.NativeMethodAccessorImpl.invoke(NativeMethodAccessorImpl.java:57)
	at sun.reflect.DelegatingMethodAccessorImpl.invoke(DelegatingMethodAccessorImpl.java:43)
	at java.lang.reflect.Method.invoke(Method.java:601)
	at org.apache.maven.surefire.util.ReflectionUtils.invokeMethodWithArray(ReflectionUtils.java:164)
	at org.apache.maven.surefire.booter.ProviderFactory$ProviderProxy.invoke(ProviderFactory.java:110)
	at org.apache.maven.surefire.booter.SurefireStarter.invokeProvider(SurefireStarter.java:175)
	at org.apache.maven.surefire.booter.SurefireStarter.runSuitesInProcessWhenForked(SurefireStarter.java:107)
	at org.apache.maven.surefire.booter.ForkedBooter.main(ForkedBooter.java:68)
Caused by: org.jvnet.hk2.component.ComponentException: Failed to create class com.sun.enterprise.security.SecurityLifecycle
	at com.sun.hk2.component.ConstructorWomb.create(ConstructorWomb.java:76)
	at com.sun.hk2.component.AbstractWombImpl.get(AbstractWombImpl.java:71)
	at com.sun.hk2.component.SingletonInhabitant.get(SingletonInhabitant.java:58)
	at com.sun.hk2.component.LazyInhabitant.get(LazyInhabitant.java:107)
	at com.sun.hk2.component.AbstractInhabitantImpl.get(AbstractInhabitantImpl.java:60)
	at com.sun.enterprise.security.SecuritySniffer.setup(SecuritySniffer.java:105)
	at com.sun.enterprise.v3.server.ContainerStarter.startContainer(ContainerStarter.java:99)
	at com.sun.enterprise.v3.server.ApplicationLifecycle.setupContainer(ApplicationLifecycle.java:703)
	at com.sun.enterprise.v3.server.ApplicationLifecycle.setupContainerInfos(ApplicationLifecycle.java:451)
	at org.glassfish.javaee.full.deployment.EarDeployer.prepareBundle(EarDeployer.java:264)
	at org.glassfish.javaee.full.deployment.EarDeployer.access$200(EarDeployer.java:79)
	at org.glassfish.javaee.full.deployment.EarDeployer$1.doBundle(EarDeployer.java:131)
	at org.glassfish.javaee.full.deployment.EarDeployer$1.doBundle(EarDeployer.java:129)
	at org.glassfish.javaee.full.deployment.EarDeployer.doOnBundles(EarDeployer.java:197)
	at org.glassfish.javaee.full.deployment.EarDeployer.doOnAllTypedBundles(EarDeployer.java:206)
	at org.glassfish.javaee.full.deployment.EarDeployer.doOnAllBundles(EarDeployer.java:232)
	at org.glassfish.javaee.full.deployment.EarDeployer.prepare(EarDeployer.java:129)
	... 42 more
Caused by: java.lang.RuntimeException: java.io.FileNotFoundException: C:\Users\Eugenio\.glassfishv3-GFEJBContainerProviderImpl\config\login.conf (Access is denied)
	at com.sun.enterprise.security.SecurityLifecycle.&lt;init&gt;(SecurityLifecycle.java:170)
	at sun.reflect.NativeConstructorAccessorImpl.newInstance0(Native Method)
	at sun.reflect.NativeConstructorAccessorImpl.newInstance(NativeConstructorAccessorImpl.java:57)
	at sun.reflect.DelegatingConstructorAccessorImpl.newInstance(DelegatingConstructorAccessorImpl.java:45)
	at java.lang.reflect.Constructor.newInstance(Constructor.java:525)
	at java.lang.Class.newInstance0(Class.java:372)
	at java.lang.Class.newInstance(Class.java:325)
	at com.sun.hk2.component.ConstructorWomb.create(ConstructorWomb.java:68)
	... 58 more
Caused by: java.io.FileNotFoundException: C:\Users\Eugenio\.glassfishv3-GFEJBContainerProviderImpl\config\login.conf (Access is denied)
	at java.io.FileOutputStream.open(Native Method)
	at java.io.FileOutputStream.&lt;init&gt;(FileOutputStream.java:212)
	at java.io.FileOutputStream.&lt;init&gt;(FileOutputStream.java:165)
	at com.sun.enterprise.security.common.Util.writeConfigFileToTempDir(Util.java:154)
	at com.sun.enterprise.security.SecurityLifecycle.&lt;init&gt;(SecurityLifecycle.java:141)
	... 65 more

jul 20, 2013 5:21:04 PM org.glassfish.ejb.embedded.EJBContainerProviderImpl createEJBContainer
INFO: [EJBContainerProviderImpl] Cleaning up on failure ...
jul 20, 2013 5:21:04 PM org.glassfish.admin.mbeanserver.JMXStartupService shutdown
INFO: JMXStartupService and JMXConnectors have been shut down.
jul 20, 2013 5:21:04 PM com.sun.enterprise.v3.server.AppServerStartup stop
INFO: Shutdown procedure finished
jul 20, 2013 5:21:04 PM AppServerStartup run
INFO: [Thread[GlassFish Kernel Main Thread,5,main]] exiting
jul 20, 2013 5:21:04 PM org.glassfish.ejb.embedded.EJBContainerProviderImpl createEJBContainer
SEVERE: ejb.embedded.exception_instantiating
javax.ejb.EJBException: Failed to deploy EJB modules - see log for details
	at org.glassfish.ejb.embedded.EJBContainerImpl.deploy(EJBContainerImpl.java:135)
	at org.glassfish.ejb.embedded.EJBContainerProviderImpl.createEJBContainer(EJBContainerProviderImpl.java:120)
	at javax.ejb.embeddable.EJBContainer.createEJBContainer(EJBContainer.java:102)
	at javax.ejb.embeddable.EJBContainer.createEJBContainer(EJBContainer.java:78)
	at org.beginningee6.book.chapter07.ex01.ItemEJB01Test.testDeleteCD(ItemEJB01Test.java:163)
	at sun.reflect.NativeMethodAccessorImpl.invoke0(Native Method)
	at sun.reflect.NativeMethodAccessorImpl.invoke(NativeMethodAccessorImpl.java:57)
	at sun.reflect.DelegatingMethodAccessorImpl.invoke(DelegatingMethodAccessorImpl.java:43)
	at java.lang.reflect.Method.invoke(Method.java:601)
	at org.junit.runners.model.FrameworkMethod$1.runReflectiveCall(FrameworkMethod.java:44)
	at org.junit.internal.runners.model.ReflectiveCallable.run(ReflectiveCallable.java:15)
	at org.junit.runners.model.FrameworkMethod.invokeExplosively(FrameworkMethod.java:41)
	at org.junit.internal.runners.statements.InvokeMethod.evaluate(InvokeMethod.java:20)
	at org.junit.internal.runners.statements.RunBefores.evaluate(RunBefores.java:28)
	at org.junit.internal.runners.statements.RunAfters.evaluate(RunAfters.java:31)
	at org.junit.runners.BlockJUnit4ClassRunner.runNotIgnored(BlockJUnit4ClassRunner.java:79)
	at org.junit.runners.BlockJUnit4ClassRunner.runChild(BlockJUnit4ClassRunner.java:71)
	at org.junit.runners.BlockJUnit4ClassRunner.runChild(BlockJUnit4ClassRunner.java:49)
	at org.junit.runners.ParentRunner$3.run(ParentRunner.java:193)
	at org.junit.runners.ParentRunner$1.schedule(ParentRunner.java:52)
	at org.junit.runners.ParentRunner.runChildren(ParentRunner.java:191)
	at org.junit.runners.ParentRunner.access$000(ParentRunner.java:42)
	at org.junit.runners.ParentRunner$2.evaluate(ParentRunner.java:184)
	at org.junit.internal.runners.statements.RunBefores.evaluate(RunBefores.java:28)
	at org.junit.internal.runners.statements.RunAfters.evaluate(RunAfters.java:31)
	at org.junit.runners.ParentRunner.run(ParentRunner.java:236)
	at org.apache.maven.surefire.junit4.JUnit4TestSet.execute(JUnit4TestSet.java:53)
	at org.apache.maven.surefire.junit4.JUnit4Provider.executeTestSet(JUnit4Provider.java:123)
	at org.apache.maven.surefire.junit4.JUnit4Provider.invoke(JUnit4Provider.java:104)
	at sun.reflect.NativeMethodAccessorImpl.invoke0(Native Method)
	at sun.reflect.NativeMethodAccessorImpl.invoke(NativeMethodAccessorImpl.java:57)
	at sun.reflect.DelegatingMethodAccessorImpl.invoke(DelegatingMethodAccessorImpl.java:43)
	at java.lang.reflect.Method.invoke(Method.java:601)
	at org.apache.maven.surefire.util.ReflectionUtils.invokeMethodWithArray(ReflectionUtils.java:164)
	at org.apache.maven.surefire.booter.ProviderFactory$ProviderProxy.invoke(ProviderFactory.java:110)
	at org.apache.maven.surefire.booter.SurefireStarter.invokeProvider(SurefireStarter.java:175)
	at org.apache.maven.surefire.booter.SurefireStarter.runSuitesInProcessWhenForked(SurefireStarter.java:107)
	at org.apache.maven.surefire.booter.ForkedBooter.main(ForkedBooter.java:68)

</system-err>
  </testcase>
  <testcase time="139.438" classname="org.beginningee6.book.chapter07.ex01.ItemEJB01Test" name="testCreateCD">
    <error message="No EJBContainer provider available
The following providers:
org.glassfish.ejb.embedded.EJBContainerProviderImpl
Returned null from createEJBContainer call.
" type="javax.ejb.EJBException">javax.ejb.EJBException: No EJBContainer provider available
The following providers:
org.glassfish.ejb.embedded.EJBContainerProviderImpl
Returned null from createEJBContainer call.

	at javax.ejb.embeddable.EJBContainer.reportError(EJBContainer.java:186)
	at javax.ejb.embeddable.EJBContainer.createEJBContainer(EJBContainer.java:121)
	at javax.ejb.embeddable.EJBContainer.createEJBContainer(EJBContainer.java:78)
	at org.beginningee6.book.chapter07.ex01.ItemEJB01Test.testCreateCD(ItemEJB01Test.java:131)
	at sun.reflect.NativeMethodAccessorImpl.invoke0(Native Method)
	at sun.reflect.NativeMethodAccessorImpl.invoke(NativeMethodAccessorImpl.java:57)
	at sun.reflect.DelegatingMethodAccessorImpl.invoke(DelegatingMethodAccessorImpl.java:43)
	at java.lang.reflect.Method.invoke(Method.java:601)
	at org.junit.runners.model.FrameworkMethod$1.runReflectiveCall(FrameworkMethod.java:44)
	at org.junit.internal.runners.model.ReflectiveCallable.run(ReflectiveCallable.java:15)
	at org.junit.runners.model.FrameworkMethod.invokeExplosively(FrameworkMethod.java:41)
	at org.junit.internal.runners.statements.InvokeMethod.evaluate(InvokeMethod.java:20)
	at org.junit.internal.runners.statements.RunBefores.evaluate(RunBefores.java:28)
	at org.junit.internal.runners.statements.RunAfters.evaluate(RunAfters.java:31)
	at org.junit.runners.BlockJUnit4ClassRunner.runNotIgnored(BlockJUnit4ClassRunner.java:79)
	at org.junit.runners.BlockJUnit4ClassRunner.runChild(BlockJUnit4ClassRunner.java:71)
	at org.junit.runners.BlockJUnit4ClassRunner.runChild(BlockJUnit4ClassRunner.java:49)
	at org.junit.runners.ParentRunner$3.run(ParentRunner.java:193)
	at org.junit.runners.ParentRunner$1.schedule(ParentRunner.java:52)
	at org.junit.runners.ParentRunner.runChildren(ParentRunner.java:191)
	at org.junit.runners.ParentRunner.access$000(ParentRunner.java:42)
	at org.junit.runners.ParentRunner$2.evaluate(ParentRunner.java:184)
	at org.junit.internal.runners.statements.RunBefores.evaluate(RunBefores.java:28)
	at org.junit.internal.runners.statements.RunAfters.evaluate(RunAfters.java:31)
	at org.junit.runners.ParentRunner.run(ParentRunner.java:236)
	at org.apache.maven.surefire.junit4.JUnit4TestSet.execute(JUnit4TestSet.java:53)
	at org.apache.maven.surefire.junit4.JUnit4Provider.executeTestSet(JUnit4Provider.java:123)
	at org.apache.maven.surefire.junit4.JUnit4Provider.invoke(JUnit4Provider.java:104)
	at sun.reflect.NativeMethodAccessorImpl.invoke0(Native Method)
	at sun.reflect.NativeMethodAccessorImpl.invoke(NativeMethodAccessorImpl.java:57)
	at sun.reflect.DelegatingMethodAccessorImpl.invoke(DelegatingMethodAccessorImpl.java:43)
	at java.lang.reflect.Method.invoke(Method.java:601)
	at org.apache.maven.surefire.util.ReflectionUtils.invokeMethodWithArray(ReflectionUtils.java:164)
	at org.apache.maven.surefire.booter.ProviderFactory$ProviderProxy.invoke(ProviderFactory.java:110)
	at org.apache.maven.surefire.booter.SurefireStarter.invokeProvider(SurefireStarter.java:175)
	at org.apache.maven.surefire.booter.SurefireStarter.runSuitesInProcessWhenForked(SurefireStarter.java:107)
	at org.apache.maven.surefire.booter.ForkedBooter.main(ForkedBooter.java:68)
</error>
    <system-out>createCD
</system-out>
    <system-err>jul 20, 2013 5:21:04 PM org.glassfish.ejb.embedded.EJBContainerProviderImpl getValidFile
SEVERE: ejb.embedded.location_not_exists
jul 20, 2013 5:21:04 PM com.sun.enterprise.module.impl.HK2Factory initialize
WARNING: Singleton already initialized as com.sun.enterprise.module.impl.HK2Factory@4964cd4e
jul 20, 2013 5:21:08 PM com.sun.enterprise.v3.server.AppServerStartup run
INFO: GlassFish Server Open Source Edition 3.0.1 (java_re-private) startup time : Embedded(4703ms) startup services(33ms) total(4736ms)
jul 20, 2013 5:21:08 PM com.sun.enterprise.transaction.JavaEETransactionManagerSimplified initDelegates
INFO: Using com.sun.enterprise.transaction.jts.JavaEETransactionManagerJTSDelegate as the delegate
jul 20, 2013 5:21:08 PM org.glassfish.admin.mbeanserver.JMXStartupService$JMXConnectorsStarterThread run
INFO: JMXStartupService: JMXConnector system is disabled, skipping.
jul 20, 2013 5:21:09 PM AppServerStartup run
INFO: [Thread[GlassFish Kernel Main Thread,5,main]] started
jul 20, 2013 5:23:23 PM com.sun.enterprise.security.SecurityLifecycle &lt;init&gt;
SEVERE: java_security.init_securitylifecycle_fail
java.io.FileNotFoundException: C:\Users\Eugenio\.glassfishv3-GFEJBContainerProviderImpl\config\login.conf (Access is denied)
	at java.io.FileOutputStream.open(Native Method)
	at java.io.FileOutputStream.&lt;init&gt;(FileOutputStream.java:212)
	at java.io.FileOutputStream.&lt;init&gt;(FileOutputStream.java:165)
	at com.sun.enterprise.security.common.Util.writeConfigFileToTempDir(Util.java:154)
	at com.sun.enterprise.security.SecurityLifecycle.&lt;init&gt;(SecurityLifecycle.java:141)
	at sun.reflect.NativeConstructorAccessorImpl.newInstance0(Native Method)
	at sun.reflect.NativeConstructorAccessorImpl.newInstance(NativeConstructorAccessorImpl.java:57)
	at sun.reflect.DelegatingConstructorAccessorImpl.newInstance(DelegatingConstructorAccessorImpl.java:45)
	at java.lang.reflect.Constructor.newInstance(Constructor.java:525)
	at java.lang.Class.newInstance0(Class.java:372)
	at java.lang.Class.newInstance(Class.java:325)
	at com.sun.hk2.component.ConstructorWomb.create(ConstructorWomb.java:68)
	at com.sun.hk2.component.AbstractWombImpl.get(AbstractWombImpl.java:71)
	at com.sun.hk2.component.SingletonInhabitant.get(SingletonInhabitant.java:58)
	at com.sun.hk2.component.LazyInhabitant.get(LazyInhabitant.java:107)
	at com.sun.hk2.component.AbstractInhabitantImpl.get(AbstractInhabitantImpl.java:60)
	at com.sun.enterprise.security.SecuritySniffer.setup(SecuritySniffer.java:105)
	at com.sun.enterprise.v3.server.ContainerStarter.startContainer(ContainerStarter.java:99)
	at com.sun.enterprise.v3.server.ApplicationLifecycle.setupContainer(ApplicationLifecycle.java:703)
	at com.sun.enterprise.v3.server.ApplicationLifecycle.setupContainerInfos(ApplicationLifecycle.java:451)
	at org.glassfish.javaee.full.deployment.EarDeployer.prepareBundle(EarDeployer.java:264)
	at org.glassfish.javaee.full.deployment.EarDeployer.access$200(EarDeployer.java:79)
	at org.glassfish.javaee.full.deployment.EarDeployer$1.doBundle(EarDeployer.java:131)
	at org.glassfish.javaee.full.deployment.EarDeployer$1.doBundle(EarDeployer.java:129)
	at org.glassfish.javaee.full.deployment.EarDeployer.doOnBundles(EarDeployer.java:197)
	at org.glassfish.javaee.full.deployment.EarDeployer.doOnAllTypedBundles(EarDeployer.java:206)
	at org.glassfish.javaee.full.deployment.EarDeployer.doOnAllBundles(EarDeployer.java:232)
	at org.glassfish.javaee.full.deployment.EarDeployer.prepare(EarDeployer.java:129)
	at com.sun.enterprise.v3.server.ApplicationLifecycle.prepareModule(ApplicationLifecycle.java:644)
	at com.sun.enterprise.v3.server.ApplicationLifecycle.deploy(ApplicationLifecycle.java:296)
	at org.glassfish.kernel.embedded.EmbeddedDeployerImpl.deploy(EmbeddedDeployerImpl.java:214)
	at org.glassfish.kernel.embedded.EmbeddedDeployerImpl.deploy(EmbeddedDeployerImpl.java:144)
	at org.glassfish.ejb.embedded.EJBContainerImpl.deploy(EJBContainerImpl.java:128)
	at org.glassfish.ejb.embedded.EJBContainerProviderImpl.createEJBContainer(EJBContainerProviderImpl.java:120)
	at javax.ejb.embeddable.EJBContainer.createEJBContainer(EJBContainer.java:102)
	at javax.ejb.embeddable.EJBContainer.createEJBContainer(EJBContainer.java:78)
	at org.beginningee6.book.chapter07.ex01.ItemEJB01Test.testCreateCD(ItemEJB01Test.java:131)
	at sun.reflect.NativeMethodAccessorImpl.invoke0(Native Method)
	at sun.reflect.NativeMethodAccessorImpl.invoke(NativeMethodAccessorImpl.java:57)
	at sun.reflect.DelegatingMethodAccessorImpl.invoke(DelegatingMethodAccessorImpl.java:43)
	at java.lang.reflect.Method.invoke(Method.java:601)
	at org.junit.runners.model.FrameworkMethod$1.runReflectiveCall(FrameworkMethod.java:44)
	at org.junit.internal.runners.model.ReflectiveCallable.run(ReflectiveCallable.java:15)
	at org.junit.runners.model.FrameworkMethod.invokeExplosively(FrameworkMethod.java:41)
	at org.junit.internal.runners.statements.InvokeMethod.evaluate(InvokeMethod.java:20)
	at org.junit.internal.runners.statements.RunBefores.evaluate(RunBefores.java:28)
	at org.junit.internal.runners.statements.RunAfters.evaluate(RunAfters.java:31)
	at org.junit.runners.BlockJUnit4ClassRunner.runNotIgnored(BlockJUnit4ClassRunner.java:79)
	at org.junit.runners.BlockJUnit4ClassRunner.runChild(BlockJUnit4ClassRunner.java:71)
	at org.junit.runners.BlockJUnit4ClassRunner.runChild(BlockJUnit4ClassRunner.java:49)
	at org.junit.runners.ParentRunner$3.run(ParentRunner.java:193)
	at org.junit.runners.ParentRunner$1.schedule(ParentRunner.java:52)
	at org.junit.runners.ParentRunner.runChildren(ParentRunner.java:191)
	at org.junit.runners.ParentRunner.access$000(ParentRunner.java:42)
	at org.junit.runners.ParentRunner$2.evaluate(ParentRunner.java:184)
	at org.junit.internal.runners.statements.RunBefores.evaluate(RunBefores.java:28)
	at org.junit.internal.runners.statements.RunAfters.evaluate(RunAfters.java:31)
	at org.junit.runners.ParentRunner.run(ParentRunner.java:236)
	at org.apache.maven.surefire.junit4.JUnit4TestSet.execute(JUnit4TestSet.java:53)
	at org.apache.maven.surefire.junit4.JUnit4Provider.executeTestSet(JUnit4Provider.java:123)
	at org.apache.maven.surefire.junit4.JUnit4Provider.invoke(JUnit4Provider.java:104)
	at sun.reflect.NativeMethodAccessorImpl.invoke0(Native Method)
	at sun.reflect.NativeMethodAccessorImpl.invoke(NativeMethodAccessorImpl.java:57)
	at sun.reflect.DelegatingMethodAccessorImpl.invoke(DelegatingMethodAccessorImpl.java:43)
	at java.lang.reflect.Method.invoke(Method.java:601)
	at org.apache.maven.surefire.util.ReflectionUtils.invokeMethodWithArray(ReflectionUtils.java:164)
	at org.apache.maven.surefire.booter.ProviderFactory$ProviderProxy.invoke(ProviderFactory.java:110)
	at org.apache.maven.surefire.booter.SurefireStarter.invokeProvider(SurefireStarter.java:175)
	at org.apache.maven.surefire.booter.SurefireStarter.runSuitesInProcessWhenForked(SurefireStarter.java:107)
	at org.apache.maven.surefire.booter.ForkedBooter.main(ForkedBooter.java:68)

jul 20, 2013 5:23:23 PM org.glassfish.javaee.full.deployment.EarDeployer prepareBundle
WARNING: Error occurred
org.jvnet.hk2.component.ComponentException: Failed to create class com.sun.enterprise.security.SecurityLifecycle
	at com.sun.hk2.component.ConstructorWomb.create(ConstructorWomb.java:76)
	at com.sun.hk2.component.AbstractWombImpl.get(AbstractWombImpl.java:71)
	at com.sun.hk2.component.SingletonInhabitant.get(SingletonInhabitant.java:58)
	at com.sun.hk2.component.LazyInhabitant.get(LazyInhabitant.java:107)
	at com.sun.hk2.component.AbstractInhabitantImpl.get(AbstractInhabitantImpl.java:60)
	at com.sun.enterprise.security.SecuritySniffer.setup(SecuritySniffer.java:105)
	at com.sun.enterprise.v3.server.ContainerStarter.startContainer(ContainerStarter.java:99)
	at com.sun.enterprise.v3.server.ApplicationLifecycle.setupContainer(ApplicationLifecycle.java:703)
	at com.sun.enterprise.v3.server.ApplicationLifecycle.setupContainerInfos(ApplicationLifecycle.java:451)
	at org.glassfish.javaee.full.deployment.EarDeployer.prepareBundle(EarDeployer.java:264)
	at org.glassfish.javaee.full.deployment.EarDeployer.access$200(EarDeployer.java:79)
	at org.glassfish.javaee.full.deployment.EarDeployer$1.doBundle(EarDeployer.java:131)
	at org.glassfish.javaee.full.deployment.EarDeployer$1.doBundle(EarDeployer.java:129)
	at org.glassfish.javaee.full.deployment.EarDeployer.doOnBundles(EarDeployer.java:197)
	at org.glassfish.javaee.full.deployment.EarDeployer.doOnAllTypedBundles(EarDeployer.java:206)
	at org.glassfish.javaee.full.deployment.EarDeployer.doOnAllBundles(EarDeployer.java:232)
	at org.glassfish.javaee.full.deployment.EarDeployer.prepare(EarDeployer.java:129)
	at com.sun.enterprise.v3.server.ApplicationLifecycle.prepareModule(ApplicationLifecycle.java:644)
	at com.sun.enterprise.v3.server.ApplicationLifecycle.deploy(ApplicationLifecycle.java:296)
	at org.glassfish.kernel.embedded.EmbeddedDeployerImpl.deploy(EmbeddedDeployerImpl.java:214)
	at org.glassfish.kernel.embedded.EmbeddedDeployerImpl.deploy(EmbeddedDeployerImpl.java:144)
	at org.glassfish.ejb.embedded.EJBContainerImpl.deploy(EJBContainerImpl.java:128)
	at org.glassfish.ejb.embedded.EJBContainerProviderImpl.createEJBContainer(EJBContainerProviderImpl.java:120)
	at javax.ejb.embeddable.EJBContainer.createEJBContainer(EJBContainer.java:102)
	at javax.ejb.embeddable.EJBContainer.createEJBContainer(EJBContainer.java:78)
	at org.beginningee6.book.chapter07.ex01.ItemEJB01Test.testCreateCD(ItemEJB01Test.java:131)
	at sun.reflect.NativeMethodAccessorImpl.invoke0(Native Method)
	at sun.reflect.NativeMethodAccessorImpl.invoke(NativeMethodAccessorImpl.java:57)
	at sun.reflect.DelegatingMethodAccessorImpl.invoke(DelegatingMethodAccessorImpl.java:43)
	at java.lang.reflect.Method.invoke(Method.java:601)
	at org.junit.runners.model.FrameworkMethod$1.runReflectiveCall(FrameworkMethod.java:44)
	at org.junit.internal.runners.model.ReflectiveCallable.run(ReflectiveCallable.java:15)
	at org.junit.runners.model.FrameworkMethod.invokeExplosively(FrameworkMethod.java:41)
	at org.junit.internal.runners.statements.InvokeMethod.evaluate(InvokeMethod.java:20)
	at org.junit.internal.runners.statements.RunBefores.evaluate(RunBefores.java:28)
	at org.junit.internal.runners.statements.RunAfters.evaluate(RunAfters.java:31)
	at org.junit.runners.BlockJUnit4ClassRunner.runNotIgnored(BlockJUnit4ClassRunner.java:79)
	at org.junit.runners.BlockJUnit4ClassRunner.runChild(BlockJUnit4ClassRunner.java:71)
	at org.junit.runners.BlockJUnit4ClassRunner.runChild(BlockJUnit4ClassRunner.java:49)
	at org.junit.runners.ParentRunner$3.run(ParentRunner.java:193)
	at org.junit.runners.ParentRunner$1.schedule(ParentRunner.java:52)
	at org.junit.runners.ParentRunner.runChildren(ParentRunner.java:191)
	at org.junit.runners.ParentRunner.access$000(ParentRunner.java:42)
	at org.junit.runners.ParentRunner$2.evaluate(ParentRunner.java:184)
	at org.junit.internal.runners.statements.RunBefores.evaluate(RunBefores.java:28)
	at org.junit.internal.runners.statements.RunAfters.evaluate(RunAfters.java:31)
	at org.junit.runners.ParentRunner.run(ParentRunner.java:236)
	at org.apache.maven.surefire.junit4.JUnit4TestSet.execute(JUnit4TestSet.java:53)
	at org.apache.maven.surefire.junit4.JUnit4Provider.executeTestSet(JUnit4Provider.java:123)
	at org.apache.maven.surefire.junit4.JUnit4Provider.invoke(JUnit4Provider.java:104)
	at sun.reflect.NativeMethodAccessorImpl.invoke0(Native Method)
	at sun.reflect.NativeMethodAccessorImpl.invoke(NativeMethodAccessorImpl.java:57)
	at sun.reflect.DelegatingMethodAccessorImpl.invoke(DelegatingMethodAccessorImpl.java:43)
	at java.lang.reflect.Method.invoke(Method.java:601)
	at org.apache.maven.surefire.util.ReflectionUtils.invokeMethodWithArray(ReflectionUtils.java:164)
	at org.apache.maven.surefire.booter.ProviderFactory$ProviderProxy.invoke(ProviderFactory.java:110)
	at org.apache.maven.surefire.booter.SurefireStarter.invokeProvider(SurefireStarter.java:175)
	at org.apache.maven.surefire.booter.SurefireStarter.runSuitesInProcessWhenForked(SurefireStarter.java:107)
	at org.apache.maven.surefire.booter.ForkedBooter.main(ForkedBooter.java:68)
Caused by: java.lang.RuntimeException: java.io.FileNotFoundException: C:\Users\Eugenio\.glassfishv3-GFEJBContainerProviderImpl\config\login.conf (Access is denied)
	at com.sun.enterprise.security.SecurityLifecycle.&lt;init&gt;(SecurityLifecycle.java:170)
	at sun.reflect.NativeConstructorAccessorImpl.newInstance0(Native Method)
	at sun.reflect.NativeConstructorAccessorImpl.newInstance(NativeConstructorAccessorImpl.java:57)
	at sun.reflect.DelegatingConstructorAccessorImpl.newInstance(DelegatingConstructorAccessorImpl.java:45)
	at java.lang.reflect.Constructor.newInstance(Constructor.java:525)
	at java.lang.Class.newInstance0(Class.java:372)
	at java.lang.Class.newInstance(Class.java:325)
	at com.sun.hk2.component.ConstructorWomb.create(ConstructorWomb.java:68)
	... 58 more
Caused by: java.io.FileNotFoundException: C:\Users\Eugenio\.glassfishv3-GFEJBContainerProviderImpl\config\login.conf (Access is denied)
	at java.io.FileOutputStream.open(Native Method)
	at java.io.FileOutputStream.&lt;init&gt;(FileOutputStream.java:212)
	at java.io.FileOutputStream.&lt;init&gt;(FileOutputStream.java:165)
	at com.sun.enterprise.security.common.Util.writeConfigFileToTempDir(Util.java:154)
	at com.sun.enterprise.security.SecurityLifecycle.&lt;init&gt;(SecurityLifecycle.java:141)
	... 65 more

jul 20, 2013 5:23:23 PM org.glassfish.api.ActionReport failure
SEVERE: Exception while invoking class org.glassfish.javaee.full.deployment.EarDeployer prepare method
org.glassfish.deployment.common.DeploymentException: Failed to create class com.sun.enterprise.security.SecurityLifecycle
	at org.glassfish.javaee.full.deployment.EarDeployer.prepare(EarDeployer.java:148)
	at com.sun.enterprise.v3.server.ApplicationLifecycle.prepareModule(ApplicationLifecycle.java:644)
	at com.sun.enterprise.v3.server.ApplicationLifecycle.deploy(ApplicationLifecycle.java:296)
	at org.glassfish.kernel.embedded.EmbeddedDeployerImpl.deploy(EmbeddedDeployerImpl.java:214)
	at org.glassfish.kernel.embedded.EmbeddedDeployerImpl.deploy(EmbeddedDeployerImpl.java:144)
	at org.glassfish.ejb.embedded.EJBContainerImpl.deploy(EJBContainerImpl.java:128)
	at org.glassfish.ejb.embedded.EJBContainerProviderImpl.createEJBContainer(EJBContainerProviderImpl.java:120)
	at javax.ejb.embeddable.EJBContainer.createEJBContainer(EJBContainer.java:102)
	at javax.ejb.embeddable.EJBContainer.createEJBContainer(EJBContainer.java:78)
	at org.beginningee6.book.chapter07.ex01.ItemEJB01Test.testCreateCD(ItemEJB01Test.java:131)
	at sun.reflect.NativeMethodAccessorImpl.invoke0(Native Method)
	at sun.reflect.NativeMethodAccessorImpl.invoke(NativeMethodAccessorImpl.java:57)
	at sun.reflect.DelegatingMethodAccessorImpl.invoke(DelegatingMethodAccessorImpl.java:43)
	at java.lang.reflect.Method.invoke(Method.java:601)
	at org.junit.runners.model.FrameworkMethod$1.runReflectiveCall(FrameworkMethod.java:44)
	at org.junit.internal.runners.model.ReflectiveCallable.run(ReflectiveCallable.java:15)
	at org.junit.runners.model.FrameworkMethod.invokeExplosively(FrameworkMethod.java:41)
	at org.junit.internal.runners.statements.InvokeMethod.evaluate(InvokeMethod.java:20)
	at org.junit.internal.runners.statements.RunBefores.evaluate(RunBefores.java:28)
	at org.junit.internal.runners.statements.RunAfters.evaluate(RunAfters.java:31)
	at org.junit.runners.BlockJUnit4ClassRunner.runNotIgnored(BlockJUnit4ClassRunner.java:79)
	at org.junit.runners.BlockJUnit4ClassRunner.runChild(BlockJUnit4ClassRunner.java:71)
	at org.junit.runners.BlockJUnit4ClassRunner.runChild(BlockJUnit4ClassRunner.java:49)
	at org.junit.runners.ParentRunner$3.run(ParentRunner.java:193)
	at org.junit.runners.ParentRunner$1.schedule(ParentRunner.java:52)
	at org.junit.runners.ParentRunner.runChildren(ParentRunner.java:191)
	at org.junit.runners.ParentRunner.access$000(ParentRunner.java:42)
	at org.junit.runners.ParentRunner$2.evaluate(ParentRunner.java:184)
	at org.junit.internal.runners.statements.RunBefores.evaluate(RunBefores.java:28)
	at org.junit.internal.runners.statements.RunAfters.evaluate(RunAfters.java:31)
	at org.junit.runners.ParentRunner.run(ParentRunner.java:236)
	at org.apache.maven.surefire.junit4.JUnit4TestSet.execute(JUnit4TestSet.java:53)
	at org.apache.maven.surefire.junit4.JUnit4Provider.executeTestSet(JUnit4Provider.java:123)
	at org.apache.maven.surefire.junit4.JUnit4Provider.invoke(JUnit4Provider.java:104)
	at sun.reflect.NativeMethodAccessorImpl.invoke0(Native Method)
	at sun.reflect.NativeMethodAccessorImpl.invoke(NativeMethodAccessorImpl.java:57)
	at sun.reflect.DelegatingMethodAccessorImpl.invoke(DelegatingMethodAccessorImpl.java:43)
	at java.lang.reflect.Method.invoke(Method.java:601)
	at org.apache.maven.surefire.util.ReflectionUtils.invokeMethodWithArray(ReflectionUtils.java:164)
	at org.apache.maven.surefire.booter.ProviderFactory$ProviderProxy.invoke(ProviderFactory.java:110)
	at org.apache.maven.surefire.booter.SurefireStarter.invokeProvider(SurefireStarter.java:175)
	at org.apache.maven.surefire.booter.SurefireStarter.runSuitesInProcessWhenForked(SurefireStarter.java:107)
	at org.apache.maven.surefire.booter.ForkedBooter.main(ForkedBooter.java:68)
Caused by: org.jvnet.hk2.component.ComponentException: Failed to create class com.sun.enterprise.security.SecurityLifecycle
	at com.sun.hk2.component.ConstructorWomb.create(ConstructorWomb.java:76)
	at com.sun.hk2.component.AbstractWombImpl.get(AbstractWombImpl.java:71)
	at com.sun.hk2.component.SingletonInhabitant.get(SingletonInhabitant.java:58)
	at com.sun.hk2.component.LazyInhabitant.get(LazyInhabitant.java:107)
	at com.sun.hk2.component.AbstractInhabitantImpl.get(AbstractInhabitantImpl.java:60)
	at com.sun.enterprise.security.SecuritySniffer.setup(SecuritySniffer.java:105)
	at com.sun.enterprise.v3.server.ContainerStarter.startContainer(ContainerStarter.java:99)
	at com.sun.enterprise.v3.server.ApplicationLifecycle.setupContainer(ApplicationLifecycle.java:703)
	at com.sun.enterprise.v3.server.ApplicationLifecycle.setupContainerInfos(ApplicationLifecycle.java:451)
	at org.glassfish.javaee.full.deployment.EarDeployer.prepareBundle(EarDeployer.java:264)
	at org.glassfish.javaee.full.deployment.EarDeployer.access$200(EarDeployer.java:79)
	at org.glassfish.javaee.full.deployment.EarDeployer$1.doBundle(EarDeployer.java:131)
	at org.glassfish.javaee.full.deployment.EarDeployer$1.doBundle(EarDeployer.java:129)
	at org.glassfish.javaee.full.deployment.EarDeployer.doOnBundles(EarDeployer.java:197)
	at org.glassfish.javaee.full.deployment.EarDeployer.doOnAllTypedBundles(EarDeployer.java:206)
	at org.glassfish.javaee.full.deployment.EarDeployer.doOnAllBundles(EarDeployer.java:232)
	at org.glassfish.javaee.full.deployment.EarDeployer.prepare(EarDeployer.java:129)
	... 42 more
Caused by: java.lang.RuntimeException: java.io.FileNotFoundException: C:\Users\Eugenio\.glassfishv3-GFEJBContainerProviderImpl\config\login.conf (Access is denied)
	at com.sun.enterprise.security.SecurityLifecycle.&lt;init&gt;(SecurityLifecycle.java:170)
	at sun.reflect.NativeConstructorAccessorImpl.newInstance0(Native Method)
	at sun.reflect.NativeConstructorAccessorImpl.newInstance(NativeConstructorAccessorImpl.java:57)
	at sun.reflect.DelegatingConstructorAccessorImpl.newInstance(DelegatingConstructorAccessorImpl.java:45)
	at java.lang.reflect.Constructor.newInstance(Constructor.java:525)
	at java.lang.Class.newInstance0(Class.java:372)
	at java.lang.Class.newInstance(Class.java:325)
	at com.sun.hk2.component.ConstructorWomb.create(ConstructorWomb.java:68)
	... 58 more
Caused by: java.io.FileNotFoundException: C:\Users\Eugenio\.glassfishv3-GFEJBContainerProviderImpl\config\login.conf (Access is denied)
	at java.io.FileOutputStream.open(Native Method)
	at java.io.FileOutputStream.&lt;init&gt;(FileOutputStream.java:212)
	at java.io.FileOutputStream.&lt;init&gt;(FileOutputStream.java:165)
	at com.sun.enterprise.security.common.Util.writeConfigFileToTempDir(Util.java:154)
	at com.sun.enterprise.security.SecurityLifecycle.&lt;init&gt;(SecurityLifecycle.java:141)
	... 65 more

jul 20, 2013 5:23:23 PM org.glassfish.api.ActionReport failure
SEVERE: Exception while preparing the app
org.glassfish.deployment.common.DeploymentException: Failed to create class com.sun.enterprise.security.SecurityLifecycle
	at org.glassfish.javaee.full.deployment.EarDeployer.prepare(EarDeployer.java:148)
	at com.sun.enterprise.v3.server.ApplicationLifecycle.prepareModule(ApplicationLifecycle.java:644)
	at com.sun.enterprise.v3.server.ApplicationLifecycle.deploy(ApplicationLifecycle.java:296)
	at org.glassfish.kernel.embedded.EmbeddedDeployerImpl.deploy(EmbeddedDeployerImpl.java:214)
	at org.glassfish.kernel.embedded.EmbeddedDeployerImpl.deploy(EmbeddedDeployerImpl.java:144)
	at org.glassfish.ejb.embedded.EJBContainerImpl.deploy(EJBContainerImpl.java:128)
	at org.glassfish.ejb.embedded.EJBContainerProviderImpl.createEJBContainer(EJBContainerProviderImpl.java:120)
	at javax.ejb.embeddable.EJBContainer.createEJBContainer(EJBContainer.java:102)
	at javax.ejb.embeddable.EJBContainer.createEJBContainer(EJBContainer.java:78)
	at org.beginningee6.book.chapter07.ex01.ItemEJB01Test.testCreateCD(ItemEJB01Test.java:131)
	at sun.reflect.NativeMethodAccessorImpl.invoke0(Native Method)
	at sun.reflect.NativeMethodAccessorImpl.invoke(NativeMethodAccessorImpl.java:57)
	at sun.reflect.DelegatingMethodAccessorImpl.invoke(DelegatingMethodAccessorImpl.java:43)
	at java.lang.reflect.Method.invoke(Method.java:601)
	at org.junit.runners.model.FrameworkMethod$1.runReflectiveCall(FrameworkMethod.java:44)
	at org.junit.internal.runners.model.ReflectiveCallable.run(ReflectiveCallable.java:15)
	at org.junit.runners.model.FrameworkMethod.invokeExplosively(FrameworkMethod.java:41)
	at org.junit.internal.runners.statements.InvokeMethod.evaluate(InvokeMethod.java:20)
	at org.junit.internal.runners.statements.RunBefores.evaluate(RunBefores.java:28)
	at org.junit.internal.runners.statements.RunAfters.evaluate(RunAfters.java:31)
	at org.junit.runners.BlockJUnit4ClassRunner.runNotIgnored(BlockJUnit4ClassRunner.java:79)
	at org.junit.runners.BlockJUnit4ClassRunner.runChild(BlockJUnit4ClassRunner.java:71)
	at org.junit.runners.BlockJUnit4ClassRunner.runChild(BlockJUnit4ClassRunner.java:49)
	at org.junit.runners.ParentRunner$3.run(ParentRunner.java:193)
	at org.junit.runners.ParentRunner$1.schedule(ParentRunner.java:52)
	at org.junit.runners.ParentRunner.runChildren(ParentRunner.java:191)
	at org.junit.runners.ParentRunner.access$000(ParentRunner.java:42)
	at org.junit.runners.ParentRunner$2.evaluate(ParentRunner.java:184)
	at org.junit.internal.runners.statements.RunBefores.evaluate(RunBefores.java:28)
	at org.junit.internal.runners.statements.RunAfters.evaluate(RunAfters.java:31)
	at org.junit.runners.ParentRunner.run(ParentRunner.java:236)
	at org.apache.maven.surefire.junit4.JUnit4TestSet.execute(JUnit4TestSet.java:53)
	at org.apache.maven.surefire.junit4.JUnit4Provider.executeTestSet(JUnit4Provider.java:123)
	at org.apache.maven.surefire.junit4.JUnit4Provider.invoke(JUnit4Provider.java:104)
	at sun.reflect.NativeMethodAccessorImpl.invoke0(Native Method)
	at sun.reflect.NativeMethodAccessorImpl.invoke(NativeMethodAccessorImpl.java:57)
	at sun.reflect.DelegatingMethodAccessorImpl.invoke(DelegatingMethodAccessorImpl.java:43)
	at java.lang.reflect.Method.invoke(Method.java:601)
	at org.apache.maven.surefire.util.ReflectionUtils.invokeMethodWithArray(ReflectionUtils.java:164)
	at org.apache.maven.surefire.booter.ProviderFactory$ProviderProxy.invoke(ProviderFactory.java:110)
	at org.apache.maven.surefire.booter.SurefireStarter.invokeProvider(SurefireStarter.java:175)
	at org.apache.maven.surefire.booter.SurefireStarter.runSuitesInProcessWhenForked(SurefireStarter.java:107)
	at org.apache.maven.surefire.booter.ForkedBooter.main(ForkedBooter.java:68)
Caused by: org.jvnet.hk2.component.ComponentException: Failed to create class com.sun.enterprise.security.SecurityLifecycle
	at com.sun.hk2.component.ConstructorWomb.create(ConstructorWomb.java:76)
	at com.sun.hk2.component.AbstractWombImpl.get(AbstractWombImpl.java:71)
	at com.sun.hk2.component.SingletonInhabitant.get(SingletonInhabitant.java:58)
	at com.sun.hk2.component.LazyInhabitant.get(LazyInhabitant.java:107)
	at com.sun.hk2.component.AbstractInhabitantImpl.get(AbstractInhabitantImpl.java:60)
	at com.sun.enterprise.security.SecuritySniffer.setup(SecuritySniffer.java:105)
	at com.sun.enterprise.v3.server.ContainerStarter.startContainer(ContainerStarter.java:99)
	at com.sun.enterprise.v3.server.ApplicationLifecycle.setupContainer(ApplicationLifecycle.java:703)
	at com.sun.enterprise.v3.server.ApplicationLifecycle.setupContainerInfos(ApplicationLifecycle.java:451)
	at org.glassfish.javaee.full.deployment.EarDeployer.prepareBundle(EarDeployer.java:264)
	at org.glassfish.javaee.full.deployment.EarDeployer.access$200(EarDeployer.java:79)
	at org.glassfish.javaee.full.deployment.EarDeployer$1.doBundle(EarDeployer.java:131)
	at org.glassfish.javaee.full.deployment.EarDeployer$1.doBundle(EarDeployer.java:129)
	at org.glassfish.javaee.full.deployment.EarDeployer.doOnBundles(EarDeployer.java:197)
	at org.glassfish.javaee.full.deployment.EarDeployer.doOnAllTypedBundles(EarDeployer.java:206)
	at org.glassfish.javaee.full.deployment.EarDeployer.doOnAllBundles(EarDeployer.java:232)
	at org.glassfish.javaee.full.deployment.EarDeployer.prepare(EarDeployer.java:129)
	... 42 more
Caused by: java.lang.RuntimeException: java.io.FileNotFoundException: C:\Users\Eugenio\.glassfishv3-GFEJBContainerProviderImpl\config\login.conf (Access is denied)
	at com.sun.enterprise.security.SecurityLifecycle.&lt;init&gt;(SecurityLifecycle.java:170)
	at sun.reflect.NativeConstructorAccessorImpl.newInstance0(Native Method)
	at sun.reflect.NativeConstructorAccessorImpl.newInstance(NativeConstructorAccessorImpl.java:57)
	at sun.reflect.DelegatingConstructorAccessorImpl.newInstance(DelegatingConstructorAccessorImpl.java:45)
	at java.lang.reflect.Constructor.newInstance(Constructor.java:525)
	at java.lang.Class.newInstance0(Class.java:372)
	at java.lang.Class.newInstance(Class.java:325)
	at com.sun.hk2.component.ConstructorWomb.create(ConstructorWomb.java:68)
	... 58 more
Caused by: java.io.FileNotFoundException: C:\Users\Eugenio\.glassfishv3-GFEJBContainerProviderImpl\config\login.conf (Access is denied)
	at java.io.FileOutputStream.open(Native Method)
	at java.io.FileOutputStream.&lt;init&gt;(FileOutputStream.java:212)
	at java.io.FileOutputStream.&lt;init&gt;(FileOutputStream.java:165)
	at com.sun.enterprise.security.common.Util.writeConfigFileToTempDir(Util.java:154)
	at com.sun.enterprise.security.SecurityLifecycle.&lt;init&gt;(SecurityLifecycle.java:141)
	... 65 more

jul 20, 2013 5:23:23 PM org.glassfish.ejb.embedded.EJBContainerProviderImpl createEJBContainer
INFO: [EJBContainerProviderImpl] Cleaning up on failure ...
jul 20, 2013 5:23:23 PM org.glassfish.admin.mbeanserver.JMXStartupService shutdown
INFO: JMXStartupService and JMXConnectors have been shut down.
jul 20, 2013 5:23:23 PM com.sun.enterprise.v3.server.AppServerStartup stop
INFO: Shutdown procedure finished
jul 20, 2013 5:23:23 PM AppServerStartup run
INFO: [Thread[GlassFish Kernel Main Thread,5,main]] exiting
jul 20, 2013 5:23:23 PM org.glassfish.ejb.embedded.EJBContainerProviderImpl createEJBContainer
SEVERE: ejb.embedded.exception_instantiating
javax.ejb.EJBException: Failed to deploy EJB modules - see log for details
	at org.glassfish.ejb.embedded.EJBContainerImpl.deploy(EJBContainerImpl.java:135)
	at org.glassfish.ejb.embedded.EJBContainerProviderImpl.createEJBContainer(EJBContainerProviderImpl.java:120)
	at javax.ejb.embeddable.EJBContainer.createEJBContainer(EJBContainer.java:102)
	at javax.ejb.embeddable.EJBContainer.createEJBContainer(EJBContainer.java:78)
	at org.beginningee6.book.chapter07.ex01.ItemEJB01Test.testCreateCD(ItemEJB01Test.java:131)
	at sun.reflect.NativeMethodAccessorImpl.invoke0(Native Method)
	at sun.reflect.NativeMethodAccessorImpl.invoke(NativeMethodAccessorImpl.java:57)
	at sun.reflect.DelegatingMethodAccessorImpl.invoke(DelegatingMethodAccessorImpl.java:43)
	at java.lang.reflect.Method.invoke(Method.java:601)
	at org.junit.runners.model.FrameworkMethod$1.runReflectiveCall(FrameworkMethod.java:44)
	at org.junit.internal.runners.model.ReflectiveCallable.run(ReflectiveCallable.java:15)
	at org.junit.runners.model.FrameworkMethod.invokeExplosively(FrameworkMethod.java:41)
	at org.junit.internal.runners.statements.InvokeMethod.evaluate(InvokeMethod.java:20)
	at org.junit.internal.runners.statements.RunBefores.evaluate(RunBefores.java:28)
	at org.junit.internal.runners.statements.RunAfters.evaluate(RunAfters.java:31)
	at org.junit.runners.BlockJUnit4ClassRunner.runNotIgnored(BlockJUnit4ClassRunner.java:79)
	at org.junit.runners.BlockJUnit4ClassRunner.runChild(BlockJUnit4ClassRunner.java:71)
	at org.junit.runners.BlockJUnit4ClassRunner.runChild(BlockJUnit4ClassRunner.java:49)
	at org.junit.runners.ParentRunner$3.run(ParentRunner.java:193)
	at org.junit.runners.ParentRunner$1.schedule(ParentRunner.java:52)
	at org.junit.runners.ParentRunner.runChildren(ParentRunner.java:191)
	at org.junit.runners.ParentRunner.access$000(ParentRunner.java:42)
	at org.junit.runners.ParentRunner$2.evaluate(ParentRunner.java:184)
	at org.junit.internal.runners.statements.RunBefores.evaluate(RunBefores.java:28)
	at org.junit.internal.runners.statements.RunAfters.evaluate(RunAfters.java:31)
	at org.junit.runners.ParentRunner.run(ParentRunner.java:236)
	at org.apache.maven.surefire.junit4.JUnit4TestSet.execute(JUnit4TestSet.java:53)
	at org.apache.maven.surefire.junit4.JUnit4Provider.executeTestSet(JUnit4Provider.java:123)
	at org.apache.maven.surefire.junit4.JUnit4Provider.invoke(JUnit4Provider.java:104)
	at sun.reflect.NativeMethodAccessorImpl.invoke0(Native Method)
	at sun.reflect.NativeMethodAccessorImpl.invoke(NativeMethodAccessorImpl.java:57)
	at sun.reflect.DelegatingMethodAccessorImpl.invoke(DelegatingMethodAccessorImpl.java:43)
	at java.lang.reflect.Method.invoke(Method.java:601)
	at org.apache.maven.surefire.util.ReflectionUtils.invokeMethodWithArray(ReflectionUtils.java:164)
	at org.apache.maven.surefire.booter.ProviderFactory$ProviderProxy.invoke(ProviderFactory.java:110)
	at org.apache.maven.surefire.booter.SurefireStarter.invokeProvider(SurefireStarter.java:175)
	at org.apache.maven.surefire.booter.SurefireStarter.runSuitesInProcessWhenForked(SurefireStarter.java:107)
	at org.apache.maven.surefire.booter.ForkedBooter.main(ForkedBooter.java:68)

</system-err>
  </testcase>
  <testcase time="125.293" classname="org.beginningee6.book.chapter07.ex01.ItemEJB01Test" name="testUpdateCD">
    <error message="No EJBContainer provider available
The following providers:
org.glassfish.ejb.embedded.EJBContainerProviderImpl
Returned null from createEJBContainer call.
" type="javax.ejb.EJBException">javax.ejb.EJBException: No EJBContainer provider available
The following providers:
org.glassfish.ejb.embedded.EJBContainerProviderImpl
Returned null from createEJBContainer call.

	at javax.ejb.embeddable.EJBContainer.reportError(EJBContainer.java:186)
	at javax.ejb.embeddable.EJBContainer.createEJBContainer(EJBContainer.java:121)
	at javax.ejb.embeddable.EJBContainer.createEJBContainer(EJBContainer.java:78)
	at org.beginningee6.book.chapter07.ex01.ItemEJB01Test.testUpdateCD(ItemEJB01Test.java:195)
	at sun.reflect.NativeMethodAccessorImpl.invoke0(Native Method)
	at sun.reflect.NativeMethodAccessorImpl.invoke(NativeMethodAccessorImpl.java:57)
	at sun.reflect.DelegatingMethodAccessorImpl.invoke(DelegatingMethodAccessorImpl.java:43)
	at java.lang.reflect.Method.invoke(Method.java:601)
	at org.junit.runners.model.FrameworkMethod$1.runReflectiveCall(FrameworkMethod.java:44)
	at org.junit.internal.runners.model.ReflectiveCallable.run(ReflectiveCallable.java:15)
	at org.junit.runners.model.FrameworkMethod.invokeExplosively(FrameworkMethod.java:41)
	at org.junit.internal.runners.statements.InvokeMethod.evaluate(InvokeMethod.java:20)
	at org.junit.internal.runners.statements.RunBefores.evaluate(RunBefores.java:28)
	at org.junit.internal.runners.statements.RunAfters.evaluate(RunAfters.java:31)
	at org.junit.runners.BlockJUnit4ClassRunner.runNotIgnored(BlockJUnit4ClassRunner.java:79)
	at org.junit.runners.BlockJUnit4ClassRunner.runChild(BlockJUnit4ClassRunner.java:71)
	at org.junit.runners.BlockJUnit4ClassRunner.runChild(BlockJUnit4ClassRunner.java:49)
	at org.junit.runners.ParentRunner$3.run(ParentRunner.java:193)
	at org.junit.runners.ParentRunner$1.schedule(ParentRunner.java:52)
	at org.junit.runners.ParentRunner.runChildren(ParentRunner.java:191)
	at org.junit.runners.ParentRunner.access$000(ParentRunner.java:42)
	at org.junit.runners.ParentRunner$2.evaluate(ParentRunner.java:184)
	at org.junit.internal.runners.statements.RunBefores.evaluate(RunBefores.java:28)
	at org.junit.internal.runners.statements.RunAfters.evaluate(RunAfters.java:31)
	at org.junit.runners.ParentRunner.run(ParentRunner.java:236)
	at org.apache.maven.surefire.junit4.JUnit4TestSet.execute(JUnit4TestSet.java:53)
	at org.apache.maven.surefire.junit4.JUnit4Provider.executeTestSet(JUnit4Provider.java:123)
	at org.apache.maven.surefire.junit4.JUnit4Provider.invoke(JUnit4Provider.java:104)
	at sun.reflect.NativeMethodAccessorImpl.invoke0(Native Method)
	at sun.reflect.NativeMethodAccessorImpl.invoke(NativeMethodAccessorImpl.java:57)
	at sun.reflect.DelegatingMethodAccessorImpl.invoke(DelegatingMethodAccessorImpl.java:43)
	at java.lang.reflect.Method.invoke(Method.java:601)
	at org.apache.maven.surefire.util.ReflectionUtils.invokeMethodWithArray(ReflectionUtils.java:164)
	at org.apache.maven.surefire.booter.ProviderFactory$ProviderProxy.invoke(ProviderFactory.java:110)
	at org.apache.maven.surefire.booter.SurefireStarter.invokeProvider(SurefireStarter.java:175)
	at org.apache.maven.surefire.booter.SurefireStarter.runSuitesInProcessWhenForked(SurefireStarter.java:107)
	at org.apache.maven.surefire.booter.ForkedBooter.main(ForkedBooter.java:68)
</error>
    <system-out>updateCD
</system-out>
    <system-err>jul 20, 2013 5:23:23 PM org.glassfish.ejb.embedded.EJBContainerProviderImpl getValidFile
SEVERE: ejb.embedded.location_not_exists
jul 20, 2013 5:23:23 PM com.sun.enterprise.module.impl.HK2Factory initialize
WARNING: Singleton already initialized as com.sun.enterprise.module.impl.HK2Factory@b0345e7
jul 20, 2013 5:23:28 PM com.sun.enterprise.v3.server.AppServerStartup run
INFO: GlassFish Server Open Source Edition 3.0.1 (java_re-private) startup time : Embedded(4708ms) startup services(24ms) total(4732ms)
jul 20, 2013 5:23:28 PM com.sun.enterprise.transaction.JavaEETransactionManagerSimplified initDelegates
INFO: Using com.sun.enterprise.transaction.jts.JavaEETransactionManagerJTSDelegate as the delegate
jul 20, 2013 5:23:28 PM org.glassfish.admin.mbeanserver.JMXStartupService$JMXConnectorsStarterThread run
INFO: JMXStartupService: JMXConnector system is disabled, skipping.
jul 20, 2013 5:23:28 PM AppServerStartup run
INFO: [Thread[GlassFish Kernel Main Thread,5,main]] started
jul 20, 2013 5:25:28 PM com.sun.enterprise.security.SecurityLifecycle &lt;init&gt;
SEVERE: java_security.init_securitylifecycle_fail
java.io.FileNotFoundException: C:\Users\Eugenio\.glassfishv3-GFEJBContainerProviderImpl\config\login.conf (Access is denied)
	at java.io.FileOutputStream.open(Native Method)
	at java.io.FileOutputStream.&lt;init&gt;(FileOutputStream.java:212)
	at java.io.FileOutputStream.&lt;init&gt;(FileOutputStream.java:165)
	at com.sun.enterprise.security.common.Util.writeConfigFileToTempDir(Util.java:154)
	at com.sun.enterprise.security.SecurityLifecycle.&lt;init&gt;(SecurityLifecycle.java:141)
	at sun.reflect.NativeConstructorAccessorImpl.newInstance0(Native Method)
	at sun.reflect.NativeConstructorAccessorImpl.newInstance(NativeConstructorAccessorImpl.java:57)
	at sun.reflect.DelegatingConstructorAccessorImpl.newInstance(DelegatingConstructorAccessorImpl.java:45)
	at java.lang.reflect.Constructor.newInstance(Constructor.java:525)
	at java.lang.Class.newInstance0(Class.java:372)
	at java.lang.Class.newInstance(Class.java:325)
	at com.sun.hk2.component.ConstructorWomb.create(ConstructorWomb.java:68)
	at com.sun.hk2.component.AbstractWombImpl.get(AbstractWombImpl.java:71)
	at com.sun.hk2.component.SingletonInhabitant.get(SingletonInhabitant.java:58)
	at com.sun.hk2.component.LazyInhabitant.get(LazyInhabitant.java:107)
	at com.sun.hk2.component.AbstractInhabitantImpl.get(AbstractInhabitantImpl.java:60)
	at com.sun.enterprise.security.SecuritySniffer.setup(SecuritySniffer.java:105)
	at com.sun.enterprise.v3.server.ContainerStarter.startContainer(ContainerStarter.java:99)
	at com.sun.enterprise.v3.server.ApplicationLifecycle.setupContainer(ApplicationLifecycle.java:703)
	at com.sun.enterprise.v3.server.ApplicationLifecycle.setupContainerInfos(ApplicationLifecycle.java:451)
	at org.glassfish.javaee.full.deployment.EarDeployer.prepareBundle(EarDeployer.java:264)
	at org.glassfish.javaee.full.deployment.EarDeployer.access$200(EarDeployer.java:79)
	at org.glassfish.javaee.full.deployment.EarDeployer$1.doBundle(EarDeployer.java:131)
	at org.glassfish.javaee.full.deployment.EarDeployer$1.doBundle(EarDeployer.java:129)
	at org.glassfish.javaee.full.deployment.EarDeployer.doOnBundles(EarDeployer.java:197)
	at org.glassfish.javaee.full.deployment.EarDeployer.doOnAllTypedBundles(EarDeployer.java:206)
	at org.glassfish.javaee.full.deployment.EarDeployer.doOnAllBundles(EarDeployer.java:232)
	at org.glassfish.javaee.full.deployment.EarDeployer.prepare(EarDeployer.java:129)
	at com.sun.enterprise.v3.server.ApplicationLifecycle.prepareModule(ApplicationLifecycle.java:644)
	at com.sun.enterprise.v3.server.ApplicationLifecycle.deploy(ApplicationLifecycle.java:296)
	at org.glassfish.kernel.embedded.EmbeddedDeployerImpl.deploy(EmbeddedDeployerImpl.java:214)
	at org.glassfish.kernel.embedded.EmbeddedDeployerImpl.deploy(EmbeddedDeployerImpl.java:144)
	at org.glassfish.ejb.embedded.EJBContainerImpl.deploy(EJBContainerImpl.java:128)
	at org.glassfish.ejb.embedded.EJBContainerProviderImpl.createEJBContainer(EJBContainerProviderImpl.java:120)
	at javax.ejb.embeddable.EJBContainer.createEJBContainer(EJBContainer.java:102)
	at javax.ejb.embeddable.EJBContainer.createEJBContainer(EJBContainer.java:78)
	at org.beginningee6.book.chapter07.ex01.ItemEJB01Test.testUpdateCD(ItemEJB01Test.java:195)
	at sun.reflect.NativeMethodAccessorImpl.invoke0(Native Method)
	at sun.reflect.NativeMethodAccessorImpl.invoke(NativeMethodAccessorImpl.java:57)
	at sun.reflect.DelegatingMethodAccessorImpl.invoke(DelegatingMethodAccessorImpl.java:43)
	at java.lang.reflect.Method.invoke(Method.java:601)
	at org.junit.runners.model.FrameworkMethod$1.runReflectiveCall(FrameworkMethod.java:44)
	at org.junit.internal.runners.model.ReflectiveCallable.run(ReflectiveCallable.java:15)
	at org.junit.runners.model.FrameworkMethod.invokeExplosively(FrameworkMethod.java:41)
	at org.junit.internal.runners.statements.InvokeMethod.evaluate(InvokeMethod.java:20)
	at org.junit.internal.runners.statements.RunBefores.evaluate(RunBefores.java:28)
	at org.junit.internal.runners.statements.RunAfters.evaluate(RunAfters.java:31)
	at org.junit.runners.BlockJUnit4ClassRunner.runNotIgnored(BlockJUnit4ClassRunner.java:79)
	at org.junit.runners.BlockJUnit4ClassRunner.runChild(BlockJUnit4ClassRunner.java:71)
	at org.junit.runners.BlockJUnit4ClassRunner.runChild(BlockJUnit4ClassRunner.java:49)
	at org.junit.runners.ParentRunner$3.run(ParentRunner.java:193)
	at org.junit.runners.ParentRunner$1.schedule(ParentRunner.java:52)
	at org.junit.runners.ParentRunner.runChildren(ParentRunner.java:191)
	at org.junit.runners.ParentRunner.access$000(ParentRunner.java:42)
	at org.junit.runners.ParentRunner$2.evaluate(ParentRunner.java:184)
	at org.junit.internal.runners.statements.RunBefores.evaluate(RunBefores.java:28)
	at org.junit.internal.runners.statements.RunAfters.evaluate(RunAfters.java:31)
	at org.junit.runners.ParentRunner.run(ParentRunner.java:236)
	at org.apache.maven.surefire.junit4.JUnit4TestSet.execute(JUnit4TestSet.java:53)
	at org.apache.maven.surefire.junit4.JUnit4Provider.executeTestSet(JUnit4Provider.java:123)
	at org.apache.maven.surefire.junit4.JUnit4Provider.invoke(JUnit4Provider.java:104)
	at sun.reflect.NativeMethodAccessorImpl.invoke0(Native Method)
	at sun.reflect.NativeMethodAccessorImpl.invoke(NativeMethodAccessorImpl.java:57)
	at sun.reflect.DelegatingMethodAccessorImpl.invoke(DelegatingMethodAccessorImpl.java:43)
	at java.lang.reflect.Method.invoke(Method.java:601)
	at org.apache.maven.surefire.util.ReflectionUtils.invokeMethodWithArray(ReflectionUtils.java:164)
	at org.apache.maven.surefire.booter.ProviderFactory$ProviderProxy.invoke(ProviderFactory.java:110)
	at org.apache.maven.surefire.booter.SurefireStarter.invokeProvider(SurefireStarter.java:175)
	at org.apache.maven.surefire.booter.SurefireStarter.runSuitesInProcessWhenForked(SurefireStarter.java:107)
	at org.apache.maven.surefire.booter.ForkedBooter.main(ForkedBooter.java:68)

[...]
INFO: JMXStartupService and JMXConnectors have been shut down.
jul 20, 2013 5:37:29 PM com.sun.enterprise.v3.server.AppServerStartup stop
INFO: Shutdown procedure finished
jul 20, 2013 5:37:29 PM AppServerStartup run
INFO: [Thread[GlassFish Kernel Main Thread,5,main]] exiting
jul 20, 2013 5:37:29 PM org.glassfish.ejb.embedded.EJBContainerProviderImpl createEJBContainer
SEVERE: ejb.embedded.exception_instantiating
javax.ejb.EJBException: Failed to deploy EJB modules - see log for details
	at org.glassfish.ejb.embedded.EJBContainerImpl.deploy(EJBContainerImpl.java:135)
	at org.glassfish.ejb.embedded.EJBContainerProviderImpl.createEJBContainer(EJBContainerProviderImpl.java:120)
	at javax.ejb.embeddable.EJBContainer.createEJBContainer(EJBContainer.java:102)
	at javax.ejb.embeddable.EJBContainer.createEJBContainer(EJBContainer.java:78)
	at org.beginningee6.book.chapter07.ex01.ItemEJB01Test.testFindBookById(ItemEJB01Test.java:80)
	at sun.reflect.NativeMethodAccessorImpl.invoke0(Native Method)
	at sun.reflect.NativeMethodAccessorImpl.invoke(NativeMethodAccessorImpl.java:57)
	at sun.reflect.DelegatingMethodAccessorImpl.invoke(DelegatingMethodAccessorImpl.java:43)
	at java.lang.reflect.Method.invoke(Method.java:601)
	at org.junit.runners.model.FrameworkMethod$1.runReflectiveCall(FrameworkMethod.java:44)
	at org.junit.internal.runners.model.ReflectiveCallable.run(ReflectiveCallable.java:15)
	at org.junit.runners.model.FrameworkMethod.invokeExplosively(FrameworkMethod.java:41)
	at org.junit.internal.runners.statements.InvokeMethod.evaluate(InvokeMethod.java:20)
	at org.junit.internal.runners.statements.RunBefores.evaluate(RunBefores.java:28)
	at org.junit.internal.runners.statements.RunAfters.evaluate(RunAfters.java:31)
	at org.junit.runners.BlockJUnit4ClassRunner.runNotIgnored(BlockJUnit4ClassRunner.java:79)
	at org.junit.runners.BlockJUnit4ClassRunner.runChild(BlockJUnit4ClassRunner.java:71)
	at org.junit.runners.BlockJUnit4ClassRunner.runChild(BlockJUnit4ClassRunner.java:49)
	at org.junit.runners.ParentRunner$3.run(ParentRunner.java:193)
	at org.junit.runners.ParentRunner$1.schedule(ParentRunner.java:52)
	at org.junit.runners.ParentRunner.runChildren(ParentRunner.java:191)
	at org.junit.runners.ParentRunner.access$000(ParentRunner.java:42)
	at org.junit.runners.ParentRunner$2.evaluate(ParentRunner.java:184)
	at org.junit.internal.runners.statements.RunBefores.evaluate(RunBefores.java:28)
	at org.junit.internal.runners.statements.RunAfters.evaluate(RunAfters.java:31)
	at org.junit.runners.ParentRunner.run(ParentRunner.java:236)
	at org.apache.maven.surefire.junit4.JUnit4TestSet.execute(JUnit4TestSet.java:53)
	at org.apache.maven.surefire.junit4.JUnit4Provider.executeTestSet(JUnit4Provider.java:123)
	at org.apache.maven.surefire.junit4.JUnit4Provider.invoke(JUnit4Provider.java:104)
	at sun.reflect.NativeMethodAccessorImpl.invoke0(Native Method)
	at sun.reflect.NativeMethodAccessorImpl.invoke(NativeMethodAccessorImpl.java:57)
	at sun.reflect.DelegatingMethodAccessorImpl.invoke(DelegatingMethodAccessorImpl.java:43)
	at java.lang.reflect.Method.invoke(Method.java:601)
	at org.apache.maven.surefire.util.ReflectionUtils.invokeMethodWithArray(ReflectionUtils.java:164)
	at org.apache.maven.surefire.booter.ProviderFactory$ProviderProxy.invoke(ProviderFactory.java:110)
	at org.apache.maven.surefire.booter.SurefireStarter.invokeProvider(SurefireStarter.java:175)
	at org.apache.maven.surefire.booter.SurefireStarter.runSuitesInProcessWhenForked(SurefireStarter.java:107)
	at org.apache.maven.surefire.booter.ForkedBooter.main(ForkedBooter.java:68)

</system-err>
  </testcase>
  <testcase time="101.954" classname="org.beginningee6.book.chapter07.ex01.ItemEJB01Test" name="testFindCDById">
    <error message="No EJBContainer provider available
The following providers:
org.glassfish.ejb.embedded.EJBContainerProviderImpl
Returned null from createEJBContainer call.
" type="javax.ejb.EJBException">javax.ejb.EJBException: No EJBContainer provider available
The following providers:
org.glassfish.ejb.embedded.EJBContainerProviderImpl
Returned null from createEJBContainer call.

	at javax.ejb.embeddable.EJBContainer.reportError(EJBContainer.java:186)
	at javax.ejb.embeddable.EJBContainer.createEJBContainer(EJBContainer.java:121)
	at javax.ejb.embeddable.EJBContainer.createEJBContainer(EJBContainer.java:78)
	at org.beginningee6.book.chapter07.ex01.ItemEJB01Test.testFindCDById(ItemEJB01Test.java:97)
	at sun.reflect.NativeMethodAccessorImpl.invoke0(Native Method)
	at sun.reflect.NativeMethodAccessorImpl.invoke(NativeMethodAccessorImpl.java:57)
	at sun.reflect.DelegatingMethodAccessorImpl.invoke(DelegatingMethodAccessorImpl.java:43)
	at java.lang.reflect.Method.invoke(Method.java:601)
	at org.junit.runners.model.FrameworkMethod$1.runReflectiveCall(FrameworkMethod.java:44)
	at org.junit.internal.runners.model.ReflectiveCallable.run(ReflectiveCallable.java:15)
	at org.junit.runners.model.FrameworkMethod.invokeExplosively(FrameworkMethod.java:41)
	at org.junit.internal.runners.statements.InvokeMethod.evaluate(InvokeMethod.java:20)
	at org.junit.internal.runners.statements.RunBefores.evaluate(RunBefores.java:28)
	at org.junit.internal.runners.statements.RunAfters.evaluate(RunAfters.java:31)
	at org.junit.runners.BlockJUnit4ClassRunner.runNotIgnored(BlockJUnit4ClassRunner.java:79)
	at org.junit.runners.BlockJUnit4ClassRunner.runChild(BlockJUnit4ClassRunner.java:71)
	at org.junit.runners.BlockJUnit4ClassRunner.runChild(BlockJUnit4ClassRunner.java:49)
	at org.junit.runners.ParentRunner$3.run(ParentRunner.java:193)
	at org.junit.runners.ParentRunner$1.schedule(ParentRunner.java:52)
	at org.junit.runners.ParentRunner.runChildren(ParentRunner.java:191)
	at org.junit.runners.ParentRunner.access$000(ParentRunner.java:42)
	at org.junit.runners.ParentRunner$2.evaluate(ParentRunner.java:184)
	at org.junit.internal.runners.statements.RunBefores.evaluate(RunBefores.java:28)
	at org.junit.internal.runners.statements.RunAfters.evaluate(RunAfters.java:31)
	at org.junit.runners.ParentRunner.run(ParentRunner.java:236)
	at org.apache.maven.surefire.junit4.JUnit4TestSet.execute(JUnit4TestSet.java:53)
	at org.apache.maven.surefire.junit4.JUnit4Provider.executeTestSet(JUnit4Provider.java:123)
	at org.apache.maven.surefire.junit4.JUnit4Provider.invoke(JUnit4Provider.java:104)
	at sun.reflect.NativeMethodAccessorImpl.invoke0(Native Method)
	at sun.reflect.NativeMethodAccessorImpl.invoke(NativeMethodAccessorImpl.java:57)
	at sun.reflect.DelegatingMethodAccessorImpl.invoke(DelegatingMethodAccessorImpl.java:43)
	at java.lang.reflect.Method.invoke(Method.java:601)
	at org.apache.maven.surefire.util.ReflectionUtils.invokeMethodWithArray(ReflectionUtils.java:164)
	at org.apache.maven.surefire.booter.ProviderFactory$ProviderProxy.invoke(ProviderFactory.java:110)
	at org.apache.maven.surefire.booter.SurefireStarter.invokeProvider(SurefireStarter.java:175)
	at org.apache.maven.surefire.booter.SurefireStarter.runSuitesInProcessWhenForked(SurefireStarter.java:107)
	at org.apache.maven.surefire.booter.ForkedBooter.main(ForkedBooter.java:68)
</error>
    <system-out>findCDById
</system-out>
    <system-err>jul 20, 2013 5:37:29 PM org.glassfish.ejb.embedded.EJBContainerProviderImpl getValidFile
SEVERE: ejb.embedded.location_not_exists
jul 20, 2013 5:37:30 PM com.sun.enterprise.module.impl.HK2Factory initialize
WARNING: Singleton already initialized as com.sun.enterprise.module.impl.HK2Factory@3c9a1023
jul 20, 2013 5:37:30 PM com.sun.enterprise.v3.server.AppServerStartup run
INFO: GlassFish Server Open Source Edition 3.0.1 (java_re-private) startup time : Embedded(28ms) startup services(20ms) total(48ms)
jul 20, 2013 5:37:30 PM com.sun.enterprise.transaction.JavaEETransactionManagerSimplified initDelegates
INFO: Using com.sun.enterprise.transaction.jts.JavaEETransactionManagerJTSDelegate as the delegate
jul 20, 2013 5:37:30 PM org.glassfish.admin.mbeanserver.JMXStartupService$JMXConnectorsStarterThread run
INFO: JMXStartupService: JMXConnector system is disabled, skipping.
jul 20, 2013 5:37:30 PM AppServerStartup run
INFO: [Thread[GlassFish Kernel Main Thread,5,main]] started
jul 20, 2013 5:39:11 PM com.sun.enterprise.deployment.io.DeploymentDescriptorFile read
SEVERE: enterprise.deployment.backend.saxParserError
jul 20, 2013 5:39:11 PM org.glassfish.api.ActionReport failure
SEVERE: Exception while deploying the app
java.io.IOException: Unable to locate the DTD to validate your deployment descriptor file [META-INF/sun-ejb-jar.xml] in archive [glassfish-embedded-all-3_0_1-b20_jar]. Please make sure the DOCTYPE is correct (no typo in public ID or system ID) and you have proper access to the Internet.
	at com.sun.enterprise.deployment.io.DeploymentDescriptorFile.read(DeploymentDescriptorFile.java:335)
	at com.sun.enterprise.deployment.archivist.Archivist.readRuntimeDeploymentDescriptor(Archivist.java:662)
	at com.sun.enterprise.deployment.archivist.ApplicationArchivist.readRuntimeDeploymentDescriptor(ApplicationArchivist.java:703)
	at com.sun.enterprise.deployment.archivist.ApplicationArchivist.openWith(ApplicationArchivist.java:249)
	at com.sun.enterprise.deployment.archivist.ApplicationFactory.openWith(ApplicationFactory.java:222)
	at org.glassfish.javaee.core.deployment.DolProvider.load(DolProvider.java:152)
	at org.glassfish.javaee.core.deployment.DolProvider.load(DolProvider.java:79)
	at com.sun.enterprise.v3.server.ApplicationLifecycle.loadDeployer(ApplicationLifecycle.java:612)
	at com.sun.enterprise.v3.server.ApplicationLifecycle.setupContainerInfos(ApplicationLifecycle.java:554)
	at com.sun.enterprise.v3.server.ApplicationLifecycle.deploy(ApplicationLifecycle.java:262)
	at org.glassfish.kernel.embedded.EmbeddedDeployerImpl.deploy(EmbeddedDeployerImpl.java:214)
	at org.glassfish.kernel.embedded.EmbeddedDeployerImpl.deploy(EmbeddedDeployerImpl.java:144)
	at org.glassfish.ejb.embedded.EJBContainerImpl.deploy(EJBContainerImpl.java:128)
	at org.glassfish.ejb.embedded.EJBContainerProviderImpl.createEJBContainer(EJBContainerProviderImpl.java:120)
	at javax.ejb.embeddable.EJBContainer.createEJBContainer(EJBContainer.java:102)
	at javax.ejb.embeddable.EJBContainer.createEJBContainer(EJBContainer.java:78)
	at org.beginningee6.book.chapter07.ex01.ItemEJB01Test.testFindCDById(ItemEJB01Test.java:97)
	at sun.reflect.NativeMethodAccessorImpl.invoke0(Native Method)
	at sun.reflect.NativeMethodAccessorImpl.invoke(NativeMethodAccessorImpl.java:57)
	at sun.reflect.DelegatingMethodAccessorImpl.invoke(DelegatingMethodAccessorImpl.java:43)
	at java.lang.reflect.Method.invoke(Method.java:601)
	at org.junit.runners.model.FrameworkMethod$1.runReflectiveCall(FrameworkMethod.java:44)
	at org.junit.internal.runners.model.ReflectiveCallable.run(ReflectiveCallable.java:15)
	at org.junit.runners.model.FrameworkMethod.invokeExplosively(FrameworkMethod.java:41)
	at org.junit.internal.runners.statements.InvokeMethod.evaluate(InvokeMethod.java:20)
	at org.junit.internal.runners.statements.RunBefores.evaluate(RunBefores.java:28)
	at org.junit.internal.runners.statements.RunAfters.evaluate(RunAfters.java:31)
	at org.junit.runners.BlockJUnit4ClassRunner.runNotIgnored(BlockJUnit4ClassRunner.java:79)
	at org.junit.runners.BlockJUnit4ClassRunner.runChild(BlockJUnit4ClassRunner.java:71)
	at org.junit.runners.BlockJUnit4ClassRunner.runChild(BlockJUnit4ClassRunner.java:49)
	at org.junit.runners.ParentRunner$3.run(ParentRunner.java:193)
	at org.junit.runners.ParentRunner$1.schedule(ParentRunner.java:52)
	at org.junit.runners.ParentRunner.runChildren(ParentRunner.java:191)
	at org.junit.runners.ParentRunner.access$000(ParentRunner.java:42)
	at org.junit.runners.ParentRunner$2.evaluate(ParentRunner.java:184)
	at org.junit.internal.runners.statements.RunBefores.evaluate(RunBefores.java:28)
	at org.junit.internal.runners.statements.RunAfters.evaluate(RunAfters.java:31)
	at org.junit.runners.ParentRunner.run(ParentRunner.java:236)
	at org.apache.maven.surefire.junit4.JUnit4TestSet.execute(JUnit4TestSet.java:53)
	at org.apache.maven.surefire.junit4.JUnit4Provider.executeTestSet(JUnit4Provider.java:123)
	at org.apache.maven.surefire.junit4.JUnit4Provider.invoke(JUnit4Provider.java:104)
	at sun.reflect.NativeMethodAccessorImpl.invoke0(Native Method)
	at sun.reflect.NativeMethodAccessorImpl.invoke(NativeMethodAccessorImpl.java:57)
	at sun.reflect.DelegatingMethodAccessorImpl.invoke(DelegatingMethodAccessorImpl.java:43)
	at java.lang.reflect.Method.invoke(Method.java:601)
	at org.apache.maven.surefire.util.ReflectionUtils.invokeMethodWithArray(ReflectionUtils.java:164)
	at org.apache.maven.surefire.booter.ProviderFactory$ProviderProxy.invoke(ProviderFactory.java:110)
	at org.apache.maven.surefire.booter.SurefireStarter.invokeProvider(SurefireStarter.java:175)
	at org.apache.maven.surefire.booter.SurefireStarter.runSuitesInProcessWhenForked(SurefireStarter.java:107)
	at org.apache.maven.surefire.booter.ForkedBooter.main(ForkedBooter.java:68)
Caused by: java.net.UnknownHostException: www.sun.com
	at java.net.AbstractPlainSocketImpl.connect(AbstractPlainSocketImpl.java:178)
	at java.net.PlainSocketImpl.connect(PlainSocketImpl.java:157)
	at java.net.SocksSocketImpl.connect(SocksSocketImpl.java:391)
	at java.net.Socket.connect(Socket.java:579)
	at java.net.Socket.connect(Socket.java:528)
	at sun.net.NetworkClient.doConnect(NetworkClient.java:180)
	at sun.net.www.http.HttpClient.openServer(HttpClient.java:378)
	at sun.net.www.http.HttpClient.openServer(HttpClient.java:473)
	at sun.net.www.http.HttpClient.&lt;init&gt;(HttpClient.java:203)
	at sun.net.www.http.HttpClient.New(HttpClient.java:290)
	at sun.net.www.http.HttpClient.New(HttpClient.java:306)
	at sun.net.www.protocol.http.HttpURLConnection.getNewHttpClient(HttpURLConnection.java:995)
	at sun.net.www.protocol.http.HttpURLConnection.plainConnect(HttpURLConnection.java:931)
	at sun.net.www.protocol.http.HttpURLConnection.connect(HttpURLConnection.java:849)
	at sun.net.www.protocol.http.HttpURLConnection.getInputStream(HttpURLConnection.java:1299)
	at com.sun.org.apache.xerces.internal.impl.XMLEntityManager.setupCurrentEntity(XMLEntityManager.java:632)
	at com.sun.org.apache.xerces.internal.impl.XMLEntityManager.startEntity(XMLEntityManager.java:1270)
	at com.sun.org.apache.xerces.internal.impl.XMLEntityManager.startDTDEntity(XMLEntityManager.java:1237)
	at com.sun.org.apache.xerces.internal.impl.XMLDTDScannerImpl.setInputSource(XMLDTDScannerImpl.java:260)
	at com.sun.org.apache.xerces.internal.impl.XMLDocumentScannerImpl$DTDDriver.dispatch(XMLDocumentScannerImpl.java:1153)
	at com.sun.org.apache.xerces.internal.impl.XMLDocumentScannerImpl$DTDDriver.next(XMLDocumentScannerImpl.java:1049)
	at com.sun.org.apache.xerces.internal.impl.XMLDocumentScannerImpl$PrologDriver.next(XMLDocumentScannerImpl.java:962)
	at com.sun.org.apache.xerces.internal.impl.XMLDocumentScannerImpl.next(XMLDocumentScannerImpl.java:607)
	at com.sun.org.apache.xerces.internal.impl.XMLNSDocumentScannerImpl.next(XMLNSDocumentScannerImpl.java:116)
	at com.sun.org.apache.xerces.internal.impl.XMLDocumentFragmentScannerImpl.scanDocument(XMLDocumentFragmentScannerImpl.java:489)
	at com.sun.org.apache.xerces.internal.parsers.XML11Configuration.parse(XML11Configuration.java:835)
	at com.sun.org.apache.xerces.internal.parsers.XML11Configuration.parse(XML11Configuration.java:764)
	at com.sun.org.apache.xerces.internal.parsers.XMLParser.parse(XMLParser.java:123)
	at com.sun.org.apache.xerces.internal.parsers.AbstractSAXParser.parse(AbstractSAXParser.java:1210)
	at com.sun.org.apache.xerces.internal.jaxp.SAXParserImpl$JAXPSAXParser.parse(SAXParserImpl.java:568)
	at com.sun.org.apache.xerces.internal.jaxp.SAXParserImpl.parse(SAXParserImpl.java:302)
	at com.sun.enterprise.deployment.io.DeploymentDescriptorFile.read(DeploymentDescriptorFile.java:298)
	... 49 more

jul 20, 2013 5:39:11 PM org.glassfish.ejb.embedded.EJBContainerProviderImpl createEJBContainer
INFO: [EJBContainerProviderImpl] Cleaning up on failure ...
jul 20, 2013 5:39:11 PM org.glassfish.admin.mbeanserver.JMXStartupService shutdown
INFO: JMXStartupService and JMXConnectors have been shut down.
jul 20, 2013 5:39:11 PM com.sun.enterprise.v3.server.AppServerStartup stop
INFO: Shutdown procedure finished
jul 20, 2013 5:39:11 PM AppServerStartup run
INFO: [Thread[GlassFish Kernel Main Thread,5,main]] exiting
jul 20, 2013 5:39:11 PM org.glassfish.ejb.embedded.EJBContainerProviderImpl createEJBContainer
SEVERE: ejb.embedded.exception_instantiating
javax.ejb.EJBException: Failed to deploy EJB modules - see log for details
	at org.glassfish.ejb.embedded.EJBContainerImpl.deploy(EJBContainerImpl.java:135)
	at org.glassfish.ejb.embedded.EJBContainerProviderImpl.createEJBContainer(EJBContainerProviderImpl.java:120)
	at javax.ejb.embeddable.EJBContainer.createEJBContainer(EJBContainer.java:102)
	at javax.ejb.embeddable.EJBContainer.createEJBContainer(EJBContainer.java:78)
	at org.beginningee6.book.chapter07.ex01.ItemEJB01Test.testFindCDById(ItemEJB01Test.java:97)
	at sun.reflect.NativeMethodAccessorImpl.invoke0(Native Method)
	at sun.reflect.NativeMethodAccessorImpl.invoke(NativeMethodAccessorImpl.java:57)
	at sun.reflect.DelegatingMethodAccessorImpl.invoke(DelegatingMethodAccessorImpl.java:43)
	at java.lang.reflect.Method.invoke(Method.java:601)
	at org.junit.runners.model.FrameworkMethod$1.runReflectiveCall(FrameworkMethod.java:44)
	at org.junit.internal.runners.model.ReflectiveCallable.run(ReflectiveCallable.java:15)
	at org.junit.runners.model.FrameworkMethod.invokeExplosively(FrameworkMethod.java:41)
	at org.junit.internal.runners.statements.InvokeMethod.evaluate(InvokeMethod.java:20)
	at org.junit.internal.runners.statements.RunBefores.evaluate(RunBefores.java:28)
	at org.junit.internal.runners.statements.RunAfters.evaluate(RunAfters.java:31)
	at org.junit.runners.BlockJUnit4ClassRunner.runNotIgnored(BlockJUnit4ClassRunner.java:79)
	at org.junit.runners.BlockJUnit4ClassRunner.runChild(BlockJUnit4ClassRunner.java:71)
	at org.junit.runners.BlockJUnit4ClassRunner.runChild(BlockJUnit4ClassRunner.java:49)
	at org.junit.runners.ParentRunner$3.run(ParentRunner.java:193)
	at org.junit.runners.ParentRunner$1.schedule(ParentRunner.java:52)
	at org.junit.runners.ParentRunner.runChildren(ParentRunner.java:191)
	at org.junit.runners.ParentRunner.access$000(ParentRunner.java:42)
	at org.junit.runners.ParentRunner$2.evaluate(ParentRunner.java:184)
	at org.junit.internal.runners.statements.RunBefores.evaluate(RunBefores.java:28)
	at org.junit.internal.runners.statements.RunAfters.evaluate(RunAfters.java:31)
	at org.junit.runners.ParentRunner.run(ParentRunner.java:236)
	at org.apache.maven.surefire.junit4.JUnit4TestSet.execute(JUnit4TestSet.java:53)
	at org.apache.maven.surefire.junit4.JUnit4Provider.executeTestSet(JUnit4Provider.java:123)
	at org.apache.maven.surefire.junit4.JUnit4Provider.invoke(JUnit4Provider.java:104)
	at sun.reflect.NativeMethodAccessorImpl.invoke0(Native Method)
	at sun.reflect.NativeMethodAccessorImpl.invoke(NativeMethodAccessorImpl.java:57)
	at sun.reflect.DelegatingMethodAccessorImpl.invoke(DelegatingMethodAccessorImpl.java:43)
	at java.lang.reflect.Method.invoke(Method.java:601)
	at org.apache.maven.surefire.util.ReflectionUtils.invokeMethodWithArray(ReflectionUtils.java:164)
	at org.apache.maven.surefire.booter.ProviderFactory$ProviderProxy.invoke(ProviderFactory.java:110)
	at org.apache.maven.surefire.booter.SurefireStarter.invokeProvider(SurefireStarter.java:175)
	at org.apache.maven.surefire.booter.SurefireStarter.runSuitesInProcessWhenForked(SurefireStarter.java:107)
	at org.apache.maven.surefire.booter.ForkedBooter.main(ForkedBooter.java:68)

</system-err>
  </testcase>
</testsuite>